[8/19/2023, 1:26:11 PM] error: uncaughtException: Please install mysql2 package manually
Error: Please install mysql2 package manually
    at ConnectionManager._loadDialectModule (D:\NodeJs-JitendraProject\node_modules\sequelize\lib\dialects\abstract\connection-manager.js:55:15)
    at new ConnectionManager (D:\NodeJs-JitendraProject\node_modules\sequelize\lib\dialects\mysql\connection-manager.js:30:21)
    at new MysqlDialect (D:\NodeJs-JitendraProject\node_modules\sequelize\lib\dialects\mysql\index.js:13:30)
    at new Sequelize (D:\NodeJs-JitendraProject\node_modules\sequelize\lib\sequelize.js:194:20)
    at Object.<anonymous> (D:\NodeJs-JitendraProject\helpers\authentication\init-mysql.js:5:16)
    at Module._compile (node:internal/modules/cjs/loader:1275:14)
    at Module._extensions..js (node:internal/modules/cjs/loader:1329:10)
    at Module.load (node:internal/modules/cjs/loader:1133:32)
    at Module._load (node:internal/modules/cjs/loader:972:12)
    at Module.require (node:internal/modules/cjs/loader:1157:19)
[8/19/2023, 1:26:58 PM] error: uncaughtException: Cannot find module '../models/userModel'
Require stack:
- D:\NodeJs-JitendraProject\helpers\authentication\sendResetPasswordEmail.js
- D:\NodeJs-JitendraProject\controller\userController.js
- D:\NodeJs-JitendraProject\routes\indexRoute.js
- D:\NodeJs-JitendraProject\app.js
Error: Cannot find module '../models/userModel'
Require stack:
- D:\NodeJs-JitendraProject\helpers\authentication\sendResetPasswordEmail.js
- D:\NodeJs-JitendraProject\controller\userController.js
- D:\NodeJs-JitendraProject\routes\indexRoute.js
- D:\NodeJs-JitendraProject\app.js
    at Module._resolveFilename (node:internal/modules/cjs/loader:1090:15)
    at Module._load (node:internal/modules/cjs/loader:934:27)
    at Module.require (node:internal/modules/cjs/loader:1157:19)
    at require (node:internal/modules/helpers:119:18)
    at Object.<anonymous> (D:\NodeJs-JitendraProject\helpers\authentication\sendResetPasswordEmail.js:3:14)
    at Module._compile (node:internal/modules/cjs/loader:1275:14)
    at Module._extensions..js (node:internal/modules/cjs/loader:1329:10)
    at Module.load (node:internal/modules/cjs/loader:1133:32)
    at Module._load (node:internal/modules/cjs/loader:972:12)
    at Module.require (node:internal/modules/cjs/loader:1157:19)
[8/19/2023, 1:27:51 PM] error: uncaughtException: Cannot find module '../models/userModel'
Require stack:
- D:\NodeJs-JitendraProject\helpers\authentication\sendResetPasswordEmail.js
- D:\NodeJs-JitendraProject\controller\userController.js
- D:\NodeJs-JitendraProject\routes\indexRoute.js
- D:\NodeJs-JitendraProject\app.js
Error: Cannot find module '../models/userModel'
Require stack:
- D:\NodeJs-JitendraProject\helpers\authentication\sendResetPasswordEmail.js
- D:\NodeJs-JitendraProject\controller\userController.js
- D:\NodeJs-JitendraProject\routes\indexRoute.js
- D:\NodeJs-JitendraProject\app.js
    at Module._resolveFilename (node:internal/modules/cjs/loader:1090:15)
    at Module._load (node:internal/modules/cjs/loader:934:27)
    at Module.require (node:internal/modules/cjs/loader:1157:19)
    at require (node:internal/modules/helpers:119:18)
    at Object.<anonymous> (D:\NodeJs-JitendraProject\helpers\authentication\sendResetPasswordEmail.js:3:14)
    at Module._compile (node:internal/modules/cjs/loader:1275:14)
    at Module._extensions..js (node:internal/modules/cjs/loader:1329:10)
    at Module.load (node:internal/modules/cjs/loader:1133:32)
    at Module._load (node:internal/modules/cjs/loader:972:12)
    at Module.require (node:internal/modules/cjs/loader:1157:19)
[8/19/2023, 1:27:53 PM] error: uncaughtException: Cannot find module '../models/userModel'
Require stack:
- D:\NodeJs-JitendraProject\helpers\authentication\sendResetPasswordEmail.js
- D:\NodeJs-JitendraProject\controller\userController.js
- D:\NodeJs-JitendraProject\routes\indexRoute.js
- D:\NodeJs-JitendraProject\app.js
Error: Cannot find module '../models/userModel'
Require stack:
- D:\NodeJs-JitendraProject\helpers\authentication\sendResetPasswordEmail.js
- D:\NodeJs-JitendraProject\controller\userController.js
- D:\NodeJs-JitendraProject\routes\indexRoute.js
- D:\NodeJs-JitendraProject\app.js
    at Module._resolveFilename (node:internal/modules/cjs/loader:1090:15)
    at Module._load (node:internal/modules/cjs/loader:934:27)
    at Module.require (node:internal/modules/cjs/loader:1157:19)
    at require (node:internal/modules/helpers:119:18)
    at Object.<anonymous> (D:\NodeJs-JitendraProject\helpers\authentication\sendResetPasswordEmail.js:3:14)
    at Module._compile (node:internal/modules/cjs/loader:1275:14)
    at Module._extensions..js (node:internal/modules/cjs/loader:1329:10)
    at Module.load (node:internal/modules/cjs/loader:1133:32)
    at Module._load (node:internal/modules/cjs/loader:972:12)
    at Module.require (node:internal/modules/cjs/loader:1157:19)
[8/19/2023, 1:28:06 PM] error: uncaughtException: Cannot find module '../models/userModel'
Require stack:
- D:\NodeJs-JitendraProject\helpers\authentication\sendResetPasswordEmail.js
- D:\NodeJs-JitendraProject\controller\userController.js
- D:\NodeJs-JitendraProject\routes\indexRoute.js
- D:\NodeJs-JitendraProject\app.js
Error: Cannot find module '../models/userModel'
Require stack:
- D:\NodeJs-JitendraProject\helpers\authentication\sendResetPasswordEmail.js
- D:\NodeJs-JitendraProject\controller\userController.js
- D:\NodeJs-JitendraProject\routes\indexRoute.js
- D:\NodeJs-JitendraProject\app.js
    at Module._resolveFilename (node:internal/modules/cjs/loader:1090:15)
    at Module._load (node:internal/modules/cjs/loader:934:27)
    at Module.require (node:internal/modules/cjs/loader:1157:19)
    at require (node:internal/modules/helpers:119:18)
    at Object.<anonymous> (D:\NodeJs-JitendraProject\helpers\authentication\sendResetPasswordEmail.js:3:14)
    at Module._compile (node:internal/modules/cjs/loader:1275:14)
    at Module._extensions..js (node:internal/modules/cjs/loader:1329:10)
    at Module.load (node:internal/modules/cjs/loader:1133:32)
    at Module._load (node:internal/modules/cjs/loader:972:12)
    at Module.require (node:internal/modules/cjs/loader:1157:19)
[8/19/2023, 1:28:28 PM] error: uncaughtException: Cannot find module '../models/userModel'
Require stack:
- D:\NodeJs-JitendraProject\helpers\authentication\sendResetPasswordEmail.js
- D:\NodeJs-JitendraProject\controller\userController.js
- D:\NodeJs-JitendraProject\routes\indexRoute.js
- D:\NodeJs-JitendraProject\app.js
Error: Cannot find module '../models/userModel'
Require stack:
- D:\NodeJs-JitendraProject\helpers\authentication\sendResetPasswordEmail.js
- D:\NodeJs-JitendraProject\controller\userController.js
- D:\NodeJs-JitendraProject\routes\indexRoute.js
- D:\NodeJs-JitendraProject\app.js
    at Module._resolveFilename (node:internal/modules/cjs/loader:1090:15)
    at Module._load (node:internal/modules/cjs/loader:934:27)
    at Module.require (node:internal/modules/cjs/loader:1157:19)
    at require (node:internal/modules/helpers:119:18)
    at Object.<anonymous> (D:\NodeJs-JitendraProject\helpers\authentication\sendResetPasswordEmail.js:3:14)
    at Module._compile (node:internal/modules/cjs/loader:1275:14)
    at Module._extensions..js (node:internal/modules/cjs/loader:1329:10)
    at Module.load (node:internal/modules/cjs/loader:1133:32)
    at Module._load (node:internal/modules/cjs/loader:972:12)
    at Module.require (node:internal/modules/cjs/loader:1157:19)
[8/19/2023, 1:28:39 PM] error: uncaughtException: Cannot find module '../models/userModel'
Require stack:
- D:\NodeJs-JitendraProject\helpers\authentication\sendResetPasswordEmail.js
- D:\NodeJs-JitendraProject\controller\userController.js
- D:\NodeJs-JitendraProject\routes\indexRoute.js
- D:\NodeJs-JitendraProject\app.js
Error: Cannot find module '../models/userModel'
Require stack:
- D:\NodeJs-JitendraProject\helpers\authentication\sendResetPasswordEmail.js
- D:\NodeJs-JitendraProject\controller\userController.js
- D:\NodeJs-JitendraProject\routes\indexRoute.js
- D:\NodeJs-JitendraProject\app.js
    at Module._resolveFilename (node:internal/modules/cjs/loader:1090:15)
    at Module._load (node:internal/modules/cjs/loader:934:27)
    at Module.require (node:internal/modules/cjs/loader:1157:19)
    at require (node:internal/modules/helpers:119:18)
    at Object.<anonymous> (D:\NodeJs-JitendraProject\helpers\authentication\sendResetPasswordEmail.js:3:14)
    at Module._compile (node:internal/modules/cjs/loader:1275:14)
    at Module._extensions..js (node:internal/modules/cjs/loader:1329:10)
    at Module.load (node:internal/modules/cjs/loader:1133:32)
    at Module._load (node:internal/modules/cjs/loader:972:12)
    at Module.require (node:internal/modules/cjs/loader:1157:19)
[8/19/2023, 1:28:41 PM] error: uncaughtException: Cannot find module '/init-gmail'
Require stack:
- D:\NodeJs-JitendraProject\helpers\authentication\getInTouchMail.js
- D:\NodeJs-JitendraProject\controller\getInTouchController.js
- D:\NodeJs-JitendraProject\routes\indexRoute.js
- D:\NodeJs-JitendraProject\app.js
Error: Cannot find module '/init-gmail'
Require stack:
- D:\NodeJs-JitendraProject\helpers\authentication\getInTouchMail.js
- D:\NodeJs-JitendraProject\controller\getInTouchController.js
- D:\NodeJs-JitendraProject\routes\indexRoute.js
- D:\NodeJs-JitendraProject\app.js
    at Module._resolveFilename (node:internal/modules/cjs/loader:1090:15)
    at Module._load (node:internal/modules/cjs/loader:934:27)
    at Module.require (node:internal/modules/cjs/loader:1157:19)
    at require (node:internal/modules/helpers:119:18)
    at Object.<anonymous> (D:\NodeJs-JitendraProject\helpers\authentication\getInTouchMail.js:2:20)
    at Module._compile (node:internal/modules/cjs/loader:1275:14)
    at Module._extensions..js (node:internal/modules/cjs/loader:1329:10)
    at Module.load (node:internal/modules/cjs/loader:1133:32)
    at Module._load (node:internal/modules/cjs/loader:972:12)
    at Module.require (node:internal/modules/cjs/loader:1157:19)
[8/19/2023, 1:28:56 PM] error: uncaughtException: Cannot find module './'
Require stack:
- D:\NodeJs-JitendraProject\helpers\authentication\getInTouchMail.js
- D:\NodeJs-JitendraProject\controller\getInTouchController.js
- D:\NodeJs-JitendraProject\routes\indexRoute.js
- D:\NodeJs-JitendraProject\app.js
Error: Cannot find module './'
Require stack:
- D:\NodeJs-JitendraProject\helpers\authentication\getInTouchMail.js
- D:\NodeJs-JitendraProject\controller\getInTouchController.js
- D:\NodeJs-JitendraProject\routes\indexRoute.js
- D:\NodeJs-JitendraProject\app.js
    at Module._resolveFilename (node:internal/modules/cjs/loader:1090:15)
    at Module._load (node:internal/modules/cjs/loader:934:27)
    at Module.require (node:internal/modules/cjs/loader:1157:19)
    at require (node:internal/modules/helpers:119:18)
    at Object.<anonymous> (D:\NodeJs-JitendraProject\helpers\authentication\getInTouchMail.js:2:20)
    at Module._compile (node:internal/modules/cjs/loader:1275:14)
    at Module._extensions..js (node:internal/modules/cjs/loader:1329:10)
    at Module.load (node:internal/modules/cjs/loader:1133:32)
    at Module._load (node:internal/modules/cjs/loader:972:12)
    at Module.require (node:internal/modules/cjs/loader:1157:19)
[8/19/2023, 1:29:04 PM] error: uncaughtException: Cannot find module '../models/userModel'
Require stack:
- D:\NodeJs-JitendraProject\helpers\authentication\sendResetPasswordEmail.js
- D:\NodeJs-JitendraProject\controller\userController.js
- D:\NodeJs-JitendraProject\routes\indexRoute.js
- D:\NodeJs-JitendraProject\app.js
Error: Cannot find module '../models/userModel'
Require stack:
- D:\NodeJs-JitendraProject\helpers\authentication\sendResetPasswordEmail.js
- D:\NodeJs-JitendraProject\controller\userController.js
- D:\NodeJs-JitendraProject\routes\indexRoute.js
- D:\NodeJs-JitendraProject\app.js
    at Module._resolveFilename (node:internal/modules/cjs/loader:1090:15)
    at Module._load (node:internal/modules/cjs/loader:934:27)
    at Module.require (node:internal/modules/cjs/loader:1157:19)
    at require (node:internal/modules/helpers:119:18)
    at Object.<anonymous> (D:\NodeJs-JitendraProject\helpers\authentication\sendResetPasswordEmail.js:3:14)
    at Module._compile (node:internal/modules/cjs/loader:1275:14)
    at Module._extensions..js (node:internal/modules/cjs/loader:1329:10)
    at Module.load (node:internal/modules/cjs/loader:1133:32)
    at Module._load (node:internal/modules/cjs/loader:972:12)
    at Module.require (node:internal/modules/cjs/loader:1157:19)
[8/19/2023, 1:29:08 PM] error: uncaughtException: Cannot find module '../models/userModel'
Require stack:
- D:\NodeJs-JitendraProject\helpers\authentication\sendResetPasswordEmail.js
- D:\NodeJs-JitendraProject\controller\userController.js
- D:\NodeJs-JitendraProject\routes\indexRoute.js
- D:\NodeJs-JitendraProject\app.js
Error: Cannot find module '../models/userModel'
Require stack:
- D:\NodeJs-JitendraProject\helpers\authentication\sendResetPasswordEmail.js
- D:\NodeJs-JitendraProject\controller\userController.js
- D:\NodeJs-JitendraProject\routes\indexRoute.js
- D:\NodeJs-JitendraProject\app.js
    at Module._resolveFilename (node:internal/modules/cjs/loader:1090:15)
    at Module._load (node:internal/modules/cjs/loader:934:27)
    at Module.require (node:internal/modules/cjs/loader:1157:19)
    at require (node:internal/modules/helpers:119:18)
    at Object.<anonymous> (D:\NodeJs-JitendraProject\helpers\authentication\sendResetPasswordEmail.js:3:14)
    at Module._compile (node:internal/modules/cjs/loader:1275:14)
    at Module._extensions..js (node:internal/modules/cjs/loader:1329:10)
    at Module.load (node:internal/modules/cjs/loader:1133:32)
    at Module._load (node:internal/modules/cjs/loader:972:12)
    at Module.require (node:internal/modules/cjs/loader:1157:19)
[8/19/2023, 1:29:39 PM] error: uncaughtException: Cannot find module '../models/userModel'
Require stack:
- D:\NodeJs-JitendraProject\helpers\authentication\sendResetPasswordEmail.js
- D:\NodeJs-JitendraProject\controller\userController.js
- D:\NodeJs-JitendraProject\routes\indexRoute.js
- D:\NodeJs-JitendraProject\app.js
Error: Cannot find module '../models/userModel'
Require stack:
- D:\NodeJs-JitendraProject\helpers\authentication\sendResetPasswordEmail.js
- D:\NodeJs-JitendraProject\controller\userController.js
- D:\NodeJs-JitendraProject\routes\indexRoute.js
- D:\NodeJs-JitendraProject\app.js
    at Module._resolveFilename (node:internal/modules/cjs/loader:1090:15)
    at Module._load (node:internal/modules/cjs/loader:934:27)
    at Module.require (node:internal/modules/cjs/loader:1157:19)
    at require (node:internal/modules/helpers:119:18)
    at Object.<anonymous> (D:\NodeJs-JitendraProject\helpers\authentication\sendResetPasswordEmail.js:3:14)
    at Module._compile (node:internal/modules/cjs/loader:1275:14)
    at Module._extensions..js (node:internal/modules/cjs/loader:1329:10)
    at Module.load (node:internal/modules/cjs/loader:1133:32)
    at Module._load (node:internal/modules/cjs/loader:972:12)
    at Module.require (node:internal/modules/cjs/loader:1157:19)
[8/19/2023, 1:29:45 PM] error: uncaughtException: Cannot find module '../models/userModel'
Require stack:
- D:\NodeJs-JitendraProject\helpers\authentication\sendResetPasswordEmail.js
- D:\NodeJs-JitendraProject\controller\userController.js
- D:\NodeJs-JitendraProject\routes\indexRoute.js
- D:\NodeJs-JitendraProject\app.js
Error: Cannot find module '../models/userModel'
Require stack:
- D:\NodeJs-JitendraProject\helpers\authentication\sendResetPasswordEmail.js
- D:\NodeJs-JitendraProject\controller\userController.js
- D:\NodeJs-JitendraProject\routes\indexRoute.js
- D:\NodeJs-JitendraProject\app.js
    at Module._resolveFilename (node:internal/modules/cjs/loader:1090:15)
    at Module._load (node:internal/modules/cjs/loader:934:27)
    at Module.require (node:internal/modules/cjs/loader:1157:19)
    at require (node:internal/modules/helpers:119:18)
    at Object.<anonymous> (D:\NodeJs-JitendraProject\helpers\authentication\sendResetPasswordEmail.js:3:14)
    at Module._compile (node:internal/modules/cjs/loader:1275:14)
    at Module._extensions..js (node:internal/modules/cjs/loader:1329:10)
    at Module.load (node:internal/modules/cjs/loader:1133:32)
    at Module._load (node:internal/modules/cjs/loader:972:12)
    at Module.require (node:internal/modules/cjs/loader:1157:19)
[8/19/2023, 1:32:53 PM] error: uncaughtException: Cannot find module '../config/host-config'
Require stack:
- D:\NodeJs-JitendraProject\helpers\authentication\sendResetPasswordEmail.js
- D:\NodeJs-JitendraProject\controller\userController.js
- D:\NodeJs-JitendraProject\routes\indexRoute.js
- D:\NodeJs-JitendraProject\app.js
Error: Cannot find module '../config/host-config'
Require stack:
- D:\NodeJs-JitendraProject\helpers\authentication\sendResetPasswordEmail.js
- D:\NodeJs-JitendraProject\controller\userController.js
- D:\NodeJs-JitendraProject\routes\indexRoute.js
- D:\NodeJs-JitendraProject\app.js
    at Module._resolveFilename (node:internal/modules/cjs/loader:1090:15)
    at Module._load (node:internal/modules/cjs/loader:934:27)
    at Module.require (node:internal/modules/cjs/loader:1157:19)
    at require (node:internal/modules/helpers:119:18)
    at Object.<anonymous> (D:\NodeJs-JitendraProject\helpers\authentication\sendResetPasswordEmail.js:5:14)
    at Module._compile (node:internal/modules/cjs/loader:1275:14)
    at Module._extensions..js (node:internal/modules/cjs/loader:1329:10)
    at Module.load (node:internal/modules/cjs/loader:1133:32)
    at Module._load (node:internal/modules/cjs/loader:972:12)
    at Module.require (node:internal/modules/cjs/loader:1157:19)
[8/19/2023, 1:33:17 PM] info: Connection to DB established successfully.
[8/19/2023, 1:33:25 PM] info: Connection to DB established successfully.
[8/19/2023, 1:34:21 PM] info: Connection to DB established successfully.
[8/19/2023, 1:34:32 PM] info: Connection to DB established successfully.
[8/19/2023, 1:34:34 PM] info: Connection to DB established successfully.
[8/19/2023, 1:34:57 PM] info: Connection to DB established successfully.
[8/19/2023, 1:35:22 PM] info: Connection to DB established successfully.
[8/19/2023, 1:35:27 PM] info: Connection to DB established successfully.
[8/19/2023, 1:35:30 PM] info: Connection to DB established successfully.
[8/19/2023, 1:35:55 PM] info: Connection to DB established successfully.
[8/19/2023, 1:36:13 PM] info: Connection to DB established successfully.
[8/19/2023, 1:36:15 PM] info: Connection to DB established successfully.
[8/19/2023, 1:36:36 PM] info: Connection to DB established successfully.
[8/19/2023, 1:36:44 PM] info: Connection to DB established successfully.
[8/19/2023, 1:36:51 PM] info: Connection to DB established successfully.
[8/19/2023, 1:37:10 PM] info: Connection to DB established successfully.
[8/19/2023, 1:37:39 PM] info: Connection to DB established successfully.
[8/19/2023, 1:50:03 PM] error: uncaughtException: Cannot destructure property 'name' of 'req.body' as it is undefined.
TypeError: Cannot destructure property 'name' of 'req.body' as it is undefined.
    at Object.getInTouchRegister (D:\NodeJs-JitendraProject\controller\getInTouchController.js:12:13)
    at D:\NodeJs-JitendraProject\routes\indexRoute.js:13:27
    at Layer.handle [as handle_request] (D:\NodeJs-JitendraProject\node_modules\express\lib\router\layer.js:95:5)
    at next (D:\NodeJs-JitendraProject\node_modules\express\lib\router\route.js:144:13)
    at Route.dispatch (D:\NodeJs-JitendraProject\node_modules\express\lib\router\route.js:114:3)
    at Layer.handle [as handle_request] (D:\NodeJs-JitendraProject\node_modules\express\lib\router\layer.js:95:5)
    at D:\NodeJs-JitendraProject\node_modules\express\lib\router\index.js:284:15
    at Function.process_params (D:\NodeJs-JitendraProject\node_modules\express\lib\router\index.js:346:12)
    at next (D:\NodeJs-JitendraProject\node_modules\express\lib\router\index.js:280:10)
    at D:\NodeJs-JitendraProject\node_modules\express-rate-limit\dist\index.cjs:492:7
[8/19/2023, 2:18:06 PM] error: uncaughtException: Cannot destructure property 'name' of 'req.body' as it is undefined.
TypeError: Cannot destructure property 'name' of 'req.body' as it is undefined.
    at Object.getInTouchRegister (D:\NodeJs-JitendraProject\controller\getInTouchController.js:12:13)
    at D:\NodeJs-JitendraProject\routes\indexRoute.js:13:27
    at Layer.handle [as handle_request] (D:\NodeJs-JitendraProject\node_modules\express\lib\router\layer.js:95:5)
    at next (D:\NodeJs-JitendraProject\node_modules\express\lib\router\route.js:144:13)
    at Route.dispatch (D:\NodeJs-JitendraProject\node_modules\express\lib\router\route.js:114:3)
    at Layer.handle [as handle_request] (D:\NodeJs-JitendraProject\node_modules\express\lib\router\layer.js:95:5)
    at D:\NodeJs-JitendraProject\node_modules\express\lib\router\index.js:284:15
    at Function.process_params (D:\NodeJs-JitendraProject\node_modules\express\lib\router\index.js:346:12)
    at next (D:\NodeJs-JitendraProject\node_modules\express\lib\router\index.js:280:10)
    at D:\NodeJs-JitendraProject\node_modules\express-rate-limit\dist\index.cjs:492:7
[8/19/2023, 2:20:31 PM] error: uncaughtException: Cannot destructure property 'id' of 'req.body' as it is undefined.
TypeError: Cannot destructure property 'id' of 'req.body' as it is undefined.
    at Object.getInTouchRegister (D:\NodeJs-JitendraProject\controller\getInTouchController.js:12:12)
    at D:\NodeJs-JitendraProject\routes\indexRoute.js:13:27
    at Layer.handle [as handle_request] (D:\NodeJs-JitendraProject\node_modules\express\lib\router\layer.js:95:5)
    at next (D:\NodeJs-JitendraProject\node_modules\express\lib\router\route.js:144:13)
    at Route.dispatch (D:\NodeJs-JitendraProject\node_modules\express\lib\router\route.js:114:3)
    at Layer.handle [as handle_request] (D:\NodeJs-JitendraProject\node_modules\express\lib\router\layer.js:95:5)
    at D:\NodeJs-JitendraProject\node_modules\express\lib\router\index.js:284:15
    at Function.process_params (D:\NodeJs-JitendraProject\node_modules\express\lib\router\index.js:346:12)
    at next (D:\NodeJs-JitendraProject\node_modules\express\lib\router\index.js:280:10)
    at D:\NodeJs-JitendraProject\node_modules\express-rate-limit\dist\index.cjs:492:7
[8/19/2023, 2:20:55 PM] info: Connection to DB established successfully.
[8/19/2023, 2:21:31 PM] info: Connection to DB established successfully.
[8/19/2023, 2:21:45 PM] error: uncaughtException: Cannot destructure property 'name' of 'req.body' as it is undefined.
TypeError: Cannot destructure property 'name' of 'req.body' as it is undefined.
    at Object.getInTouchRegister (D:\NodeJs-JitendraProject\controller\getInTouchController.js:12:13)
    at D:\NodeJs-JitendraProject\routes\indexRoute.js:13:27
    at Layer.handle [as handle_request] (D:\NodeJs-JitendraProject\node_modules\express\lib\router\layer.js:95:5)
    at next (D:\NodeJs-JitendraProject\node_modules\express\lib\router\route.js:144:13)
    at Route.dispatch (D:\NodeJs-JitendraProject\node_modules\express\lib\router\route.js:114:3)
    at Layer.handle [as handle_request] (D:\NodeJs-JitendraProject\node_modules\express\lib\router\layer.js:95:5)
    at D:\NodeJs-JitendraProject\node_modules\express\lib\router\index.js:284:15
    at Function.process_params (D:\NodeJs-JitendraProject\node_modules\express\lib\router\index.js:346:12)
    at next (D:\NodeJs-JitendraProject\node_modules\express\lib\router\index.js:280:10)
    at D:\NodeJs-JitendraProject\node_modules\express-rate-limit\dist\index.cjs:492:7
[8/19/2023, 2:23:48 PM] error: uncaughtException: Cannot destructure property 'name' of 'req.body' as it is undefined.
TypeError: Cannot destructure property 'name' of 'req.body' as it is undefined.
    at Object.getInTouchRegister (D:\NodeJs-JitendraProject\controller\getInTouchController.js:12:13)
    at D:\NodeJs-JitendraProject\routes\indexRoute.js:13:27
    at Layer.handle [as handle_request] (D:\NodeJs-JitendraProject\node_modules\express\lib\router\layer.js:95:5)
    at next (D:\NodeJs-JitendraProject\node_modules\express\lib\router\route.js:144:13)
    at Route.dispatch (D:\NodeJs-JitendraProject\node_modules\express\lib\router\route.js:114:3)
    at Layer.handle [as handle_request] (D:\NodeJs-JitendraProject\node_modules\express\lib\router\layer.js:95:5)
    at D:\NodeJs-JitendraProject\node_modules\express\lib\router\index.js:284:15
    at Function.process_params (D:\NodeJs-JitendraProject\node_modules\express\lib\router\index.js:346:12)
    at next (D:\NodeJs-JitendraProject\node_modules\express\lib\router\index.js:280:10)
    at D:\NodeJs-JitendraProject\node_modules\express-rate-limit\dist\index.cjs:492:7
[8/19/2023, 2:24:20 PM] info: Connection to DB established successfully.
[8/19/2023, 2:24:32 PM] info: Connection to DB established successfully.
[8/19/2023, 2:24:35 PM] info: Connection to DB established successfully.
[8/19/2023, 2:24:42 PM] info: Connection to DB established successfully.
[8/19/2023, 2:25:06 PM] info: Connection to DB established successfully.
[8/19/2023, 2:25:12 PM] error: uncaughtException: Cannot destructure property 'id' of 'req.body' as it is undefined.
TypeError: Cannot destructure property 'id' of 'req.body' as it is undefined.
    at Object.getInTouchRegister (D:\NodeJs-JitendraProject\controller\getInTouchController.js:12:13)
    at D:\NodeJs-JitendraProject\routes\indexRoute.js:13:27
    at Layer.handle [as handle_request] (D:\NodeJs-JitendraProject\node_modules\express\lib\router\layer.js:95:5)
    at next (D:\NodeJs-JitendraProject\node_modules\express\lib\router\route.js:144:13)
    at Route.dispatch (D:\NodeJs-JitendraProject\node_modules\express\lib\router\route.js:114:3)
    at Layer.handle [as handle_request] (D:\NodeJs-JitendraProject\node_modules\express\lib\router\layer.js:95:5)
    at D:\NodeJs-JitendraProject\node_modules\express\lib\router\index.js:284:15
    at Function.process_params (D:\NodeJs-JitendraProject\node_modules\express\lib\router\index.js:346:12)
    at next (D:\NodeJs-JitendraProject\node_modules\express\lib\router\index.js:280:10)
    at D:\NodeJs-JitendraProject\node_modules\express-rate-limit\dist\index.cjs:492:7
[8/19/2023, 2:25:37 PM] info: Connection to DB established successfully.
[8/19/2023, 2:25:50 PM] error: uncaughtException: Cannot destructure property 'id' of 'req.body' as it is undefined.
TypeError: Cannot destructure property 'id' of 'req.body' as it is undefined.
    at Object.getInTouchRegister (D:\NodeJs-JitendraProject\controller\getInTouchController.js:12:13)
    at D:\NodeJs-JitendraProject\routes\indexRoute.js:13:27
    at Layer.handle [as handle_request] (D:\NodeJs-JitendraProject\node_modules\express\lib\router\layer.js:95:5)
    at next (D:\NodeJs-JitendraProject\node_modules\express\lib\router\route.js:144:13)
    at Route.dispatch (D:\NodeJs-JitendraProject\node_modules\express\lib\router\route.js:114:3)
    at Layer.handle [as handle_request] (D:\NodeJs-JitendraProject\node_modules\express\lib\router\layer.js:95:5)
    at D:\NodeJs-JitendraProject\node_modules\express\lib\router\index.js:284:15
    at Function.process_params (D:\NodeJs-JitendraProject\node_modules\express\lib\router\index.js:346:12)
    at next (D:\NodeJs-JitendraProject\node_modules\express\lib\router\index.js:280:10)
    at D:\NodeJs-JitendraProject\node_modules\express-rate-limit\dist\index.cjs:492:7
[8/19/2023, 2:28:21 PM] info: Connection to DB established successfully.
[8/19/2023, 2:28:41 PM] error: uncaughtException: Cannot destructure property 'id' of 'req.body' as it is undefined.
TypeError: Cannot destructure property 'id' of 'req.body' as it is undefined.
    at Object.getInTouchRegister (D:\NodeJs-JitendraProject\controller\getInTouchController.js:12:13)
    at D:\NodeJs-JitendraProject\routes\indexRoute.js:13:27
    at Layer.handle [as handle_request] (D:\NodeJs-JitendraProject\node_modules\express\lib\router\layer.js:95:5)
    at next (D:\NodeJs-JitendraProject\node_modules\express\lib\router\route.js:144:13)
    at Route.dispatch (D:\NodeJs-JitendraProject\node_modules\express\lib\router\route.js:114:3)
    at Layer.handle [as handle_request] (D:\NodeJs-JitendraProject\node_modules\express\lib\router\layer.js:95:5)
    at D:\NodeJs-JitendraProject\node_modules\express\lib\router\index.js:284:15
    at Function.process_params (D:\NodeJs-JitendraProject\node_modules\express\lib\router\index.js:346:12)
    at next (D:\NodeJs-JitendraProject\node_modules\express\lib\router\index.js:280:10)
    at D:\NodeJs-JitendraProject\node_modules\express-rate-limit\dist\index.cjs:492:7
[8/19/2023, 2:28:52 PM] info: Connection to DB established successfully.
[8/19/2023, 2:29:08 PM] error: uncaughtException: Cannot destructure property 'id' of 'req.body' as it is undefined.
TypeError: Cannot destructure property 'id' of 'req.body' as it is undefined.
    at Object.getInTouchRegister (D:\NodeJs-JitendraProject\controller\getInTouchController.js:12:13)
    at D:\NodeJs-JitendraProject\routes\indexRoute.js:13:27
    at Layer.handle [as handle_request] (D:\NodeJs-JitendraProject\node_modules\express\lib\router\layer.js:95:5)
    at next (D:\NodeJs-JitendraProject\node_modules\express\lib\router\route.js:144:13)
    at Route.dispatch (D:\NodeJs-JitendraProject\node_modules\express\lib\router\route.js:114:3)
    at Layer.handle [as handle_request] (D:\NodeJs-JitendraProject\node_modules\express\lib\router\layer.js:95:5)
    at D:\NodeJs-JitendraProject\node_modules\express\lib\router\index.js:284:15
    at Function.process_params (D:\NodeJs-JitendraProject\node_modules\express\lib\router\index.js:346:12)
    at next (D:\NodeJs-JitendraProject\node_modules\express\lib\router\index.js:280:10)
    at D:\NodeJs-JitendraProject\node_modules\express-rate-limit\dist\index.cjs:492:7
[8/19/2023, 2:29:23 PM] error: uncaughtException: Cannot destructure property 'id' of 'req.body' as it is undefined.
TypeError: Cannot destructure property 'id' of 'req.body' as it is undefined.
    at Object.getInTouchRegister (D:\NodeJs-JitendraProject\controller\getInTouchController.js:12:13)
    at D:\NodeJs-JitendraProject\routes\indexRoute.js:13:27
    at Layer.handle [as handle_request] (D:\NodeJs-JitendraProject\node_modules\express\lib\router\layer.js:95:5)
    at next (D:\NodeJs-JitendraProject\node_modules\express\lib\router\route.js:144:13)
    at Route.dispatch (D:\NodeJs-JitendraProject\node_modules\express\lib\router\route.js:114:3)
    at Layer.handle [as handle_request] (D:\NodeJs-JitendraProject\node_modules\express\lib\router\layer.js:95:5)
    at D:\NodeJs-JitendraProject\node_modules\express\lib\router\index.js:284:15
    at Function.process_params (D:\NodeJs-JitendraProject\node_modules\express\lib\router\index.js:346:12)
    at next (D:\NodeJs-JitendraProject\node_modules\express\lib\router\index.js:280:10)
    at D:\NodeJs-JitendraProject\node_modules\express-rate-limit\dist\index.cjs:492:7
[8/19/2023, 2:29:27 PM] info: Connection to DB established successfully.
[8/19/2023, 2:29:56 PM] info: Connection to DB established successfully.
[8/19/2023, 2:29:59 PM] info: Connection to DB established successfully.
[8/19/2023, 2:30:23 PM] info: Connection to DB established successfully.
[8/19/2023, 2:31:02 PM] error: uncaughtException: Cannot destructure property 'name' of 'req.body' as it is undefined.
TypeError: Cannot destructure property 'name' of 'req.body' as it is undefined.
    at Object.getInTouchRegister (D:\NodeJs-JitendraProject\controller\getInTouchController.js:12:13)
    at D:\NodeJs-JitendraProject\routes\indexRoute.js:13:27
    at Layer.handle [as handle_request] (D:\NodeJs-JitendraProject\node_modules\express\lib\router\layer.js:95:5)
    at next (D:\NodeJs-JitendraProject\node_modules\express\lib\router\route.js:144:13)
    at Route.dispatch (D:\NodeJs-JitendraProject\node_modules\express\lib\router\route.js:114:3)
    at Layer.handle [as handle_request] (D:\NodeJs-JitendraProject\node_modules\express\lib\router\layer.js:95:5)
    at D:\NodeJs-JitendraProject\node_modules\express\lib\router\index.js:284:15
    at Function.process_params (D:\NodeJs-JitendraProject\node_modules\express\lib\router\index.js:346:12)
    at next (D:\NodeJs-JitendraProject\node_modules\express\lib\router\index.js:280:10)
    at D:\NodeJs-JitendraProject\node_modules\express-rate-limit\dist\index.cjs:492:7
[8/19/2023, 2:35:02 PM] info: Connection to DB established successfully.
[8/19/2023, 2:35:19 PM] error: uncaughtException: Cannot destructure property 'name' of 'req.body' as it is undefined.
TypeError: Cannot destructure property 'name' of 'req.body' as it is undefined.
    at Object.getInTouchRegister (D:\NodeJs-JitendraProject\controller\getInTouchController.js:12:13)
    at D:\NodeJs-JitendraProject\routes\indexRoute.js:13:27
    at Layer.handle [as handle_request] (D:\NodeJs-JitendraProject\node_modules\express\lib\router\layer.js:95:5)
    at next (D:\NodeJs-JitendraProject\node_modules\express\lib\router\route.js:144:13)
    at Route.dispatch (D:\NodeJs-JitendraProject\node_modules\express\lib\router\route.js:114:3)
    at Layer.handle [as handle_request] (D:\NodeJs-JitendraProject\node_modules\express\lib\router\layer.js:95:5)
    at D:\NodeJs-JitendraProject\node_modules\express\lib\router\index.js:284:15
    at Function.process_params (D:\NodeJs-JitendraProject\node_modules\express\lib\router\index.js:346:12)
    at next (D:\NodeJs-JitendraProject\node_modules\express\lib\router\index.js:280:10)
    at D:\NodeJs-JitendraProject\node_modules\express-rate-limit\dist\index.cjs:492:7
[8/19/2023, 2:36:58 PM] info: Connection to DB established successfully.
[8/19/2023, 2:37:00 PM] info: Connection to DB established successfully.
[8/19/2023, 2:37:51 PM] error: notNull Violation: get_in_touchs.mobile cannot be null
[8/19/2023, 2:37:51 PM] error: uncaughtException: next is not a function
TypeError: next is not a function
    at Object.getInTouchRegister (D:\NodeJs-JitendraProject\controller\getInTouchController.js:52:16)
    at process.processTicksAndRejections (node:internal/process/task_queues:95:5)
    at async D:\NodeJs-JitendraProject\routes\indexRoute.js:13:5
[8/19/2023, 2:39:34 PM] error: notNull Violation: get_in_touchs.num cannot be null
[8/19/2023, 2:39:34 PM] error: uncaughtException: next is not a function
TypeError: next is not a function
    at Object.getInTouchRegister (D:\NodeJs-JitendraProject\controller\getInTouchController.js:52:16)
    at process.processTicksAndRejections (node:internal/process/task_queues:95:5)
    at async D:\NodeJs-JitendraProject\routes\indexRoute.js:13:5
[8/19/2023, 2:39:36 PM] info: Connection to DB established successfully.
[8/19/2023, 2:39:39 PM] error: Unknown column 'created_at' in 'field list'
[8/19/2023, 2:39:39 PM] error: uncaughtException: next is not a function
TypeError: next is not a function
    at Object.getInTouchRegister (D:\NodeJs-JitendraProject\controller\getInTouchController.js:52:16)
    at process.processTicksAndRejections (node:internal/process/task_queues:95:5)
    at async D:\NodeJs-JitendraProject\routes\indexRoute.js:13:5
[8/19/2023, 2:40:15 PM] info: Connection to DB established successfully.
[8/19/2023, 2:40:15 PM] error: Unknown column 'created_at' in 'field list'
[8/19/2023, 2:40:15 PM] error: uncaughtException: ne is not defined
ReferenceError: ne is not defined
    at Object.getInTouchRegister (D:\NodeJs-JitendraProject\controller\getInTouchController.js:52:9)
    at process.processTicksAndRejections (node:internal/process/task_queues:95:5)
    at async D:\NodeJs-JitendraProject\routes\indexRoute.js:13:5
[8/19/2023, 2:40:21 PM] info: Connection to DB established successfully.
[8/19/2023, 2:40:24 PM] error: Unknown column 'created_at' in 'field list'
[8/19/2023, 2:41:52 PM] error: req.flash is not a function
[8/19/2023, 2:46:44 PM] error: req.flash is not a function
[8/19/2023, 2:46:44 PM] error: req.flash is not a function
[8/19/2023, 2:46:53 PM] error: req.flash is not a function
[8/19/2023, 2:47:32 PM] error: req.flash is not a function
[8/19/2023, 2:48:00 PM] error: req.flash is not a function
[8/19/2023, 2:48:09 PM] error: req.flash is not a function
[8/19/2023, 2:54:20 PM] error: uncaughtException: Cannot find module './routes/homeRoute'
Require stack:
- D:\NodeJs-JitendraProject\app.js
Error: Cannot find module './routes/homeRoute'
Require stack:
- D:\NodeJs-JitendraProject\app.js
    at Module._resolveFilename (node:internal/modules/cjs/loader:1090:15)
    at Module._load (node:internal/modules/cjs/loader:934:27)
    at Module.require (node:internal/modules/cjs/loader:1157:19)
    at require (node:internal/modules/helpers:119:18)
    at Object.<anonymous> (D:\NodeJs-JitendraProject\app.js:66:14)
    at Module._compile (node:internal/modules/cjs/loader:1275:14)
    at Module._extensions..js (node:internal/modules/cjs/loader:1329:10)
    at Module.load (node:internal/modules/cjs/loader:1133:32)
    at Module._load (node:internal/modules/cjs/loader:972:12)
    at Function.executeUserEntryPoint [as runMain] (node:internal/modules/run_main:83:12)
[8/19/2023, 2:54:56 PM] error: uncaughtException: listen EADDRINUSE: address already in use :::4000
Error: listen EADDRINUSE: address already in use :::4000
    at Server.setupListenHandle [as _listen2] (node:net:1740:16)
    at listenInCluster (node:net:1788:12)
    at Server.listen (node:net:1876:7)
    at Function.listen (D:\NodeJs-JitendraProject\node_modules\express\lib\application.js:635:24)
    at Object.<anonymous> (D:\NodeJs-JitendraProject\app.js:68:5)
    at Module._compile (node:internal/modules/cjs/loader:1275:14)
    at Module._extensions..js (node:internal/modules/cjs/loader:1329:10)
    at Module.load (node:internal/modules/cjs/loader:1133:32)
    at Module._load (node:internal/modules/cjs/loader:972:12)
    at Function.executeUserEntryPoint [as runMain] (node:internal/modules/run_main:83:12)
[8/19/2023, 2:55:23 PM] info: Connection to DB established successfully.
[8/19/2023, 3:01:38 PM] info: Connection to DB established successfully.
[8/19/2023, 3:04:05 PM] info: Connection to DB established successfully.
[8/19/2023, 3:04:09 PM] info: Connection to DB established successfully.
[8/19/2023, 3:12:16 PM] info: Connection to DB established successfully.
[8/19/2023, 3:12:20 PM] info: Connection to DB established successfully.
[8/19/2023, 3:14:31 PM] info: Connection to DB established successfully.
[8/19/2023, 3:14:47 PM] info: Connection to DB established successfully.
[8/19/2023, 3:15:02 PM] info: Connection to DB established successfully.
[8/19/2023, 3:17:19 PM] info: Connection to DB established successfully.
[8/19/2023, 3:17:25 PM] info: Connection to DB established successfully.
[8/19/2023, 3:17:45 PM] info: Connection to DB established successfully.
[8/19/2023, 3:22:08 PM] info: Connection to DB established successfully.
[8/19/2023, 3:22:26 PM] info: Connection to DB established successfully.
[8/19/2023, 3:22:56 PM] info: Connection to DB established successfully.
[8/19/2023, 3:23:01 PM] info: Connection to DB established successfully.
[8/19/2023, 3:23:05 PM] info: Connection to DB established successfully.
[8/19/2023, 3:24:49 PM] info: Connection to DB established successfully.
[8/19/2023, 3:24:53 PM] info: Connection to DB established successfully.
[8/19/2023, 3:26:26 PM] info: Connection to DB established successfully.
[8/19/2023, 3:27:25 PM] info: Connection to DB established successfully.
[8/19/2023, 3:27:29 PM] info: Connection to DB established successfully.
[8/19/2023, 3:27:34 PM] info: Connection to DB established successfully.
[8/19/2023, 3:30:07 PM] info: Connection to DB established successfully.
[8/22/2023, 10:55:13 AM] error: uncaughtException: Cannot find module '../../models/user/registerModel'
Require stack:
- D:\NodeJs-JitendraProject\helpers\authentication\init-passport.js
- D:\NodeJs-JitendraProject\app.js
Error: Cannot find module '../../models/user/registerModel'
Require stack:
- D:\NodeJs-JitendraProject\helpers\authentication\init-passport.js
- D:\NodeJs-JitendraProject\app.js
    at Module._resolveFilename (node:internal/modules/cjs/loader:1090:15)
    at Module._load (node:internal/modules/cjs/loader:934:27)
    at Module.require (node:internal/modules/cjs/loader:1157:19)
    at require (node:internal/modules/helpers:119:18)
    at Object.<anonymous> (D:\NodeJs-JitendraProject\helpers\authentication\init-passport.js:4:14)
    at Module._compile (node:internal/modules/cjs/loader:1275:14)
    at Module._extensions..js (node:internal/modules/cjs/loader:1329:10)
    at Module.load (node:internal/modules/cjs/loader:1133:32)
    at Module._load (node:internal/modules/cjs/loader:972:12)
    at Module.require (node:internal/modules/cjs/loader:1157:19)
[8/22/2023, 10:56:38 AM] error: uncaughtException: Cannot find module '../models/user/registerModel'
Require stack:
- D:\NodeJs-JitendraProject\controller\userController.js
- D:\NodeJs-JitendraProject\routes\userRoute.js
- D:\NodeJs-JitendraProject\app.js
Error: Cannot find module '../models/user/registerModel'
Require stack:
- D:\NodeJs-JitendraProject\controller\userController.js
- D:\NodeJs-JitendraProject\routes\userRoute.js
- D:\NodeJs-JitendraProject\app.js
    at Module._resolveFilename (node:internal/modules/cjs/loader:1090:15)
    at Module._load (node:internal/modules/cjs/loader:934:27)
    at Module.require (node:internal/modules/cjs/loader:1157:19)
    at require (node:internal/modules/helpers:119:18)
    at Object.<anonymous> (D:\NodeJs-JitendraProject\controller\userController.js:5:14)
    at Module._compile (node:internal/modules/cjs/loader:1275:14)
    at Module._extensions..js (node:internal/modules/cjs/loader:1329:10)
    at Module.load (node:internal/modules/cjs/loader:1133:32)
    at Module._load (node:internal/modules/cjs/loader:972:12)
    at Module.require (node:internal/modules/cjs/loader:1157:19)
[8/22/2023, 10:57:49 AM] error: uncaughtException: Cannot find module '../models/user/registerModel'
Require stack:
- D:\NodeJs-JitendraProject\controller\userController.js
- D:\NodeJs-JitendraProject\routes\userRoute.js
- D:\NodeJs-JitendraProject\app.js
Error: Cannot find module '../models/user/registerModel'
Require stack:
- D:\NodeJs-JitendraProject\controller\userController.js
- D:\NodeJs-JitendraProject\routes\userRoute.js
- D:\NodeJs-JitendraProject\app.js
    at Module._resolveFilename (node:internal/modules/cjs/loader:1090:15)
    at Module._load (node:internal/modules/cjs/loader:934:27)
    at Module.require (node:internal/modules/cjs/loader:1157:19)
    at require (node:internal/modules/helpers:119:18)
    at Object.<anonymous> (D:\NodeJs-JitendraProject\controller\userController.js:5:14)
    at Module._compile (node:internal/modules/cjs/loader:1275:14)
    at Module._extensions..js (node:internal/modules/cjs/loader:1329:10)
    at Module.load (node:internal/modules/cjs/loader:1133:32)
    at Module._load (node:internal/modules/cjs/loader:972:12)
    at Module.require (node:internal/modules/cjs/loader:1157:19)
[8/22/2023, 10:57:55 AM] error: uncaughtException: Cannot find module '../models/user/registerModel'
Require stack:
- D:\NodeJs-JitendraProject\controller\userController.js
- D:\NodeJs-JitendraProject\routes\userRoute.js
- D:\NodeJs-JitendraProject\app.js
Error: Cannot find module '../models/user/registerModel'
Require stack:
- D:\NodeJs-JitendraProject\controller\userController.js
- D:\NodeJs-JitendraProject\routes\userRoute.js
- D:\NodeJs-JitendraProject\app.js
    at Module._resolveFilename (node:internal/modules/cjs/loader:1090:15)
    at Module._load (node:internal/modules/cjs/loader:934:27)
    at Module.require (node:internal/modules/cjs/loader:1157:19)
    at require (node:internal/modules/helpers:119:18)
    at Object.<anonymous> (D:\NodeJs-JitendraProject\controller\userController.js:5:14)
    at Module._compile (node:internal/modules/cjs/loader:1275:14)
    at Module._extensions..js (node:internal/modules/cjs/loader:1329:10)
    at Module.load (node:internal/modules/cjs/loader:1133:32)
    at Module._load (node:internal/modules/cjs/loader:972:12)
    at Module.require (node:internal/modules/cjs/loader:1157:19)
[8/22/2023, 10:57:56 AM] error: uncaughtException: Cannot find module '../models/user/registerModel'
Require stack:
- D:\NodeJs-JitendraProject\controller\userController.js
- D:\NodeJs-JitendraProject\routes\userRoute.js
- D:\NodeJs-JitendraProject\app.js
Error: Cannot find module '../models/user/registerModel'
Require stack:
- D:\NodeJs-JitendraProject\controller\userController.js
- D:\NodeJs-JitendraProject\routes\userRoute.js
- D:\NodeJs-JitendraProject\app.js
    at Module._resolveFilename (node:internal/modules/cjs/loader:1090:15)
    at Module._load (node:internal/modules/cjs/loader:934:27)
    at Module.require (node:internal/modules/cjs/loader:1157:19)
    at require (node:internal/modules/helpers:119:18)
    at Object.<anonymous> (D:\NodeJs-JitendraProject\controller\userController.js:5:14)
    at Module._compile (node:internal/modules/cjs/loader:1275:14)
    at Module._extensions..js (node:internal/modules/cjs/loader:1329:10)
    at Module.load (node:internal/modules/cjs/loader:1133:32)
    at Module._load (node:internal/modules/cjs/loader:972:12)
    at Module.require (node:internal/modules/cjs/loader:1157:19)
[8/22/2023, 10:58:07 AM] error: uncaughtException: Cannot find module '../models/user/registerModel'
Require stack:
- D:\NodeJs-JitendraProject\controller\userController.js
- D:\NodeJs-JitendraProject\routes\userRoute.js
- D:\NodeJs-JitendraProject\app.js
Error: Cannot find module '../models/user/registerModel'
Require stack:
- D:\NodeJs-JitendraProject\controller\userController.js
- D:\NodeJs-JitendraProject\routes\userRoute.js
- D:\NodeJs-JitendraProject\app.js
    at Module._resolveFilename (node:internal/modules/cjs/loader:1090:15)
    at Module._load (node:internal/modules/cjs/loader:934:27)
    at Module.require (node:internal/modules/cjs/loader:1157:19)
    at require (node:internal/modules/helpers:119:18)
    at Object.<anonymous> (D:\NodeJs-JitendraProject\controller\userController.js:5:14)
    at Module._compile (node:internal/modules/cjs/loader:1275:14)
    at Module._extensions..js (node:internal/modules/cjs/loader:1329:10)
    at Module.load (node:internal/modules/cjs/loader:1133:32)
    at Module._load (node:internal/modules/cjs/loader:972:12)
    at Module.require (node:internal/modules/cjs/loader:1157:19)
[8/22/2023, 10:58:15 AM] error: uncaughtException: Cannot find module '../models/user/registerModel'
Require stack:
- D:\NodeJs-JitendraProject\controller\userController.js
- D:\NodeJs-JitendraProject\routes\userRoute.js
- D:\NodeJs-JitendraProject\app.js
Error: Cannot find module '../models/user/registerModel'
Require stack:
- D:\NodeJs-JitendraProject\controller\userController.js
- D:\NodeJs-JitendraProject\routes\userRoute.js
- D:\NodeJs-JitendraProject\app.js
    at Module._resolveFilename (node:internal/modules/cjs/loader:1090:15)
    at Module._load (node:internal/modules/cjs/loader:934:27)
    at Module.require (node:internal/modules/cjs/loader:1157:19)
    at require (node:internal/modules/helpers:119:18)
    at Object.<anonymous> (D:\NodeJs-JitendraProject\controller\userController.js:5:14)
    at Module._compile (node:internal/modules/cjs/loader:1275:14)
    at Module._extensions..js (node:internal/modules/cjs/loader:1329:10)
    at Module.load (node:internal/modules/cjs/loader:1133:32)
    at Module._load (node:internal/modules/cjs/loader:972:12)
    at Module.require (node:internal/modules/cjs/loader:1157:19)
[8/22/2023, 10:58:20 AM] error: uncaughtException: Cannot find module '../models/user/registerModel'
Require stack:
- D:\NodeJs-JitendraProject\controller\userController.js
- D:\NodeJs-JitendraProject\routes\userRoute.js
- D:\NodeJs-JitendraProject\app.js
Error: Cannot find module '../models/user/registerModel'
Require stack:
- D:\NodeJs-JitendraProject\controller\userController.js
- D:\NodeJs-JitendraProject\routes\userRoute.js
- D:\NodeJs-JitendraProject\app.js
    at Module._resolveFilename (node:internal/modules/cjs/loader:1090:15)
    at Module._load (node:internal/modules/cjs/loader:934:27)
    at Module.require (node:internal/modules/cjs/loader:1157:19)
    at require (node:internal/modules/helpers:119:18)
    at Object.<anonymous> (D:\NodeJs-JitendraProject\controller\userController.js:5:14)
    at Module._compile (node:internal/modules/cjs/loader:1275:14)
    at Module._extensions..js (node:internal/modules/cjs/loader:1329:10)
    at Module.load (node:internal/modules/cjs/loader:1133:32)
    at Module._load (node:internal/modules/cjs/loader:972:12)
    at Module.require (node:internal/modules/cjs/loader:1157:19)
[8/22/2023, 10:58:26 AM] error: uncaughtException: Cannot find module '../models/user/registerModel'
Require stack:
- D:\NodeJs-JitendraProject\controller\userController.js
- D:\NodeJs-JitendraProject\routes\userRoute.js
- D:\NodeJs-JitendraProject\app.js
Error: Cannot find module '../models/user/registerModel'
Require stack:
- D:\NodeJs-JitendraProject\controller\userController.js
- D:\NodeJs-JitendraProject\routes\userRoute.js
- D:\NodeJs-JitendraProject\app.js
    at Module._resolveFilename (node:internal/modules/cjs/loader:1090:15)
    at Module._load (node:internal/modules/cjs/loader:934:27)
    at Module.require (node:internal/modules/cjs/loader:1157:19)
    at require (node:internal/modules/helpers:119:18)
    at Object.<anonymous> (D:\NodeJs-JitendraProject\controller\userController.js:5:14)
    at Module._compile (node:internal/modules/cjs/loader:1275:14)
    at Module._extensions..js (node:internal/modules/cjs/loader:1329:10)
    at Module.load (node:internal/modules/cjs/loader:1133:32)
    at Module._load (node:internal/modules/cjs/loader:972:12)
    at Module.require (node:internal/modules/cjs/loader:1157:19)
[8/22/2023, 10:58:34 AM] error: uncaughtException: Cannot find module '../models/user/registerModel'
Require stack:
- D:\NodeJs-JitendraProject\controller\userController.js
- D:\NodeJs-JitendraProject\routes\userRoute.js
- D:\NodeJs-JitendraProject\app.js
Error: Cannot find module '../models/user/registerModel'
Require stack:
- D:\NodeJs-JitendraProject\controller\userController.js
- D:\NodeJs-JitendraProject\routes\userRoute.js
- D:\NodeJs-JitendraProject\app.js
    at Module._resolveFilename (node:internal/modules/cjs/loader:1090:15)
    at Module._load (node:internal/modules/cjs/loader:934:27)
    at Module.require (node:internal/modules/cjs/loader:1157:19)
    at require (node:internal/modules/helpers:119:18)
    at Object.<anonymous> (D:\NodeJs-JitendraProject\controller\userController.js:5:14)
    at Module._compile (node:internal/modules/cjs/loader:1275:14)
    at Module._extensions..js (node:internal/modules/cjs/loader:1329:10)
    at Module.load (node:internal/modules/cjs/loader:1133:32)
    at Module._load (node:internal/modules/cjs/loader:972:12)
    at Module.require (node:internal/modules/cjs/loader:1157:19)
[8/22/2023, 10:58:41 AM] error: uncaughtException: Cannot find module '../models/user/registerModel'
Require stack:
- D:\NodeJs-JitendraProject\controller\userController.js
- D:\NodeJs-JitendraProject\routes\userRoute.js
- D:\NodeJs-JitendraProject\app.js
Error: Cannot find module '../models/user/registerModel'
Require stack:
- D:\NodeJs-JitendraProject\controller\userController.js
- D:\NodeJs-JitendraProject\routes\userRoute.js
- D:\NodeJs-JitendraProject\app.js
    at Module._resolveFilename (node:internal/modules/cjs/loader:1090:15)
    at Module._load (node:internal/modules/cjs/loader:934:27)
    at Module.require (node:internal/modules/cjs/loader:1157:19)
    at require (node:internal/modules/helpers:119:18)
    at Object.<anonymous> (D:\NodeJs-JitendraProject\controller\userController.js:5:14)
    at Module._compile (node:internal/modules/cjs/loader:1275:14)
    at Module._extensions..js (node:internal/modules/cjs/loader:1329:10)
    at Module.load (node:internal/modules/cjs/loader:1133:32)
    at Module._load (node:internal/modules/cjs/loader:972:12)
    at Module.require (node:internal/modules/cjs/loader:1157:19)
[8/22/2023, 10:58:48 AM] error: uncaughtException: Cannot find module '../models/user/registerModel'
Require stack:
- D:\NodeJs-JitendraProject\controller\userController.js
- D:\NodeJs-JitendraProject\routes\userRoute.js
- D:\NodeJs-JitendraProject\app.js
Error: Cannot find module '../models/user/registerModel'
Require stack:
- D:\NodeJs-JitendraProject\controller\userController.js
- D:\NodeJs-JitendraProject\routes\userRoute.js
- D:\NodeJs-JitendraProject\app.js
    at Module._resolveFilename (node:internal/modules/cjs/loader:1090:15)
    at Module._load (node:internal/modules/cjs/loader:934:27)
    at Module.require (node:internal/modules/cjs/loader:1157:19)
    at require (node:internal/modules/helpers:119:18)
    at Object.<anonymous> (D:\NodeJs-JitendraProject\controller\userController.js:5:14)
    at Module._compile (node:internal/modules/cjs/loader:1275:14)
    at Module._extensions..js (node:internal/modules/cjs/loader:1329:10)
    at Module.load (node:internal/modules/cjs/loader:1133:32)
    at Module._load (node:internal/modules/cjs/loader:972:12)
    at Module.require (node:internal/modules/cjs/loader:1157:19)
[8/22/2023, 10:59:01 AM] error: uncaughtException: Cannot find module '../models/user/registerModel'
Require stack:
- D:\NodeJs-JitendraProject\controller\userController.js
- D:\NodeJs-JitendraProject\routes\userRoute.js
- D:\NodeJs-JitendraProject\app.js
Error: Cannot find module '../models/user/registerModel'
Require stack:
- D:\NodeJs-JitendraProject\controller\userController.js
- D:\NodeJs-JitendraProject\routes\userRoute.js
- D:\NodeJs-JitendraProject\app.js
    at Module._resolveFilename (node:internal/modules/cjs/loader:1090:15)
    at Module._load (node:internal/modules/cjs/loader:934:27)
    at Module.require (node:internal/modules/cjs/loader:1157:19)
    at require (node:internal/modules/helpers:119:18)
    at Object.<anonymous> (D:\NodeJs-JitendraProject\controller\userController.js:5:14)
    at Module._compile (node:internal/modules/cjs/loader:1275:14)
    at Module._extensions..js (node:internal/modules/cjs/loader:1329:10)
    at Module.load (node:internal/modules/cjs/loader:1133:32)
    at Module._load (node:internal/modules/cjs/loader:972:12)
    at Module.require (node:internal/modules/cjs/loader:1157:19)
[8/22/2023, 10:59:08 AM] error: uncaughtException: Cannot find module '../models/user/registerModel'
Require stack:
- D:\NodeJs-JitendraProject\controller\userController.js
- D:\NodeJs-JitendraProject\routes\userRoute.js
- D:\NodeJs-JitendraProject\app.js
Error: Cannot find module '../models/user/registerModel'
Require stack:
- D:\NodeJs-JitendraProject\controller\userController.js
- D:\NodeJs-JitendraProject\routes\userRoute.js
- D:\NodeJs-JitendraProject\app.js
    at Module._resolveFilename (node:internal/modules/cjs/loader:1090:15)
    at Module._load (node:internal/modules/cjs/loader:934:27)
    at Module.require (node:internal/modules/cjs/loader:1157:19)
    at require (node:internal/modules/helpers:119:18)
    at Object.<anonymous> (D:\NodeJs-JitendraProject\controller\userController.js:5:14)
    at Module._compile (node:internal/modules/cjs/loader:1275:14)
    at Module._extensions..js (node:internal/modules/cjs/loader:1329:10)
    at Module.load (node:internal/modules/cjs/loader:1133:32)
    at Module._load (node:internal/modules/cjs/loader:972:12)
    at Module.require (node:internal/modules/cjs/loader:1157:19)
[8/22/2023, 10:59:16 AM] error: uncaughtException: Cannot find module '../models/user/registerModel'
Require stack:
- D:\NodeJs-JitendraProject\controller\userController.js
- D:\NodeJs-JitendraProject\routes\userRoute.js
- D:\NodeJs-JitendraProject\app.js
Error: Cannot find module '../models/user/registerModel'
Require stack:
- D:\NodeJs-JitendraProject\controller\userController.js
- D:\NodeJs-JitendraProject\routes\userRoute.js
- D:\NodeJs-JitendraProject\app.js
    at Module._resolveFilename (node:internal/modules/cjs/loader:1090:15)
    at Module._load (node:internal/modules/cjs/loader:934:27)
    at Module.require (node:internal/modules/cjs/loader:1157:19)
    at require (node:internal/modules/helpers:119:18)
    at Object.<anonymous> (D:\NodeJs-JitendraProject\controller\userController.js:5:14)
    at Module._compile (node:internal/modules/cjs/loader:1275:14)
    at Module._extensions..js (node:internal/modules/cjs/loader:1329:10)
    at Module.load (node:internal/modules/cjs/loader:1133:32)
    at Module._load (node:internal/modules/cjs/loader:972:12)
    at Module.require (node:internal/modules/cjs/loader:1157:19)
[8/22/2023, 10:59:23 AM] error: uncaughtException: Cannot find module '../models/user/registerModel'
Require stack:
- D:\NodeJs-JitendraProject\controller\userController.js
- D:\NodeJs-JitendraProject\routes\userRoute.js
- D:\NodeJs-JitendraProject\app.js
Error: Cannot find module '../models/user/registerModel'
Require stack:
- D:\NodeJs-JitendraProject\controller\userController.js
- D:\NodeJs-JitendraProject\routes\userRoute.js
- D:\NodeJs-JitendraProject\app.js
    at Module._resolveFilename (node:internal/modules/cjs/loader:1090:15)
    at Module._load (node:internal/modules/cjs/loader:934:27)
    at Module.require (node:internal/modules/cjs/loader:1157:19)
    at require (node:internal/modules/helpers:119:18)
    at Object.<anonymous> (D:\NodeJs-JitendraProject\controller\userController.js:5:14)
    at Module._compile (node:internal/modules/cjs/loader:1275:14)
    at Module._extensions..js (node:internal/modules/cjs/loader:1329:10)
    at Module.load (node:internal/modules/cjs/loader:1133:32)
    at Module._load (node:internal/modules/cjs/loader:972:12)
    at Module.require (node:internal/modules/cjs/loader:1157:19)
[8/22/2023, 11:00:10 AM] error: uncaughtException: Cannot find module '../models/user/registerModel'
Require stack:
- D:\NodeJs-JitendraProject\controller\userController.js
- D:\NodeJs-JitendraProject\routes\userRoute.js
- D:\NodeJs-JitendraProject\app.js
Error: Cannot find module '../models/user/registerModel'
Require stack:
- D:\NodeJs-JitendraProject\controller\userController.js
- D:\NodeJs-JitendraProject\routes\userRoute.js
- D:\NodeJs-JitendraProject\app.js
    at Module._resolveFilename (node:internal/modules/cjs/loader:1090:15)
    at Module._load (node:internal/modules/cjs/loader:934:27)
    at Module.require (node:internal/modules/cjs/loader:1157:19)
    at require (node:internal/modules/helpers:119:18)
    at Object.<anonymous> (D:\NodeJs-JitendraProject\controller\userController.js:5:14)
    at Module._compile (node:internal/modules/cjs/loader:1275:14)
    at Module._extensions..js (node:internal/modules/cjs/loader:1329:10)
    at Module.load (node:internal/modules/cjs/loader:1133:32)
    at Module._load (node:internal/modules/cjs/loader:972:12)
    at Module.require (node:internal/modules/cjs/loader:1157:19)
[8/22/2023, 11:00:14 AM] error: uncaughtException: Cannot find module '../models/user/registerModel'
Require stack:
- D:\NodeJs-JitendraProject\controller\userController.js
- D:\NodeJs-JitendraProject\routes\userRoute.js
- D:\NodeJs-JitendraProject\app.js
Error: Cannot find module '../models/user/registerModel'
Require stack:
- D:\NodeJs-JitendraProject\controller\userController.js
- D:\NodeJs-JitendraProject\routes\userRoute.js
- D:\NodeJs-JitendraProject\app.js
    at Module._resolveFilename (node:internal/modules/cjs/loader:1090:15)
    at Module._load (node:internal/modules/cjs/loader:934:27)
    at Module.require (node:internal/modules/cjs/loader:1157:19)
    at require (node:internal/modules/helpers:119:18)
    at Object.<anonymous> (D:\NodeJs-JitendraProject\controller\userController.js:5:14)
    at Module._compile (node:internal/modules/cjs/loader:1275:14)
    at Module._extensions..js (node:internal/modules/cjs/loader:1329:10)
    at Module.load (node:internal/modules/cjs/loader:1133:32)
    at Module._load (node:internal/modules/cjs/loader:972:12)
    at Module.require (node:internal/modules/cjs/loader:1157:19)
[8/22/2023, 11:00:25 AM] error: uncaughtException: Cannot find module '../models/user/registerModel'
Require stack:
- D:\NodeJs-JitendraProject\controller\userController.js
- D:\NodeJs-JitendraProject\routes\userRoute.js
- D:\NodeJs-JitendraProject\app.js
Error: Cannot find module '../models/user/registerModel'
Require stack:
- D:\NodeJs-JitendraProject\controller\userController.js
- D:\NodeJs-JitendraProject\routes\userRoute.js
- D:\NodeJs-JitendraProject\app.js
    at Module._resolveFilename (node:internal/modules/cjs/loader:1090:15)
    at Module._load (node:internal/modules/cjs/loader:934:27)
    at Module.require (node:internal/modules/cjs/loader:1157:19)
    at require (node:internal/modules/helpers:119:18)
    at Object.<anonymous> (D:\NodeJs-JitendraProject\controller\userController.js:5:14)
    at Module._compile (node:internal/modules/cjs/loader:1275:14)
    at Module._extensions..js (node:internal/modules/cjs/loader:1329:10)
    at Module.load (node:internal/modules/cjs/loader:1133:32)
    at Module._load (node:internal/modules/cjs/loader:972:12)
    at Module.require (node:internal/modules/cjs/loader:1157:19)
[8/22/2023, 11:00:56 AM] error: uncaughtException: Cannot find module '../models/user/registerModel'
Require stack:
- D:\NodeJs-JitendraProject\controller\userController.js
- D:\NodeJs-JitendraProject\routes\userRoute.js
- D:\NodeJs-JitendraProject\app.js
Error: Cannot find module '../models/user/registerModel'
Require stack:
- D:\NodeJs-JitendraProject\controller\userController.js
- D:\NodeJs-JitendraProject\routes\userRoute.js
- D:\NodeJs-JitendraProject\app.js
    at Module._resolveFilename (node:internal/modules/cjs/loader:1090:15)
    at Module._load (node:internal/modules/cjs/loader:934:27)
    at Module.require (node:internal/modules/cjs/loader:1157:19)
    at require (node:internal/modules/helpers:119:18)
    at Object.<anonymous> (D:\NodeJs-JitendraProject\controller\userController.js:5:14)
    at Module._compile (node:internal/modules/cjs/loader:1275:14)
    at Module._extensions..js (node:internal/modules/cjs/loader:1329:10)
    at Module.load (node:internal/modules/cjs/loader:1133:32)
    at Module._load (node:internal/modules/cjs/loader:972:12)
    at Module.require (node:internal/modules/cjs/loader:1157:19)
[8/22/2023, 11:00:59 AM] error: uncaughtException: Cannot find module '../models/user/registerModel'
Require stack:
- D:\NodeJs-JitendraProject\controller\userController.js
- D:\NodeJs-JitendraProject\routes\userRoute.js
- D:\NodeJs-JitendraProject\app.js
Error: Cannot find module '../models/user/registerModel'
Require stack:
- D:\NodeJs-JitendraProject\controller\userController.js
- D:\NodeJs-JitendraProject\routes\userRoute.js
- D:\NodeJs-JitendraProject\app.js
    at Module._resolveFilename (node:internal/modules/cjs/loader:1090:15)
    at Module._load (node:internal/modules/cjs/loader:934:27)
    at Module.require (node:internal/modules/cjs/loader:1157:19)
    at require (node:internal/modules/helpers:119:18)
    at Object.<anonymous> (D:\NodeJs-JitendraProject\controller\userController.js:5:14)
    at Module._compile (node:internal/modules/cjs/loader:1275:14)
    at Module._extensions..js (node:internal/modules/cjs/loader:1329:10)
    at Module.load (node:internal/modules/cjs/loader:1133:32)
    at Module._load (node:internal/modules/cjs/loader:972:12)
    at Module.require (node:internal/modules/cjs/loader:1157:19)
[8/22/2023, 11:01:02 AM] error: uncaughtException: Cannot find module '../models/user/registerModel'
Require stack:
- D:\NodeJs-JitendraProject\controller\userController.js
- D:\NodeJs-JitendraProject\routes\userRoute.js
- D:\NodeJs-JitendraProject\app.js
Error: Cannot find module '../models/user/registerModel'
Require stack:
- D:\NodeJs-JitendraProject\controller\userController.js
- D:\NodeJs-JitendraProject\routes\userRoute.js
- D:\NodeJs-JitendraProject\app.js
    at Module._resolveFilename (node:internal/modules/cjs/loader:1090:15)
    at Module._load (node:internal/modules/cjs/loader:934:27)
    at Module.require (node:internal/modules/cjs/loader:1157:19)
    at require (node:internal/modules/helpers:119:18)
    at Object.<anonymous> (D:\NodeJs-JitendraProject\controller\userController.js:5:14)
    at Module._compile (node:internal/modules/cjs/loader:1275:14)
    at Module._extensions..js (node:internal/modules/cjs/loader:1329:10)
    at Module.load (node:internal/modules/cjs/loader:1133:32)
    at Module._load (node:internal/modules/cjs/loader:972:12)
    at Module.require (node:internal/modules/cjs/loader:1157:19)
[8/22/2023, 11:01:36 AM] error: uncaughtException: Cannot find module '../../models/user/registerModel'
Require stack:
- D:\NodeJs-JitendraProject\helpers\authentication\sendEmailActivation.js
- D:\NodeJs-JitendraProject\controller\userController.js
- D:\NodeJs-JitendraProject\routes\userRoute.js
- D:\NodeJs-JitendraProject\app.js
Error: Cannot find module '../../models/user/registerModel'
Require stack:
- D:\NodeJs-JitendraProject\helpers\authentication\sendEmailActivation.js
- D:\NodeJs-JitendraProject\controller\userController.js
- D:\NodeJs-JitendraProject\routes\userRoute.js
- D:\NodeJs-JitendraProject\app.js
    at Module._resolveFilename (node:internal/modules/cjs/loader:1090:15)
    at Module._load (node:internal/modules/cjs/loader:934:27)
    at Module.require (node:internal/modules/cjs/loader:1157:19)
    at require (node:internal/modules/helpers:119:18)
    at Object.<anonymous> (D:\NodeJs-JitendraProject\helpers\authentication\sendEmailActivation.js:3:22)
    at Module._compile (node:internal/modules/cjs/loader:1275:14)
    at Module._extensions..js (node:internal/modules/cjs/loader:1329:10)
    at Module.load (node:internal/modules/cjs/loader:1133:32)
    at Module._load (node:internal/modules/cjs/loader:972:12)
    at Module.require (node:internal/modules/cjs/loader:1157:19)
[8/22/2023, 11:01:43 AM] info: Connection to DB established successfully.
[8/22/2023, 11:01:54 AM] info: Connection to DB established successfully.
[8/24/2023, 12:51:20 PM] info: Connection to DB established successfully.
[8/24/2023, 12:54:44 PM] info: Connection to DB established successfully.
[8/24/2023, 12:54:50 PM] info: Connection to DB established successfully.
[8/24/2023, 12:55:44 PM] info: Connection to DB established successfully.
[8/24/2023, 12:55:50 PM] info: Connection to DB established successfully.
[8/24/2023, 12:56:39 PM] info: Connection to DB established successfully.
[8/24/2023, 1:37:08 PM] info: Connection to DB established successfully.
[8/24/2023, 2:18:26 PM] info: MySQL-DB connection closed.
[8/24/2023, 2:20:15 PM] info: Connection to DB established successfully.
[8/24/2023, 2:23:12 PM] info: Connection to DB established successfully.
[8/24/2023, 2:28:22 PM] info: Connection to DB established successfully.
[8/24/2023, 2:31:58 PM] info: Connection to DB established successfully.
[8/24/2023, 2:36:34 PM] info: Connection to DB established successfully.
[8/24/2023, 2:37:55 PM] info: Connection to DB established successfully.
[8/24/2023, 2:38:58 PM] info: Connection to DB established successfully.
[8/24/2023, 2:41:03 PM] info: Connection to DB established successfully.
[8/24/2023, 2:41:20 PM] error: uncaughtException: Unexpected token 'const'
D:\NodeJs-JitendraProject\routes\indexRoute.js:5
const router = express.Router();
^^^^^

SyntaxError: Unexpected token 'const'
    at internalCompileFunction (node:internal/vm:73:18)
    at wrapSafe (node:internal/modules/cjs/loader:1195:20)
    at Module._compile (node:internal/modules/cjs/loader:1239:27)
    at Module._extensions..js (node:internal/modules/cjs/loader:1329:10)
    at Module.load (node:internal/modules/cjs/loader:1133:32)
    at Module._load (node:internal/modules/cjs/loader:972:12)
    at Module.require (node:internal/modules/cjs/loader:1157:19)
    at require (node:internal/modules/helpers:119:18)
    at Object.<anonymous> (D:\NodeJs-JitendraProject\app.js:54:14)
    at Module._compile (node:internal/modules/cjs/loader:1275:14)
[8/24/2023, 2:41:25 PM] error: uncaughtException: Missing initializer in const declaration
D:\NodeJs-JitendraProject\routes\indexRoute.js:4
const get
      ^^^

SyntaxError: Missing initializer in const declaration
    at internalCompileFunction (node:internal/vm:73:18)
    at wrapSafe (node:internal/modules/cjs/loader:1195:20)
    at Module._compile (node:internal/modules/cjs/loader:1239:27)
    at Module._extensions..js (node:internal/modules/cjs/loader:1329:10)
    at Module.load (node:internal/modules/cjs/loader:1133:32)
    at Module._load (node:internal/modules/cjs/loader:972:12)
    at Module.require (node:internal/modules/cjs/loader:1157:19)
    at require (node:internal/modules/helpers:119:18)
    at Object.<anonymous> (D:\NodeJs-JitendraProject\app.js:54:14)
    at Module._compile (node:internal/modules/cjs/loader:1275:14)
[8/24/2023, 2:41:33 PM] error: uncaughtException: Missing initializer in const declaration
D:\NodeJs-JitendraProject\routes\indexRoute.js:4
const getValidation
      ^^^^^^^^^^^^^

SyntaxError: Missing initializer in const declaration
    at internalCompileFunction (node:internal/vm:73:18)
    at wrapSafe (node:internal/modules/cjs/loader:1195:20)
    at Module._compile (node:internal/modules/cjs/loader:1239:27)
    at Module._extensions..js (node:internal/modules/cjs/loader:1329:10)
    at Module.load (node:internal/modules/cjs/loader:1133:32)
    at Module._load (node:internal/modules/cjs/loader:972:12)
    at Module.require (node:internal/modules/cjs/loader:1157:19)
    at require (node:internal/modules/helpers:119:18)
    at Object.<anonymous> (D:\NodeJs-JitendraProject\app.js:54:14)
    at Module._compile (node:internal/modules/cjs/loader:1275:14)
[8/24/2023, 2:41:41 PM] error: uncaughtException: Cannot find module '../controller/getValidations'
Require stack:
- D:\NodeJs-JitendraProject\routes\indexRoute.js
- D:\NodeJs-JitendraProject\app.js
Error: Cannot find module '../controller/getValidations'
Require stack:
- D:\NodeJs-JitendraProject\routes\indexRoute.js
- D:\NodeJs-JitendraProject\app.js
    at Module._resolveFilename (node:internal/modules/cjs/loader:1090:15)
    at Module._load (node:internal/modules/cjs/loader:934:27)
    at Module.require (node:internal/modules/cjs/loader:1157:19)
    at require (node:internal/modules/helpers:119:18)
    at Object.<anonymous> (D:\NodeJs-JitendraProject\routes\indexRoute.js:4:24)
    at Module._compile (node:internal/modules/cjs/loader:1275:14)
    at Module._extensions..js (node:internal/modules/cjs/loader:1329:10)
    at Module.load (node:internal/modules/cjs/loader:1133:32)
    at Module._load (node:internal/modules/cjs/loader:972:12)
    at Module.require (node:internal/modules/cjs/loader:1157:19)
[8/24/2023, 2:41:47 PM] error: uncaughtException: Cannot find module 'D:\NodeJs-JitendraProject\index.js'. Please verify that the package.json has a valid "main" entry
Error: Cannot find module 'D:\NodeJs-JitendraProject\index.js'. Please verify that the package.json has a valid "main" entry
    at tryPackage (node:internal/modules/cjs/loader:448:19)
    at Module._findPath (node:internal/modules/cjs/loader:692:18)
    at Module._resolveFilename (node:internal/modules/cjs/loader:1076:27)
    at Module._load (node:internal/modules/cjs/loader:934:27)
    at Module.require (node:internal/modules/cjs/loader:1157:19)
    at require (node:internal/modules/helpers:119:18)
    at Object.<anonymous> (D:\NodeJs-JitendraProject\routes\indexRoute.js:4:24)
    at Module._compile (node:internal/modules/cjs/loader:1275:14)
    at Module._extensions..js (node:internal/modules/cjs/loader:1329:10)
    at Module.load (node:internal/modules/cjs/loader:1133:32)
[8/24/2023, 2:41:50 PM] error: uncaughtException: Cannot find module '../helpers/'
Require stack:
- D:\NodeJs-JitendraProject\routes\indexRoute.js
- D:\NodeJs-JitendraProject\app.js
Error: Cannot find module '../helpers/'
Require stack:
- D:\NodeJs-JitendraProject\routes\indexRoute.js
- D:\NodeJs-JitendraProject\app.js
    at Module._resolveFilename (node:internal/modules/cjs/loader:1090:15)
    at Module._load (node:internal/modules/cjs/loader:934:27)
    at Module.require (node:internal/modules/cjs/loader:1157:19)
    at require (node:internal/modules/helpers:119:18)
    at Object.<anonymous> (D:\NodeJs-JitendraProject\routes\indexRoute.js:4:24)
    at Module._compile (node:internal/modules/cjs/loader:1275:14)
    at Module._extensions..js (node:internal/modules/cjs/loader:1329:10)
    at Module.load (node:internal/modules/cjs/loader:1133:32)
    at Module._load (node:internal/modules/cjs/loader:972:12)
    at Module.require (node:internal/modules/cjs/loader:1157:19)
[8/24/2023, 2:41:54 PM] info: Connection to DB established successfully.
[8/24/2023, 2:42:00 PM] info: Connection to DB established successfully.
[8/24/2023, 2:42:11 PM] info: Connection to DB established successfully.
[8/24/2023, 2:42:18 PM] info: Connection to DB established successfully.
[8/24/2023, 2:42:22 PM] info: Connection to DB established successfully.
[8/24/2023, 2:43:24 PM] info: Connection to DB established successfully.
[8/24/2023, 2:43:52 PM] error: uncaughtException: Unexpected token '.'
D:\NodeJs-JitendraProject\helpers\validator\getInTouchValidation.js:14
        .withMessage('message is required')
        ^

SyntaxError: Unexpected token '.'
    at internalCompileFunction (node:internal/vm:73:18)
    at wrapSafe (node:internal/modules/cjs/loader:1195:20)
    at Module._compile (node:internal/modules/cjs/loader:1239:27)
    at Module._extensions..js (node:internal/modules/cjs/loader:1329:10)
    at Module.load (node:internal/modules/cjs/loader:1133:32)
    at Module._load (node:internal/modules/cjs/loader:972:12)
    at Module.require (node:internal/modules/cjs/loader:1157:19)
    at require (node:internal/modules/helpers:119:18)
    at Object.<anonymous> (D:\NodeJs-JitendraProject\routes\indexRoute.js:7:5)
    at Module._compile (node:internal/modules/cjs/loader:1275:14)
[8/24/2023, 2:43:55 PM] info: Connection to DB established successfully.
[8/24/2023, 2:44:00 PM] info: Connection to DB established successfully.
[8/24/2023, 2:44:05 PM] info: Connection to DB established successfully.
[8/24/2023, 2:44:20 PM] info: Connection to DB established successfully.
[8/24/2023, 2:44:31 PM] info: Connection to DB established successfully.
[8/24/2023, 2:45:35 PM] info: Connection to DB established successfully.
[8/24/2023, 2:45:43 PM] info: Connection to DB established successfully.
[8/24/2023, 2:46:40 PM] info: Connection to DB established successfully.
[8/24/2023, 2:46:44 PM] info: Connection to DB established successfully.
[8/24/2023, 2:47:53 PM] info: Connection to DB established successfully.
[8/24/2023, 2:48:07 PM] info: Connection to DB established successfully.
[8/24/2023, 2:48:11 PM] info: Connection to DB established successfully.
[8/24/2023, 2:48:38 PM] info: Connection to DB established successfully.
[8/24/2023, 2:48:49 PM] info: Connection to DB established successfully.
[8/24/2023, 2:49:28 PM] info: Connection to DB established successfully.
[8/24/2023, 2:49:59 PM] info: Connection to DB established successfully.
[8/24/2023, 2:52:51 PM] info: Connection to DB established successfully.
[8/24/2023, 2:53:32 PM] info: Connection to DB established successfully.
[8/24/2023, 2:55:00 PM] info: Connection to DB established successfully.
[8/24/2023, 2:55:11 PM] info: Connection to DB established successfully.
[8/24/2023, 2:55:16 PM] info: Connection to DB established successfully.
[8/24/2023, 3:12:57 PM] info: Connection to DB established successfully.
[8/24/2023, 3:13:57 PM] info: Connection to DB established successfully.
[8/24/2023, 3:14:16 PM] info: Connection to DB established successfully.
[8/24/2023, 3:15:00 PM] info: Connection to DB established successfully.
[8/24/2023, 3:20:32 PM] info: Connection to DB established successfully.
[8/24/2023, 3:20:38 PM] info: Connection to DB established successfully.
[8/24/2023, 3:20:43 PM] error: uncaughtException: missing ) after argument list
D:\NodeJs-JitendraProject\routes\indexRoute.js:13
router.get('/',gge async (req, res) => {
               ^^^

SyntaxError: missing ) after argument list
    at internalCompileFunction (node:internal/vm:73:18)
    at wrapSafe (node:internal/modules/cjs/loader:1195:20)
    at Module._compile (node:internal/modules/cjs/loader:1239:27)
    at Module._extensions..js (node:internal/modules/cjs/loader:1329:10)
    at Module.load (node:internal/modules/cjs/loader:1133:32)
    at Module._load (node:internal/modules/cjs/loader:972:12)
    at Module.require (node:internal/modules/cjs/loader:1157:19)
    at require (node:internal/modules/helpers:119:18)
    at Object.<anonymous> (D:\NodeJs-JitendraProject\app.js:54:14)
    at Module._compile (node:internal/modules/cjs/loader:1275:14)
[8/24/2023, 3:21:05 PM] info: Connection to DB established successfully.
[8/24/2023, 3:22:08 PM] error: uncaughtException: getInValidation is not a function
TypeError: getInValidation is not a function
    at Object.<anonymous> (D:\NodeJs-JitendraProject\routes\indexRoute.js:13:17)
    at Module._compile (node:internal/modules/cjs/loader:1275:14)
    at Module._extensions..js (node:internal/modules/cjs/loader:1329:10)
    at Module.load (node:internal/modules/cjs/loader:1133:32)
    at Module._load (node:internal/modules/cjs/loader:972:12)
    at Module.require (node:internal/modules/cjs/loader:1157:19)
    at require (node:internal/modules/helpers:119:18)
    at Object.<anonymous> (D:\NodeJs-JitendraProject\app.js:54:14)
    at Module._compile (node:internal/modules/cjs/loader:1275:14)
    at Module._extensions..js (node:internal/modules/cjs/loader:1329:10)
[8/24/2023, 3:22:15 PM] error: uncaughtException: getValidationRules is not defined
ReferenceError: getValidationRules is not defined
    at Object.<anonymous> (D:\NodeJs-JitendraProject\helpers\validator\getInTouchValidation.js:44:5)
    at Module._compile (node:internal/modules/cjs/loader:1275:14)
    at Module._extensions..js (node:internal/modules/cjs/loader:1329:10)
    at Module.load (node:internal/modules/cjs/loader:1133:32)
    at Module._load (node:internal/modules/cjs/loader:972:12)
    at Module.require (node:internal/modules/cjs/loader:1157:19)
    at require (node:internal/modules/helpers:119:18)
    at Object.<anonymous> (D:\NodeJs-JitendraProject\routes\indexRoute.js:7:5)
    at Module._compile (node:internal/modules/cjs/loader:1275:14)
    at Module._extensions..js (node:internal/modules/cjs/loader:1329:10)
[8/24/2023, 3:22:26 PM] error: uncaughtException: getValidationRules is not defined
ReferenceError: getValidationRules is not defined
    at Object.<anonymous> (D:\NodeJs-JitendraProject\helpers\validator\getInTouchValidation.js:44:5)
    at Module._compile (node:internal/modules/cjs/loader:1275:14)
    at Module._extensions..js (node:internal/modules/cjs/loader:1329:10)
    at Module.load (node:internal/modules/cjs/loader:1133:32)
    at Module._load (node:internal/modules/cjs/loader:972:12)
    at Module.require (node:internal/modules/cjs/loader:1157:19)
    at require (node:internal/modules/helpers:119:18)
    at Object.<anonymous> (D:\NodeJs-JitendraProject\routes\indexRoute.js:7:5)
    at Module._compile (node:internal/modules/cjs/loader:1275:14)
    at Module._extensions..js (node:internal/modules/cjs/loader:1329:10)
[8/24/2023, 3:22:35 PM] error: uncaughtException: getValidationRules is not defined
ReferenceError: getValidationRules is not defined
    at Object.<anonymous> (D:\NodeJs-JitendraProject\helpers\validator\getInTouchValidation.js:44:5)
    at Module._compile (node:internal/modules/cjs/loader:1275:14)
    at Module._extensions..js (node:internal/modules/cjs/loader:1329:10)
    at Module.load (node:internal/modules/cjs/loader:1133:32)
    at Module._load (node:internal/modules/cjs/loader:972:12)
    at Module.require (node:internal/modules/cjs/loader:1157:19)
    at require (node:internal/modules/helpers:119:18)
    at Object.<anonymous> (D:\NodeJs-JitendraProject\routes\indexRoute.js:7:5)
    at Module._compile (node:internal/modules/cjs/loader:1275:14)
    at Module._extensions..js (node:internal/modules/cjs/loader:1329:10)
[8/24/2023, 3:22:37 PM] error: uncaughtException: getValidationRules is not defined
ReferenceError: getValidationRules is not defined
    at Object.<anonymous> (D:\NodeJs-JitendraProject\helpers\validator\getInTouchValidation.js:44:5)
    at Module._compile (node:internal/modules/cjs/loader:1275:14)
    at Module._extensions..js (node:internal/modules/cjs/loader:1329:10)
    at Module.load (node:internal/modules/cjs/loader:1133:32)
    at Module._load (node:internal/modules/cjs/loader:972:12)
    at Module.require (node:internal/modules/cjs/loader:1157:19)
    at require (node:internal/modules/helpers:119:18)
    at Object.<anonymous> (D:\NodeJs-JitendraProject\routes\indexRoute.js:7:5)
    at Module._compile (node:internal/modules/cjs/loader:1275:14)
    at Module._extensions..js (node:internal/modules/cjs/loader:1329:10)
[8/24/2023, 3:22:59 PM] error: uncaughtException: getValidationRules is not defined
ReferenceError: getValidationRules is not defined
    at Object.<anonymous> (D:\NodeJs-JitendraProject\helpers\validator\getInTouchValidation.js:44:5)
    at Module._compile (node:internal/modules/cjs/loader:1275:14)
    at Module._extensions..js (node:internal/modules/cjs/loader:1329:10)
    at Module.load (node:internal/modules/cjs/loader:1133:32)
    at Module._load (node:internal/modules/cjs/loader:972:12)
    at Module.require (node:internal/modules/cjs/loader:1157:19)
    at require (node:internal/modules/helpers:119:18)
    at Object.<anonymous> (D:\NodeJs-JitendraProject\routes\indexRoute.js:7:5)
    at Module._compile (node:internal/modules/cjs/loader:1275:14)
    at Module._extensions..js (node:internal/modules/cjs/loader:1329:10)
[8/24/2023, 3:23:01 PM] error: uncaughtException: getValidationRules is not defined
ReferenceError: getValidationRules is not defined
    at Object.<anonymous> (D:\NodeJs-JitendraProject\helpers\validator\getInTouchValidation.js:44:5)
    at Module._compile (node:internal/modules/cjs/loader:1275:14)
    at Module._extensions..js (node:internal/modules/cjs/loader:1329:10)
    at Module.load (node:internal/modules/cjs/loader:1133:32)
    at Module._load (node:internal/modules/cjs/loader:972:12)
    at Module.require (node:internal/modules/cjs/loader:1157:19)
    at require (node:internal/modules/helpers:119:18)
    at Object.<anonymous> (D:\NodeJs-JitendraProject\routes\indexRoute.js:7:5)
    at Module._compile (node:internal/modules/cjs/loader:1275:14)
    at Module._extensions..js (node:internal/modules/cjs/loader:1329:10)
[8/24/2023, 3:23:03 PM] error: uncaughtException: getValidationRules is not defined
ReferenceError: getValidationRules is not defined
    at Object.<anonymous> (D:\NodeJs-JitendraProject\helpers\validator\getInTouchValidation.js:44:5)
    at Module._compile (node:internal/modules/cjs/loader:1275:14)
    at Module._extensions..js (node:internal/modules/cjs/loader:1329:10)
    at Module.load (node:internal/modules/cjs/loader:1133:32)
    at Module._load (node:internal/modules/cjs/loader:972:12)
    at Module.require (node:internal/modules/cjs/loader:1157:19)
    at require (node:internal/modules/helpers:119:18)
    at Object.<anonymous> (D:\NodeJs-JitendraProject\routes\indexRoute.js:7:5)
    at Module._compile (node:internal/modules/cjs/loader:1275:14)
    at Module._extensions..js (node:internal/modules/cjs/loader:1329:10)
[8/24/2023, 3:23:20 PM] error: uncaughtException: getValidationRules is not defined
ReferenceError: getValidationRules is not defined
    at Object.<anonymous> (D:\NodeJs-JitendraProject\helpers\validator\getInTouchValidation.js:42:5)
    at Module._compile (node:internal/modules/cjs/loader:1275:14)
    at Module._extensions..js (node:internal/modules/cjs/loader:1329:10)
    at Module.load (node:internal/modules/cjs/loader:1133:32)
    at Module._load (node:internal/modules/cjs/loader:972:12)
    at Module.require (node:internal/modules/cjs/loader:1157:19)
    at require (node:internal/modules/helpers:119:18)
    at Object.<anonymous> (D:\NodeJs-JitendraProject\routes\indexRoute.js:7:5)
    at Module._compile (node:internal/modules/cjs/loader:1275:14)
    at Module._extensions..js (node:internal/modules/cjs/loader:1329:10)
[8/24/2023, 3:23:38 PM] info: Connection to DB established successfully.
[8/24/2023, 3:23:50 PM] info: Connection to DB established successfully.
[8/24/2023, 3:24:20 PM] error: notNull Violation: get_in_touchs.number cannot be null
[8/24/2023, 3:26:54 PM] error: uncaughtException: Unexpected token ';'
D:\NodeJs-JitendraProject\controller\getInTouchController.js:52
        return req.;
                   ^

SyntaxError: Unexpected token ';'
    at internalCompileFunction (node:internal/vm:73:18)
    at wrapSafe (node:internal/modules/cjs/loader:1195:20)
    at Module._compile (node:internal/modules/cjs/loader:1239:27)
    at Module._extensions..js (node:internal/modules/cjs/loader:1329:10)
    at Module.load (node:internal/modules/cjs/loader:1133:32)
    at Module._load (node:internal/modules/cjs/loader:972:12)
    at Module.require (node:internal/modules/cjs/loader:1157:19)
    at require (node:internal/modules/helpers:119:18)
    at Object.<anonymous> (D:\NodeJs-JitendraProject\routes\indexRoute.js:3:25)
    at Module._compile (node:internal/modules/cjs/loader:1275:14)
[8/24/2023, 3:26:57 PM] info: Connection to DB established successfully.
[8/24/2023, 3:27:00 PM] error: uncaughtException: Unexpected token ';'
D:\NodeJs-JitendraProject\controller\getInTouchController.js:52
        return req.;
                   ^

SyntaxError: Unexpected token ';'
    at internalCompileFunction (node:internal/vm:73:18)
    at wrapSafe (node:internal/modules/cjs/loader:1195:20)
    at Module._compile (node:internal/modules/cjs/loader:1239:27)
    at Module._extensions..js (node:internal/modules/cjs/loader:1329:10)
    at Module.load (node:internal/modules/cjs/loader:1133:32)
    at Module._load (node:internal/modules/cjs/loader:972:12)
    at Module.require (node:internal/modules/cjs/loader:1157:19)
    at require (node:internal/modules/helpers:119:18)
    at Object.<anonymous> (D:\NodeJs-JitendraProject\routes\indexRoute.js:3:25)
    at Module._compile (node:internal/modules/cjs/loader:1275:14)
[8/24/2023, 3:27:07 PM] info: Connection to DB established successfully.
[8/24/2023, 3:27:09 PM] info: Connection to DB established successfully.
[8/24/2023, 3:27:14 PM] info: Connection to DB established successfully.
[8/24/2023, 3:27:21 PM] info: Connection to DB established successfully.
[8/24/2023, 3:30:31 PM] info: Connection to DB established successfully.
[8/24/2023, 3:31:19 PM] info: Connection to DB established successfully.
[8/24/2023, 3:31:58 PM] info: Connection to DB established successfully.
[8/24/2023, 3:32:22 PM] error: uncaughtException: Missing catch or finally after try
D:\NodeJs-JitendraProject\controller\getInTouchController.js:9
    }
    ^

SyntaxError: Missing catch or finally after try
    at internalCompileFunction (node:internal/vm:73:18)
    at wrapSafe (node:internal/modules/cjs/loader:1195:20)
    at Module._compile (node:internal/modules/cjs/loader:1239:27)
    at Module._extensions..js (node:internal/modules/cjs/loader:1329:10)
    at Module.load (node:internal/modules/cjs/loader:1133:32)
    at Module._load (node:internal/modules/cjs/loader:972:12)
    at Module.require (node:internal/modules/cjs/loader:1157:19)
    at require (node:internal/modules/helpers:119:18)
    at Object.<anonymous> (D:\NodeJs-JitendraProject\routes\indexRoute.js:3:25)
    at Module._compile (node:internal/modules/cjs/loader:1275:14)
[8/24/2023, 3:32:26 PM] error: uncaughtException: Missing catch or finally after try
D:\NodeJs-JitendraProject\controller\getInTouchController.js:10
    }
    ^

SyntaxError: Missing catch or finally after try
    at internalCompileFunction (node:internal/vm:73:18)
    at wrapSafe (node:internal/modules/cjs/loader:1195:20)
    at Module._compile (node:internal/modules/cjs/loader:1239:27)
    at Module._extensions..js (node:internal/modules/cjs/loader:1329:10)
    at Module.load (node:internal/modules/cjs/loader:1133:32)
    at Module._load (node:internal/modules/cjs/loader:972:12)
    at Module.require (node:internal/modules/cjs/loader:1157:19)
    at require (node:internal/modules/helpers:119:18)
    at Object.<anonymous> (D:\NodeJs-JitendraProject\routes\indexRoute.js:3:25)
    at Module._compile (node:internal/modules/cjs/loader:1275:14)
[8/24/2023, 3:32:29 PM] error: uncaughtException: Missing catch or finally after try
D:\NodeJs-JitendraProject\controller\getInTouchController.js:10
    }cac
    ^

SyntaxError: Missing catch or finally after try
    at internalCompileFunction (node:internal/vm:73:18)
    at wrapSafe (node:internal/modules/cjs/loader:1195:20)
    at Module._compile (node:internal/modules/cjs/loader:1239:27)
    at Module._extensions..js (node:internal/modules/cjs/loader:1329:10)
    at Module.load (node:internal/modules/cjs/loader:1133:32)
    at Module._load (node:internal/modules/cjs/loader:972:12)
    at Module.require (node:internal/modules/cjs/loader:1157:19)
    at require (node:internal/modules/helpers:119:18)
    at Object.<anonymous> (D:\NodeJs-JitendraProject\routes\indexRoute.js:3:25)
    at Module._compile (node:internal/modules/cjs/loader:1275:14)
[8/24/2023, 3:32:40 PM] error: uncaughtException: Missing catch or finally after try
D:\NodeJs-JitendraProject\controller\getInTouchController.js:10
    }} catch (error) {
    ^

SyntaxError: Missing catch or finally after try
    at internalCompileFunction (node:internal/vm:73:18)
    at wrapSafe (node:internal/modules/cjs/loader:1195:20)
    at Module._compile (node:internal/modules/cjs/loader:1239:27)
    at Module._extensions..js (node:internal/modules/cjs/loader:1329:10)
    at Module.load (node:internal/modules/cjs/loader:1133:32)
    at Module._load (node:internal/modules/cjs/loader:972:12)
    at Module.require (node:internal/modules/cjs/loader:1157:19)
    at require (node:internal/modules/helpers:119:18)
    at Object.<anonymous> (D:\NodeJs-JitendraProject\routes\indexRoute.js:3:25)
    at Module._compile (node:internal/modules/cjs/loader:1275:14)
[8/24/2023, 3:32:44 PM] info: Connection to DB established successfully.
[8/24/2023, 3:32:50 PM] info: Connection to DB established successfully.
[8/24/2023, 3:38:52 PM] info: Connection to DB established successfully.
[8/24/2023, 3:39:01 PM] info: Connection to DB established successfully.
[8/24/2023, 3:39:13 PM] info: Connection to DB established successfully.
[8/24/2023, 3:39:48 PM] error: notNull Violation: get_in_touchs.number cannot be null
[8/24/2023, 3:40:32 PM] error: uncaughtException: Missing catch or finally after try
D:\NodeJs-JitendraProject\controller\getInTouchController.js:10
};
^

SyntaxError: Missing catch or finally after try
    at internalCompileFunction (node:internal/vm:73:18)
    at wrapSafe (node:internal/modules/cjs/loader:1195:20)
    at Module._compile (node:internal/modules/cjs/loader:1239:27)
    at Module._extensions..js (node:internal/modules/cjs/loader:1329:10)
    at Module.load (node:internal/modules/cjs/loader:1133:32)
    at Module._load (node:internal/modules/cjs/loader:972:12)
    at Module.require (node:internal/modules/cjs/loader:1157:19)
    at require (node:internal/modules/helpers:119:18)
    at Object.<anonymous> (D:\NodeJs-JitendraProject\routes\indexRoute.js:3:25)
    at Module._compile (node:internal/modules/cjs/loader:1275:14)
[8/24/2023, 3:40:34 PM] info: Connection to DB established successfully.
[8/24/2023, 3:40:39 PM] info: Connection to DB established successfully.
[8/24/2023, 3:40:44 PM] error: uncaughtException: Unexpected token 'catch'
D:\NodeJs-JitendraProject\controller\getInTouchController.js:9
    } catch (error) {
      ^^^^^

SyntaxError: Unexpected token 'catch'
    at internalCompileFunction (node:internal/vm:73:18)
    at wrapSafe (node:internal/modules/cjs/loader:1195:20)
    at Module._compile (node:internal/modules/cjs/loader:1239:27)
    at Module._extensions..js (node:internal/modules/cjs/loader:1329:10)
    at Module.load (node:internal/modules/cjs/loader:1133:32)
    at Module._load (node:internal/modules/cjs/loader:972:12)
    at Module.require (node:internal/modules/cjs/loader:1157:19)
    at require (node:internal/modules/helpers:119:18)
    at Object.<anonymous> (D:\NodeJs-JitendraProject\routes\indexRoute.js:3:25)
    at Module._compile (node:internal/modules/cjs/loader:1275:14)
[8/24/2023, 3:40:49 PM] info: Connection to DB established successfully.
[8/24/2023, 3:40:55 PM] info: Connection to DB established successfully.
[8/24/2023, 3:41:22 PM] info: Connection to DB established successfully.
[8/24/2023, 3:42:14 PM] info: Connection to DB established successfully.
[8/24/2023, 3:43:00 PM] info: Connection to DB established successfully.
[8/24/2023, 3:43:07 PM] info: Connection to DB established successfully.
[8/24/2023, 3:43:12 PM] error: notNull Violation: get_in_touchs.number cannot be null
[8/24/2023, 3:52:43 PM] error: notNull Violation: get_in_touchs.number cannot be null
[8/24/2023, 3:53:18 PM] error: notNull Violation: get_in_touchs.pnumber cannot be null
[8/24/2023, 3:53:18 PM] info: Connection to DB established successfully.
[8/24/2023, 3:53:20 PM] info: Connection to DB established successfully.
[8/24/2023, 3:53:49 PM] info: Connection to DB established successfully.
[8/24/2023, 3:55:01 PM] info: Connection to DB established successfully.
[8/24/2023, 3:56:15 PM] info: Connection to DB established successfully.
[8/24/2023, 3:57:16 PM] info: Connection to DB established successfully.
[8/24/2023, 3:57:40 PM] info: Connection to DB established successfully.
[8/24/2023, 3:57:46 PM] info: Connection to DB established successfully.
[8/24/2023, 3:57:59 PM] info: Application  Email sent to: pardhijitu7694@gmail.com
[8/24/2023, 3:58:04 PM] error: Invalid login: 535-5.7.8 Username and Password not accepted. Learn more at
535 5.7.8  https://support.google.com/mail/?p=BadCredentials d14-20020aa7814e000000b00686e00313easm10722521pfn.157 - gsmtp
[8/24/2023, 3:58:04 PM] error: Invalid login: 535-5.7.8 Username and Password not accepted. Learn more at
535 5.7.8  https://support.google.com/mail/?p=BadCredentials d8-20020aa78148000000b00687375d9135sm10807114pfn.4 - gsmtp
[8/24/2023, 4:02:53 PM] info: Connection to DB established successfully.
[8/24/2023, 4:03:11 PM] info: Application  Email sent to: pardhijitu7694@gmail.com
[8/24/2023, 4:03:15 PM] error: Invalid login: 535-5.7.8 Username and Password not accepted. Learn more at
535 5.7.8  https://support.google.com/mail/?p=BadCredentials 4-20020a170902c24400b001bf10059251sm12384882plg.239 - gsmtp
[8/24/2023, 4:03:16 PM] error: Invalid login: 535-5.7.8 Username and Password not accepted. Learn more at
535 5.7.8  https://support.google.com/mail/?p=BadCredentials i26-20020aa787da000000b0068a6972ca0esm4468177pfo.106 - gsmtp
[8/24/2023, 4:03:48 PM] info: Connection to DB established successfully.
[8/24/2023, 4:04:20 PM] info: Connection to DB established successfully.
[8/24/2023, 4:04:26 PM] info: Connection to DB established successfully.
[8/24/2023, 4:04:33 PM] info: Connection to DB established successfully.
[8/24/2023, 4:04:44 PM] info: Application  Email sent to: pardhijitu7694@gmail.com
[8/24/2023, 4:04:45 PM] error: Invalid login: 535-5.7.8 Username and Password not accepted. Learn more at
535 5.7.8  https://support.google.com/mail/?p=BadCredentials x9-20020a656aa9000000b00563ea47c948sm10147845pgu.53 - gsmtp
[8/24/2023, 4:04:46 PM] error: Invalid login: 535-5.7.8 Username and Password not accepted. Learn more at
535 5.7.8  https://support.google.com/mail/?p=BadCredentials h16-20020a62b410000000b00687260020b1sm10805014pfn.72 - gsmtp
[8/24/2023, 4:06:50 PM] info: Connection to DB established successfully.
[8/24/2023, 4:14:29 PM] info: Application  Email sent to: pardhijitu7694@gmail.com
[8/24/2023, 4:14:33 PM] error: Invalid login: 535-5.7.8 Username and Password not accepted. Learn more at
535 5.7.8  https://support.google.com/mail/?p=BadCredentials 10-20020a170902c14a00b001bba7aab822sm12486580plj.5 - gsmtp
[8/24/2023, 4:14:34 PM] error: Invalid login: 535-5.7.8 Username and Password not accepted. Learn more at
535 5.7.8  https://support.google.com/mail/?p=BadCredentials x24-20020aa793b8000000b006887b72ba38sm8029772pff.164 - gsmtp
[8/24/2023, 4:17:12 PM] info: Application  Email sent to: pardhijitu7694@gmail.com
[8/24/2023, 4:17:13 PM] error: Invalid login: 535-5.7.8 Username and Password not accepted. Learn more at
535 5.7.8  https://support.google.com/mail/?p=BadCredentials k5-20020aa792c5000000b0068a0922b1f0sm8996299pfa.137 - gsmtp
[8/24/2023, 4:17:14 PM] error: Invalid login: 535-5.7.8 Username and Password not accepted. Learn more at
535 5.7.8  https://support.google.com/mail/?p=BadCredentials x7-20020a056a00270700b0068bda522245sm2640360pfv.155 - gsmtp
[8/24/2023, 4:17:29 PM] info: Connection to DB established successfully.
[8/24/2023, 4:18:42 PM] info: Connection to DB established successfully.
[8/24/2023, 4:18:50 PM] info: Connection to DB established successfully.
[8/24/2023, 4:18:54 PM] info: Connection to DB established successfully.
[8/24/2023, 4:18:58 PM] info: Connection to DB established successfully.
[8/24/2023, 4:19:11 PM] info: Application  Email sent to: pardhijitu7694@gmail.com
[8/24/2023, 4:19:13 PM] error: Invalid login: 535-5.7.8 Username and Password not accepted. Learn more at
535 5.7.8  https://support.google.com/mail/?p=BadCredentials u1-20020a170902e80100b001b51b3e84cesm12458504plg.166 - gsmtp
[8/24/2023, 4:19:13 PM] error: Invalid login: 535-5.7.8 Username and Password not accepted. Learn more at
535 5.7.8  https://support.google.com/mail/?p=BadCredentials w13-20020aa7858d000000b0068be3489b0dsm2204455pfn.172 - gsmtp
[8/24/2023, 4:19:42 PM] info: Connection to DB established successfully.
[8/24/2023, 4:20:44 PM] info: Application  Email sent to: pardhijitu7694@gmail.com
[8/24/2023, 4:20:49 PM] error: Invalid login: 535-5.7.8 Username and Password not accepted. Learn more at
535 5.7.8  https://support.google.com/mail/?p=BadCredentials c4-20020a170902c1c400b001bf8779e051sm7778606plc.289 - gsmtp
[8/24/2023, 4:20:49 PM] error: Invalid login: 535-5.7.8 Username and Password not accepted. Learn more at
535 5.7.8  https://support.google.com/mail/?p=BadCredentials b5-20020aa78705000000b0068746ab9aebsm11151158pfo.14 - gsmtp
[8/24/2023, 4:33:47 PM] info: Connection to DB established successfully.
[8/24/2023, 4:33:55 PM] info: Connection to DB established successfully.
[8/24/2023, 4:36:03 PM] info: Connection to DB established successfully.
[8/24/2023, 4:37:38 PM] info: Application  Email sent to: pardhijitu7694@gmail.com
[8/24/2023, 4:37:43 PM] error: Invalid login: 535-5.7.8 Username and Password not accepted. Learn more at
535 5.7.8  https://support.google.com/mail/?p=BadCredentials g6-20020a62e306000000b0068bbd43a6e2sm3723921pfh.10 - gsmtp
[8/24/2023, 4:37:43 PM] error: Invalid login: 535-5.7.8 Username and Password not accepted. Learn more at
535 5.7.8  https://support.google.com/mail/?p=BadCredentials x7-20020a056a00270700b0068bda522245sm2676421pfv.155 - gsmtp
[8/24/2023, 4:42:04 PM] info: Connection to DB established successfully.
[8/24/2023, 4:53:38 PM] info: Connection to DB established successfully.
[8/24/2023, 4:53:55 PM] info: Connection to DB established successfully.
[8/24/2023, 4:58:45 PM] info: Connection to DB established successfully.
[8/24/2023, 4:59:27 PM] info: Application  Email sent to: pardhijitu7694@gmail.com
[8/24/2023, 4:59:32 PM] error: Invalid login: 535-5.7.8 Username and Password not accepted. Learn more at
535 5.7.8  https://support.google.com/mail/?p=BadCredentials t7-20020a17090aba8700b0026b3773043dsm1386311pjr.22 - gsmtp
[8/24/2023, 4:59:32 PM] error: Invalid login: 535-5.7.8 Username and Password not accepted. Learn more at
535 5.7.8  https://support.google.com/mail/?p=BadCredentials bi9-20020a170902bf0900b001bd99fd1114sm12577274plb.288 - gsmtp
[8/24/2023, 5:01:51 PM] info: Connection to DB established successfully.
[8/24/2023, 5:02:05 PM] info: Application  Email sent to: pardhijitu7694@gmail.com
[8/24/2023, 5:02:06 PM] error: Invalid login: 535-5.7.8 Username and Password not accepted. Learn more at
535 5.7.8  https://support.google.com/mail/?p=BadCredentials n11-20020a170902d2cb00b001bba1475c92sm12609126plc.113 - gsmtp
[8/24/2023, 5:02:09 PM] error: Invalid login: 535-5.7.8 Username and Password not accepted. Learn more at
535 5.7.8  https://support.google.com/mail/?p=BadCredentials z11-20020a6552cb000000b0056428865aadsm10205510pgp.82 - gsmtp
[8/24/2023, 5:02:17 PM] info: Connection to DB established successfully.
[8/24/2023, 5:05:22 PM] info: Application  Email sent to: pardhijitu7694@gmail.com
[8/24/2023, 5:05:26 PM] error: Invalid login: 535-5.7.8 Username and Password not accepted. Learn more at
535 5.7.8  https://support.google.com/mail/?p=BadCredentials fm21-20020a056a002f9500b00689fbc13a33sm2660860pfb.124 - gsmtp
[8/24/2023, 5:05:26 PM] error: Invalid login: 535-5.7.8 Username and Password not accepted. Learn more at
535 5.7.8  https://support.google.com/mail/?p=BadCredentials c5-20020a170902d90500b001bc21222e34sm12536437plz.285 - gsmtp
[8/24/2023, 5:08:35 PM] info: Connection to DB established successfully.
[8/24/2023, 5:08:50 PM] info: Connection to DB established successfully.
[8/24/2023, 5:12:29 PM] info: Application  Email sent to: pardhijitu7694@gmail.com
[8/24/2023, 5:12:34 PM] error: Invalid login: 535-5.7.8 Username and Password not accepted. Learn more at
535 5.7.8  https://support.google.com/mail/?p=BadCredentials fh22-20020a17090b035600b0025bfda134ccsm1422475pjb.16 - gsmtp
[8/24/2023, 5:12:35 PM] error: Invalid login: 535-5.7.8 Username and Password not accepted. Learn more at
535 5.7.8  https://support.google.com/mail/?p=BadCredentials jc18-20020a17090325d200b001bb892a7a67sm12563817plb.1 - gsmtp
[8/24/2023, 5:15:32 PM] error: uncaughtException: Unexpected identifier 'auth'
D:\NodeJs-JitendraProject\helpers\authentication\init-gmail.js:11
    auth: {
    ^^^^

SyntaxError: Unexpected identifier 'auth'
    at internalCompileFunction (node:internal/vm:73:18)
    at wrapSafe (node:internal/modules/cjs/loader:1195:20)
    at Module._compile (node:internal/modules/cjs/loader:1239:27)
    at Module._extensions..js (node:internal/modules/cjs/loader:1329:10)
    at Module.load (node:internal/modules/cjs/loader:1133:32)
    at Module._load (node:internal/modules/cjs/loader:972:12)
    at Module.require (node:internal/modules/cjs/loader:1157:19)
    at require (node:internal/modules/helpers:119:18)
    at Object.<anonymous> (D:\NodeJs-JitendraProject\helpers\authentication\getInTouchMail.js:2:20)
    at Module._compile (node:internal/modules/cjs/loader:1275:14)
[8/24/2023, 5:15:39 PM] error: uncaughtException: Unexpected identifier 'auth'
D:\NodeJs-JitendraProject\helpers\authentication\init-gmail.js:12
    auth: {
    ^^^^

SyntaxError: Unexpected identifier 'auth'
    at internalCompileFunction (node:internal/vm:73:18)
    at wrapSafe (node:internal/modules/cjs/loader:1195:20)
    at Module._compile (node:internal/modules/cjs/loader:1239:27)
    at Module._extensions..js (node:internal/modules/cjs/loader:1329:10)
    at Module.load (node:internal/modules/cjs/loader:1133:32)
    at Module._load (node:internal/modules/cjs/loader:972:12)
    at Module.require (node:internal/modules/cjs/loader:1157:19)
    at require (node:internal/modules/helpers:119:18)
    at Object.<anonymous> (D:\NodeJs-JitendraProject\helpers\authentication\getInTouchMail.js:2:20)
    at Module._compile (node:internal/modules/cjs/loader:1275:14)
[8/24/2023, 5:15:42 PM] info: Connection to DB established successfully.
[8/24/2023, 5:15:50 PM] error: uncaughtException: Unexpected identifier 'auth'
D:\NodeJs-JitendraProject\helpers\authentication\init-gmail.js:13
    auth: {
    ^^^^

SyntaxError: Unexpected identifier 'auth'
    at internalCompileFunction (node:internal/vm:73:18)
    at wrapSafe (node:internal/modules/cjs/loader:1195:20)
    at Module._compile (node:internal/modules/cjs/loader:1239:27)
    at Module._extensions..js (node:internal/modules/cjs/loader:1329:10)
    at Module.load (node:internal/modules/cjs/loader:1133:32)
    at Module._load (node:internal/modules/cjs/loader:972:12)
    at Module.require (node:internal/modules/cjs/loader:1157:19)
    at require (node:internal/modules/helpers:119:18)
    at Object.<anonymous> (D:\NodeJs-JitendraProject\helpers\authentication\getInTouchMail.js:2:20)
    at Module._compile (node:internal/modules/cjs/loader:1275:14)
[8/24/2023, 5:15:54 PM] error: uncaughtException: Unexpected identifier 'auth'
D:\NodeJs-JitendraProject\helpers\authentication\init-gmail.js:13
    auth: {
    ^^^^

SyntaxError: Unexpected identifier 'auth'
    at internalCompileFunction (node:internal/vm:73:18)
    at wrapSafe (node:internal/modules/cjs/loader:1195:20)
    at Module._compile (node:internal/modules/cjs/loader:1239:27)
    at Module._extensions..js (node:internal/modules/cjs/loader:1329:10)
    at Module.load (node:internal/modules/cjs/loader:1133:32)
    at Module._load (node:internal/modules/cjs/loader:972:12)
    at Module.require (node:internal/modules/cjs/loader:1157:19)
    at require (node:internal/modules/helpers:119:18)
    at Object.<anonymous> (D:\NodeJs-JitendraProject\helpers\authentication\getInTouchMail.js:2:20)
    at Module._compile (node:internal/modules/cjs/loader:1275:14)
[8/24/2023, 5:15:56 PM] error: uncaughtException: Unexpected identifier 'auth'
D:\NodeJs-JitendraProject\helpers\authentication\init-gmail.js:13
    auth: {
    ^^^^

SyntaxError: Unexpected identifier 'auth'
    at internalCompileFunction (node:internal/vm:73:18)
    at wrapSafe (node:internal/modules/cjs/loader:1195:20)
    at Module._compile (node:internal/modules/cjs/loader:1239:27)
    at Module._extensions..js (node:internal/modules/cjs/loader:1329:10)
    at Module.load (node:internal/modules/cjs/loader:1133:32)
    at Module._load (node:internal/modules/cjs/loader:972:12)
    at Module.require (node:internal/modules/cjs/loader:1157:19)
    at require (node:internal/modules/helpers:119:18)
    at Object.<anonymous> (D:\NodeJs-JitendraProject\helpers\authentication\getInTouchMail.js:2:20)
    at Module._compile (node:internal/modules/cjs/loader:1275:14)
[8/24/2023, 5:16:03 PM] info: Connection to DB established successfully.
[8/24/2023, 5:16:15 PM] info: Connection to DB established successfully.
[8/24/2023, 5:16:23 PM] error: uncaughtException: re is not defined
ReferenceError: re is not defined
    at Object.<anonymous> (D:\NodeJs-JitendraProject\helpers\authentication\init-gmail.js:19:9)
    at Module._compile (node:internal/modules/cjs/loader:1275:14)
    at Module._extensions..js (node:internal/modules/cjs/loader:1329:10)
    at Module.load (node:internal/modules/cjs/loader:1133:32)
    at Module._load (node:internal/modules/cjs/loader:972:12)
    at Module.require (node:internal/modules/cjs/loader:1157:19)
    at require (node:internal/modules/helpers:119:18)
    at Object.<anonymous> (D:\NodeJs-JitendraProject\helpers\authentication\getInTouchMail.js:2:20)
    at Module._compile (node:internal/modules/cjs/loader:1275:14)
    at Module._extensions..js (node:internal/modules/cjs/loader:1329:10)
[8/24/2023, 5:16:27 PM] info: Connection to DB established successfully.
[8/24/2023, 5:16:37 PM] info: Connection to DB established successfully.
[8/24/2023, 5:19:03 PM] info: Application  Email sent to: pardhijitu7694@gmail.com
[8/24/2023, 5:19:07 PM] error: Invalid login: 535-5.7.8 Username and Password not accepted. Learn more at
535 5.7.8  https://support.google.com/mail/?p=BadCredentials d24-20020a17090ac25800b00263ba6a248bsm1429922pjx.1 - gsmtp
[8/24/2023, 5:19:08 PM] error: Invalid login: 535-5.7.8 Username and Password not accepted. Learn more at
535 5.7.8  https://support.google.com/mail/?p=BadCredentials h16-20020a62b410000000b00687260020b1sm10933476pfn.72 - gsmtp
[8/24/2023, 5:31:39 PM] info: Connection to DB established successfully.
[8/24/2023, 5:31:41 PM] info: Connection to DB established successfully.
[8/24/2023, 5:31:44 PM] info: Connection to DB established successfully.
[8/24/2023, 5:31:51 PM] info: Connection to DB established successfully.
[8/24/2023, 5:32:06 PM] info: Application  Email sent to: pardhijitu7694@gmail.com
[8/24/2023, 5:32:12 PM] info: Message sent: %s
[8/24/2023, 5:32:13 PM] info: Message sent: %s
[8/24/2023, 5:34:22 PM] info: Connection to DB established successfully.
[8/24/2023, 5:36:42 PM] info: Connection to DB established successfully.
[8/24/2023, 5:36:45 PM] info: Connection to DB established successfully.
[8/24/2023, 5:36:49 PM] info: Connection to DB established successfully.
[8/24/2023, 5:37:00 PM] info: Connection to DB established successfully.
[8/24/2023, 5:37:14 PM] info: Connection to DB established successfully.
[8/24/2023, 5:37:20 PM] info: Connection to DB established successfully.
[8/24/2023, 5:37:22 PM] info: Connection to DB established successfully.
[8/24/2023, 5:37:51 PM] info: Connection to DB established successfully.
[8/24/2023, 5:37:58 PM] info: Connection to DB established successfully.
[8/24/2023, 5:39:12 PM] info: Connection to DB established successfully.
[8/24/2023, 5:39:52 PM] info: Application  Email sent to: pardhijitu7694@gmail.com
[8/24/2023, 5:39:58 PM] info: Message sent: %s
[8/24/2023, 5:39:59 PM] info: Message sent: %s
[8/24/2023, 5:41:42 PM] info: Connection to DB established successfully.
[8/24/2023, 5:44:33 PM] info: Connection to DB established successfully.
[8/24/2023, 5:46:01 PM] info: Connection to DB established successfully.
[8/24/2023, 5:46:30 PM] info: Connection to DB established successfully.
[8/24/2023, 5:46:51 PM] info: Connection to DB established successfully.
[8/24/2023, 5:46:58 PM] info: Connection to DB established successfully.
[8/24/2023, 5:47:00 PM] info: Connection to DB established successfully.
[8/24/2023, 5:47:02 PM] error: uncaughtException: Unexpected token 'const'
D:\NodeJs-JitendraProject\helpers\authentication\getInTouchMail.js:56
        const InternalEmailOptions = {
        ^^^^^

SyntaxError: Unexpected token 'const'
    at internalCompileFunction (node:internal/vm:73:18)
    at wrapSafe (node:internal/modules/cjs/loader:1195:20)
    at Module._compile (node:internal/modules/cjs/loader:1239:27)
    at Module._extensions..js (node:internal/modules/cjs/loader:1329:10)
    at Module.load (node:internal/modules/cjs/loader:1133:32)
    at Module._load (node:internal/modules/cjs/loader:972:12)
    at Module.require (node:internal/modules/cjs/loader:1157:19)
    at require (node:internal/modules/helpers:119:18)
    at Object.<anonymous> (D:\NodeJs-JitendraProject\controller\getInTouchController.js:4:33)
    at Module._compile (node:internal/modules/cjs/loader:1275:14)
[8/24/2023, 5:47:05 PM] info: Connection to DB established successfully.
[8/24/2023, 5:47:07 PM] info: Connection to DB established successfully.
[8/24/2023, 5:47:34 PM] info: Connection to DB established successfully.
[8/24/2023, 5:47:44 PM] info: Connection to DB established successfully.
[8/24/2023, 5:47:47 PM] info: Connection to DB established successfully.
[8/24/2023, 5:47:51 PM] info: Connection to DB established successfully.
[8/24/2023, 5:47:57 PM] info: Connection to DB established successfully.
[8/24/2023, 5:48:00 PM] info: Connection to DB established successfully.
[8/24/2023, 5:48:04 PM] info: Connection to DB established successfully.
[8/24/2023, 5:48:07 PM] info: Connection to DB established successfully.
[8/24/2023, 5:51:24 PM] info: Connection to DB established successfully.
[8/24/2023, 5:51:27 PM] info: Connection to DB established successfully.
[8/24/2023, 5:51:35 PM] info: Connection to DB established successfully.
[8/24/2023, 5:51:39 PM] info: Connection to DB established successfully.
[8/24/2023, 5:51:46 PM] info: Connection to DB established successfully.
[8/24/2023, 5:51:52 PM] info: Connection to DB established successfully.
[8/24/2023, 5:52:06 PM] info: Connection to DB established successfully.
[8/24/2023, 5:52:43 PM] info: Connection to DB established successfully.
[8/24/2023, 5:52:51 PM] info: Connection to DB established successfully.
[8/24/2023, 5:53:00 PM] info: Connection to DB established successfully.
[8/24/2023, 5:53:05 PM] info: Connection to DB established successfully.
[8/24/2023, 5:53:45 PM] info: Application  Email sent to: pardhijitu7694@gmail.com
[8/24/2023, 5:53:52 PM] info: Message sent: %s
[8/24/2023, 5:53:52 PM] info: Message sent: %s
[8/24/2023, 5:54:42 PM] info: Connection to DB established successfully.
[8/24/2023, 5:54:44 PM] info: Connection to DB established successfully.
[8/24/2023, 5:56:03 PM] info: Application  Email sent to: pardhijitu7694@gmail.com
[8/24/2023, 5:56:06 PM] info: Message sent: %s
[8/24/2023, 5:56:06 PM] info: Message sent: %s
[8/24/2023, 5:58:35 PM] info: Connection to DB established successfully.
[8/24/2023, 5:58:38 PM] info: Connection to DB established successfully.
[8/24/2023, 5:59:10 PM] info: Connection to DB established successfully.
[8/24/2023, 5:59:16 PM] info: Connection to DB established successfully.
[8/24/2023, 5:59:19 PM] info: Connection to DB established successfully.
[8/24/2023, 5:59:22 PM] info: Connection to DB established successfully.
[8/24/2023, 5:59:25 PM] info: Connection to DB established successfully.
[8/24/2023, 5:59:35 PM] info: Connection to DB established successfully.
[8/24/2023, 5:59:57 PM] info: Connection to DB established successfully.
[8/24/2023, 6:00:08 PM] info: Application  Email sent to: pardhijitu7694@gmail.com
[8/24/2023, 6:00:14 PM] info: Message sent: %s
[8/24/2023, 6:00:15 PM] info: Message sent: %s
[8/24/2023, 6:00:44 PM] info: Connection to DB established successfully.
[8/24/2023, 6:01:10 PM] info: Connection to DB established successfully.
[8/24/2023, 6:03:11 PM] info: Application  Email sent to: pardhijitu7694@gmail.com
[8/24/2023, 6:03:14 PM] info: Message sent: %s
[8/24/2023, 6:03:14 PM] info: Message sent: %s
[8/24/2023, 6:04:40 PM] info: Connection to DB established successfully.
[8/24/2023, 6:04:52 PM] info: Application  Email sent to: pardhijitu7694@gmail.com
[8/24/2023, 6:04:56 PM] info: Message sent: %s
[8/24/2023, 6:04:57 PM] info: Message sent: %s
[8/24/2023, 6:05:34 PM] info: Connection to DB established successfully.
[8/24/2023, 6:05:38 PM] info: Connection to DB established successfully.
[8/24/2023, 6:05:53 PM] info: Connection to DB established successfully.
[8/24/2023, 6:05:58 PM] info: Connection to DB established successfully.
[8/24/2023, 6:06:06 PM] info: Connection to DB established successfully.
[8/24/2023, 6:06:36 PM] info: Connection to DB established successfully.
[8/24/2023, 6:06:38 PM] info: Connection to DB established successfully.
[8/24/2023, 6:06:56 PM] info: Connection to DB established successfully.
[8/24/2023, 6:07:07 PM] info: Connection to DB established successfully.
[8/24/2023, 6:07:23 PM] info: Connection to DB established successfully.
[8/24/2023, 6:07:30 PM] info: Application  Email sent to: pardhijitu7694@gmail.com
[8/24/2023, 6:07:36 PM] info: Message sent: %s
[8/24/2023, 6:07:36 PM] info: Message sent: %s
[8/24/2023, 6:11:39 PM] info: Connection to DB established successfully.
[8/24/2023, 6:12:50 PM] error: uncaughtException: Unexpected token '}'
D:\NodeJs-JitendraProject\routes\userRoute.js:11
});
^

SyntaxError: Unexpected token '}'
    at internalCompileFunction (node:internal/vm:73:18)
    at wrapSafe (node:internal/modules/cjs/loader:1195:20)
    at Module._compile (node:internal/modules/cjs/loader:1239:27)
    at Module._extensions..js (node:internal/modules/cjs/loader:1329:10)
    at Module.load (node:internal/modules/cjs/loader:1133:32)
    at Module._load (node:internal/modules/cjs/loader:972:12)
    at Module.require (node:internal/modules/cjs/loader:1157:19)
    at require (node:internal/modules/helpers:119:18)
    at Object.<anonymous> (D:\NodeJs-JitendraProject\app.js:55:39)
    at Module._compile (node:internal/modules/cjs/loader:1275:14)
[8/24/2023, 6:12:54 PM] error: uncaughtException: Unexpected token '}'
D:\NodeJs-JitendraProject\routes\userRoute.js:11
});
^

SyntaxError: Unexpected token '}'
    at internalCompileFunction (node:internal/vm:73:18)
    at wrapSafe (node:internal/modules/cjs/loader:1195:20)
    at Module._compile (node:internal/modules/cjs/loader:1239:27)
    at Module._extensions..js (node:internal/modules/cjs/loader:1329:10)
    at Module.load (node:internal/modules/cjs/loader:1133:32)
    at Module._load (node:internal/modules/cjs/loader:972:12)
    at Module.require (node:internal/modules/cjs/loader:1157:19)
    at require (node:internal/modules/helpers:119:18)
    at Object.<anonymous> (D:\NodeJs-JitendraProject\app.js:55:39)
    at Module._compile (node:internal/modules/cjs/loader:1275:14)
[8/24/2023, 6:13:03 PM] info: Connection to DB established successfully.
[8/24/2023, 6:13:08 PM] info: Connection to DB established successfully.
[8/24/2023, 6:13:14 PM] error: uncaughtException: Unexpected token '}'
D:\NodeJs-JitendraProject\routes\userRoute.js:14
});
^

SyntaxError: Unexpected token '}'
    at internalCompileFunction (node:internal/vm:73:18)
    at wrapSafe (node:internal/modules/cjs/loader:1195:20)
    at Module._compile (node:internal/modules/cjs/loader:1239:27)
    at Module._extensions..js (node:internal/modules/cjs/loader:1329:10)
    at Module.load (node:internal/modules/cjs/loader:1133:32)
    at Module._load (node:internal/modules/cjs/loader:972:12)
    at Module.require (node:internal/modules/cjs/loader:1157:19)
    at require (node:internal/modules/helpers:119:18)
    at Object.<anonymous> (D:\NodeJs-JitendraProject\app.js:55:39)
    at Module._compile (node:internal/modules/cjs/loader:1275:14)
[8/24/2023, 6:13:22 PM] info: Connection to DB established successfully.
[8/24/2023, 6:13:26 PM] info: Connection to DB established successfully.
[8/24/2023, 6:13:30 PM] info: Connection to DB established successfully.
[8/24/2023, 6:13:36 PM] error: uncaughtException: Unexpected token '}'
D:\NodeJs-JitendraProject\routes\userRoute.js:17
});
^

SyntaxError: Unexpected token '}'
    at internalCompileFunction (node:internal/vm:73:18)
    at wrapSafe (node:internal/modules/cjs/loader:1195:20)
    at Module._compile (node:internal/modules/cjs/loader:1239:27)
    at Module._extensions..js (node:internal/modules/cjs/loader:1329:10)
    at Module.load (node:internal/modules/cjs/loader:1133:32)
    at Module._load (node:internal/modules/cjs/loader:972:12)
    at Module.require (node:internal/modules/cjs/loader:1157:19)
    at require (node:internal/modules/helpers:119:18)
    at Object.<anonymous> (D:\NodeJs-JitendraProject\app.js:55:39)
    at Module._compile (node:internal/modules/cjs/loader:1275:14)
[8/24/2023, 6:13:39 PM] error: uncaughtException: Unexpected token '}'
D:\NodeJs-JitendraProject\routes\userRoute.js:17
});
^

SyntaxError: Unexpected token '}'
    at internalCompileFunction (node:internal/vm:73:18)
    at wrapSafe (node:internal/modules/cjs/loader:1195:20)
    at Module._compile (node:internal/modules/cjs/loader:1239:27)
    at Module._extensions..js (node:internal/modules/cjs/loader:1329:10)
    at Module.load (node:internal/modules/cjs/loader:1133:32)
    at Module._load (node:internal/modules/cjs/loader:972:12)
    at Module.require (node:internal/modules/cjs/loader:1157:19)
    at require (node:internal/modules/helpers:119:18)
    at Object.<anonymous> (D:\NodeJs-JitendraProject\app.js:55:39)
    at Module._compile (node:internal/modules/cjs/loader:1275:14)
[8/24/2023, 6:14:45 PM] error: uncaughtException: Unexpected token '}'
D:\NodeJs-JitendraProject\routes\userRoute.js:17
});
^

SyntaxError: Unexpected token '}'
    at internalCompileFunction (node:internal/vm:73:18)
    at wrapSafe (node:internal/modules/cjs/loader:1195:20)
    at Module._compile (node:internal/modules/cjs/loader:1239:27)
    at Module._extensions..js (node:internal/modules/cjs/loader:1329:10)
    at Module.load (node:internal/modules/cjs/loader:1133:32)
    at Module._load (node:internal/modules/cjs/loader:972:12)
    at Module.require (node:internal/modules/cjs/loader:1157:19)
    at require (node:internal/modules/helpers:119:18)
    at Object.<anonymous> (D:\NodeJs-JitendraProject\app.js:55:39)
    at Module._compile (node:internal/modules/cjs/loader:1275:14)
[8/24/2023, 6:14:50 PM] error: uncaughtException: Unexpected token '}'
D:\NodeJs-JitendraProject\routes\userRoute.js:17
});
^

SyntaxError: Unexpected token '}'
    at internalCompileFunction (node:internal/vm:73:18)
    at wrapSafe (node:internal/modules/cjs/loader:1195:20)
    at Module._compile (node:internal/modules/cjs/loader:1239:27)
    at Module._extensions..js (node:internal/modules/cjs/loader:1329:10)
    at Module.load (node:internal/modules/cjs/loader:1133:32)
    at Module._load (node:internal/modules/cjs/loader:972:12)
    at Module.require (node:internal/modules/cjs/loader:1157:19)
    at require (node:internal/modules/helpers:119:18)
    at Object.<anonymous> (D:\NodeJs-JitendraProject\app.js:55:39)
    at Module._compile (node:internal/modules/cjs/loader:1275:14)
[8/24/2023, 6:14:57 PM] error: uncaughtException: Unexpected token '}'
D:\NodeJs-JitendraProject\routes\userRoute.js:17
});
^

SyntaxError: Unexpected token '}'
    at internalCompileFunction (node:internal/vm:73:18)
    at wrapSafe (node:internal/modules/cjs/loader:1195:20)
    at Module._compile (node:internal/modules/cjs/loader:1239:27)
    at Module._extensions..js (node:internal/modules/cjs/loader:1329:10)
    at Module.load (node:internal/modules/cjs/loader:1133:32)
    at Module._load (node:internal/modules/cjs/loader:972:12)
    at Module.require (node:internal/modules/cjs/loader:1157:19)
    at require (node:internal/modules/helpers:119:18)
    at Object.<anonymous> (D:\NodeJs-JitendraProject\app.js:55:39)
    at Module._compile (node:internal/modules/cjs/loader:1275:14)
[8/24/2023, 6:15:01 PM] error: uncaughtException: Unexpected token '}'
D:\NodeJs-JitendraProject\routes\userRoute.js:17
});
^

SyntaxError: Unexpected token '}'
    at internalCompileFunction (node:internal/vm:73:18)
    at wrapSafe (node:internal/modules/cjs/loader:1195:20)
    at Module._compile (node:internal/modules/cjs/loader:1239:27)
    at Module._extensions..js (node:internal/modules/cjs/loader:1329:10)
    at Module.load (node:internal/modules/cjs/loader:1133:32)
    at Module._load (node:internal/modules/cjs/loader:972:12)
    at Module.require (node:internal/modules/cjs/loader:1157:19)
    at require (node:internal/modules/helpers:119:18)
    at Object.<anonymous> (D:\NodeJs-JitendraProject\app.js:55:39)
    at Module._compile (node:internal/modules/cjs/loader:1275:14)
[8/24/2023, 6:15:03 PM] error: uncaughtException: Unexpected token '}'
D:\NodeJs-JitendraProject\routes\userRoute.js:17
});
^

SyntaxError: Unexpected token '}'
    at internalCompileFunction (node:internal/vm:73:18)
    at wrapSafe (node:internal/modules/cjs/loader:1195:20)
    at Module._compile (node:internal/modules/cjs/loader:1239:27)
    at Module._extensions..js (node:internal/modules/cjs/loader:1329:10)
    at Module.load (node:internal/modules/cjs/loader:1133:32)
    at Module._load (node:internal/modules/cjs/loader:972:12)
    at Module.require (node:internal/modules/cjs/loader:1157:19)
    at require (node:internal/modules/helpers:119:18)
    at Object.<anonymous> (D:\NodeJs-JitendraProject\app.js:55:39)
    at Module._compile (node:internal/modules/cjs/loader:1275:14)
[8/24/2023, 6:15:09 PM] error: uncaughtException: Unexpected token '}'
D:\NodeJs-JitendraProject\routes\userRoute.js:17
});
^

SyntaxError: Unexpected token '}'
    at internalCompileFunction (node:internal/vm:73:18)
    at wrapSafe (node:internal/modules/cjs/loader:1195:20)
    at Module._compile (node:internal/modules/cjs/loader:1239:27)
    at Module._extensions..js (node:internal/modules/cjs/loader:1329:10)
    at Module.load (node:internal/modules/cjs/loader:1133:32)
    at Module._load (node:internal/modules/cjs/loader:972:12)
    at Module.require (node:internal/modules/cjs/loader:1157:19)
    at require (node:internal/modules/helpers:119:18)
    at Object.<anonymous> (D:\NodeJs-JitendraProject\app.js:55:39)
    at Module._compile (node:internal/modules/cjs/loader:1275:14)
[8/24/2023, 6:15:22 PM] error: uncaughtException: Unexpected token '}'
D:\NodeJs-JitendraProject\routes\userRoute.js:17
});
^

SyntaxError: Unexpected token '}'
    at internalCompileFunction (node:internal/vm:73:18)
    at wrapSafe (node:internal/modules/cjs/loader:1195:20)
    at Module._compile (node:internal/modules/cjs/loader:1239:27)
    at Module._extensions..js (node:internal/modules/cjs/loader:1329:10)
    at Module.load (node:internal/modules/cjs/loader:1133:32)
    at Module._load (node:internal/modules/cjs/loader:972:12)
    at Module.require (node:internal/modules/cjs/loader:1157:19)
    at require (node:internal/modules/helpers:119:18)
    at Object.<anonymous> (D:\NodeJs-JitendraProject\app.js:55:39)
    at Module._compile (node:internal/modules/cjs/loader:1275:14)
[8/24/2023, 6:15:26 PM] error: uncaughtException: Unexpected token '}'
D:\NodeJs-JitendraProject\routes\userRoute.js:17
});
^

SyntaxError: Unexpected token '}'
    at internalCompileFunction (node:internal/vm:73:18)
    at wrapSafe (node:internal/modules/cjs/loader:1195:20)
    at Module._compile (node:internal/modules/cjs/loader:1239:27)
    at Module._extensions..js (node:internal/modules/cjs/loader:1329:10)
    at Module.load (node:internal/modules/cjs/loader:1133:32)
    at Module._load (node:internal/modules/cjs/loader:972:12)
    at Module.require (node:internal/modules/cjs/loader:1157:19)
    at require (node:internal/modules/helpers:119:18)
    at Object.<anonymous> (D:\NodeJs-JitendraProject\app.js:55:39)
    at Module._compile (node:internal/modules/cjs/loader:1275:14)
[8/24/2023, 6:15:31 PM] error: uncaughtException: Unexpected token '}'
D:\NodeJs-JitendraProject\routes\userRoute.js:17
});
^

SyntaxError: Unexpected token '}'
    at internalCompileFunction (node:internal/vm:73:18)
    at wrapSafe (node:internal/modules/cjs/loader:1195:20)
    at Module._compile (node:internal/modules/cjs/loader:1239:27)
    at Module._extensions..js (node:internal/modules/cjs/loader:1329:10)
    at Module.load (node:internal/modules/cjs/loader:1133:32)
    at Module._load (node:internal/modules/cjs/loader:972:12)
    at Module.require (node:internal/modules/cjs/loader:1157:19)
    at require (node:internal/modules/helpers:119:18)
    at Object.<anonymous> (D:\NodeJs-JitendraProject\app.js:55:39)
    at Module._compile (node:internal/modules/cjs/loader:1275:14)
[8/24/2023, 6:16:03 PM] info: Connection to DB established successfully.
[8/24/2023, 6:16:06 PM] info: Connection to DB established successfully.
[8/24/2023, 6:16:09 PM] error: uncaughtException: Unexpected token '}'
D:\NodeJs-JitendraProject\routes\userRoute.js:17
});
^

SyntaxError: Unexpected token '}'
    at internalCompileFunction (node:internal/vm:73:18)
    at wrapSafe (node:internal/modules/cjs/loader:1195:20)
    at Module._compile (node:internal/modules/cjs/loader:1239:27)
    at Module._extensions..js (node:internal/modules/cjs/loader:1329:10)
    at Module.load (node:internal/modules/cjs/loader:1133:32)
    at Module._load (node:internal/modules/cjs/loader:972:12)
    at Module.require (node:internal/modules/cjs/loader:1157:19)
    at require (node:internal/modules/helpers:119:18)
    at Object.<anonymous> (D:\NodeJs-JitendraProject\app.js:55:39)
    at Module._compile (node:internal/modules/cjs/loader:1275:14)
[8/24/2023, 6:16:12 PM] error: uncaughtException: Unexpected token '}'
D:\NodeJs-JitendraProject\routes\userRoute.js:17
});
^

SyntaxError: Unexpected token '}'
    at internalCompileFunction (node:internal/vm:73:18)
    at wrapSafe (node:internal/modules/cjs/loader:1195:20)
    at Module._compile (node:internal/modules/cjs/loader:1239:27)
    at Module._extensions..js (node:internal/modules/cjs/loader:1329:10)
    at Module.load (node:internal/modules/cjs/loader:1133:32)
    at Module._load (node:internal/modules/cjs/loader:972:12)
    at Module.require (node:internal/modules/cjs/loader:1157:19)
    at require (node:internal/modules/helpers:119:18)
    at Object.<anonymous> (D:\NodeJs-JitendraProject\app.js:55:39)
    at Module._compile (node:internal/modules/cjs/loader:1275:14)
[8/24/2023, 6:16:17 PM] error: uncaughtException: Unexpected token '}'
D:\NodeJs-JitendraProject\routes\userRoute.js:17
});
^

SyntaxError: Unexpected token '}'
    at internalCompileFunction (node:internal/vm:73:18)
    at wrapSafe (node:internal/modules/cjs/loader:1195:20)
    at Module._compile (node:internal/modules/cjs/loader:1239:27)
    at Module._extensions..js (node:internal/modules/cjs/loader:1329:10)
    at Module.load (node:internal/modules/cjs/loader:1133:32)
    at Module._load (node:internal/modules/cjs/loader:972:12)
    at Module.require (node:internal/modules/cjs/loader:1157:19)
    at require (node:internal/modules/helpers:119:18)
    at Object.<anonymous> (D:\NodeJs-JitendraProject\app.js:55:39)
    at Module._compile (node:internal/modules/cjs/loader:1275:14)
[8/24/2023, 6:16:22 PM] error: uncaughtException: Unexpected token '}'
D:\NodeJs-JitendraProject\routes\userRoute.js:17
});
^

SyntaxError: Unexpected token '}'
    at internalCompileFunction (node:internal/vm:73:18)
    at wrapSafe (node:internal/modules/cjs/loader:1195:20)
    at Module._compile (node:internal/modules/cjs/loader:1239:27)
    at Module._extensions..js (node:internal/modules/cjs/loader:1329:10)
    at Module.load (node:internal/modules/cjs/loader:1133:32)
    at Module._load (node:internal/modules/cjs/loader:972:12)
    at Module.require (node:internal/modules/cjs/loader:1157:19)
    at require (node:internal/modules/helpers:119:18)
    at Object.<anonymous> (D:\NodeJs-JitendraProject\app.js:55:39)
    at Module._compile (node:internal/modules/cjs/loader:1275:14)
[8/24/2023, 6:16:38 PM] info: Connection to DB established successfully.
[8/24/2023, 6:18:50 PM] error: uncaughtException: Unexpected token '}'
D:\NodeJs-JitendraProject\routes\userRoute.js:20
});
^

SyntaxError: Unexpected token '}'
    at internalCompileFunction (node:internal/vm:73:18)
    at wrapSafe (node:internal/modules/cjs/loader:1195:20)
    at Module._compile (node:internal/modules/cjs/loader:1239:27)
    at Module._extensions..js (node:internal/modules/cjs/loader:1329:10)
    at Module.load (node:internal/modules/cjs/loader:1133:32)
    at Module._load (node:internal/modules/cjs/loader:972:12)
    at Module.require (node:internal/modules/cjs/loader:1157:19)
    at require (node:internal/modules/helpers:119:18)
    at Object.<anonymous> (D:\NodeJs-JitendraProject\app.js:55:39)
    at Module._compile (node:internal/modules/cjs/loader:1275:14)
[8/24/2023, 6:18:53 PM] error: uncaughtException: Unexpected token '}'
D:\NodeJs-JitendraProject\routes\userRoute.js:20
});
^

SyntaxError: Unexpected token '}'
    at internalCompileFunction (node:internal/vm:73:18)
    at wrapSafe (node:internal/modules/cjs/loader:1195:20)
    at Module._compile (node:internal/modules/cjs/loader:1239:27)
    at Module._extensions..js (node:internal/modules/cjs/loader:1329:10)
    at Module.load (node:internal/modules/cjs/loader:1133:32)
    at Module._load (node:internal/modules/cjs/loader:972:12)
    at Module.require (node:internal/modules/cjs/loader:1157:19)
    at require (node:internal/modules/helpers:119:18)
    at Object.<anonymous> (D:\NodeJs-JitendraProject\app.js:55:39)
    at Module._compile (node:internal/modules/cjs/loader:1275:14)
[8/24/2023, 6:23:11 PM] info: Connection to DB established successfully.
[8/24/2023, 6:23:31 PM] error: uncaughtException: Unexpected token '}'
D:\NodeJs-JitendraProject\routes\userRoute.js:20
});
^

SyntaxError: Unexpected token '}'
    at internalCompileFunction (node:internal/vm:73:18)
    at wrapSafe (node:internal/modules/cjs/loader:1195:20)
    at Module._compile (node:internal/modules/cjs/loader:1239:27)
    at Module._extensions..js (node:internal/modules/cjs/loader:1329:10)
    at Module.load (node:internal/modules/cjs/loader:1133:32)
    at Module._load (node:internal/modules/cjs/loader:972:12)
    at Module.require (node:internal/modules/cjs/loader:1157:19)
    at require (node:internal/modules/helpers:119:18)
    at Object.<anonymous> (D:\NodeJs-JitendraProject\app.js:55:39)
    at Module._compile (node:internal/modules/cjs/loader:1275:14)
[8/25/2023, 10:50:55 AM] info: Connection to DB established successfully.
[8/25/2023, 10:51:30 AM] info: Connection to DB established successfully.
[8/25/2023, 10:53:05 AM] error: uncaughtException: Unexpected token 'const'
D:\NodeJs-JitendraProject\routes\userRoute.js:4
const userController = require('../controller/userController');
^^^^^

SyntaxError: Unexpected token 'const'
    at internalCompileFunction (node:internal/vm:73:18)
    at wrapSafe (node:internal/modules/cjs/loader:1195:20)
    at Module._compile (node:internal/modules/cjs/loader:1239:27)
    at Module._extensions..js (node:internal/modules/cjs/loader:1329:10)
    at Module.load (node:internal/modules/cjs/loader:1133:32)
    at Module._load (node:internal/modules/cjs/loader:972:12)
    at Module.require (node:internal/modules/cjs/loader:1157:19)
    at require (node:internal/modules/helpers:119:18)
    at Object.<anonymous> (D:\NodeJs-JitendraProject\app.js:56:39)
    at Module._compile (node:internal/modules/cjs/loader:1275:14)
[8/25/2023, 10:53:54 AM] error: uncaughtException: Missing initializer in destructuring declaration
D:\NodeJs-JitendraProject\routes\userRoute.js:3
const {loginValidation,

SyntaxError: Missing initializer in destructuring declaration
    at internalCompileFunction (node:internal/vm:73:18)
    at wrapSafe (node:internal/modules/cjs/loader:1195:20)
    at Module._compile (node:internal/modules/cjs/loader:1239:27)
    at Module._extensions..js (node:internal/modules/cjs/loader:1329:10)
    at Module.load (node:internal/modules/cjs/loader:1133:32)
    at Module._load (node:internal/modules/cjs/loader:972:12)
    at Module.require (node:internal/modules/cjs/loader:1157:19)
    at require (node:internal/modules/helpers:119:18)
    at Object.<anonymous> (D:\NodeJs-JitendraProject\app.js:56:39)
    at Module._compile (node:internal/modules/cjs/loader:1275:14)
[8/25/2023, 10:54:00 AM] error: uncaughtException: Invalid or unexpected token
D:\NodeJs-JitendraProject\routes\userRoute.js:6
    validate,} = require('../helpers/
                         ^^^^^^^^^^^^

SyntaxError: Invalid or unexpected token
    at internalCompileFunction (node:internal/vm:73:18)
    at wrapSafe (node:internal/modules/cjs/loader:1195:20)
    at Module._compile (node:internal/modules/cjs/loader:1239:27)
    at Module._extensions..js (node:internal/modules/cjs/loader:1329:10)
    at Module.load (node:internal/modules/cjs/loader:1133:32)
    at Module._load (node:internal/modules/cjs/loader:972:12)
    at Module.require (node:internal/modules/cjs/loader:1157:19)
    at require (node:internal/modules/helpers:119:18)
    at Object.<anonymous> (D:\NodeJs-JitendraProject\app.js:56:39)
    at Module._compile (node:internal/modules/cjs/loader:1275:14)
[8/25/2023, 10:54:08 AM] info: Connection to DB established successfully.
[8/25/2023, 10:54:25 AM] info: Connection to DB established successfully.
[8/25/2023, 10:55:10 AM] info: Connection to DB established successfully.
[8/25/2023, 10:55:32 AM] error: uncaughtException: body(...).isPassword is not a function
TypeError: body(...).isPassword is not a function
    at loginValidation (D:\NodeJs-JitendraProject\helpers\validator\userValidation.js:5:22)
    at Object.<anonymous> (D:\NodeJs-JitendraProject\routes\userRoute.js:14:22)
    at Module._compile (node:internal/modules/cjs/loader:1275:14)
    at Module._extensions..js (node:internal/modules/cjs/loader:1329:10)
    at Module.load (node:internal/modules/cjs/loader:1133:32)
    at Module._load (node:internal/modules/cjs/loader:972:12)
    at Module.require (node:internal/modules/cjs/loader:1157:19)
    at require (node:internal/modules/helpers:119:18)
    at Object.<anonymous> (D:\NodeJs-JitendraProject\app.js:56:39)
    at Module._compile (node:internal/modules/cjs/loader:1275:14)
[8/25/2023, 10:55:37 AM] error: uncaughtException: missing ) after argument list
D:\NodeJs-JitendraProject\routes\userRoute.js:17
router.get('/register',re async (req, res) => {
                       ^^

SyntaxError: missing ) after argument list
    at internalCompileFunction (node:internal/vm:73:18)
    at wrapSafe (node:internal/modules/cjs/loader:1195:20)
    at Module._compile (node:internal/modules/cjs/loader:1239:27)
    at Module._extensions..js (node:internal/modules/cjs/loader:1329:10)
    at Module.load (node:internal/modules/cjs/loader:1133:32)
    at Module._load (node:internal/modules/cjs/loader:972:12)
    at Module.require (node:internal/modules/cjs/loader:1157:19)
    at require (node:internal/modules/helpers:119:18)
    at Object.<anonymous> (D:\NodeJs-JitendraProject\app.js:56:39)
    at Module._compile (node:internal/modules/cjs/loader:1275:14)
[8/25/2023, 10:55:39 AM] error: uncaughtException: missing ) after argument list
D:\NodeJs-JitendraProject\routes\userRoute.js:17
router.get('/register',registerValidation() async (req, res) => {
                                          ^

SyntaxError: missing ) after argument list
    at internalCompileFunction (node:internal/vm:73:18)
    at wrapSafe (node:internal/modules/cjs/loader:1195:20)
    at Module._compile (node:internal/modules/cjs/loader:1239:27)
    at Module._extensions..js (node:internal/modules/cjs/loader:1329:10)
    at Module.load (node:internal/modules/cjs/loader:1133:32)
    at Module._load (node:internal/modules/cjs/loader:972:12)
    at Module.require (node:internal/modules/cjs/loader:1157:19)
    at require (node:internal/modules/helpers:119:18)
    at Object.<anonymous> (D:\NodeJs-JitendraProject\app.js:56:39)
    at Module._compile (node:internal/modules/cjs/loader:1275:14)
[8/25/2023, 10:55:41 AM] error: uncaughtException: body(...).isPassword is not a function
TypeError: body(...).isPassword is not a function
    at loginValidation (D:\NodeJs-JitendraProject\helpers\validator\userValidation.js:5:22)
    at Object.<anonymous> (D:\NodeJs-JitendraProject\routes\userRoute.js:14:22)
    at Module._compile (node:internal/modules/cjs/loader:1275:14)
    at Module._extensions..js (node:internal/modules/cjs/loader:1329:10)
    at Module.load (node:internal/modules/cjs/loader:1133:32)
    at Module._load (node:internal/modules/cjs/loader:972:12)
    at Module.require (node:internal/modules/cjs/loader:1157:19)
    at require (node:internal/modules/helpers:119:18)
    at Object.<anonymous> (D:\NodeJs-JitendraProject\app.js:56:39)
    at Module._compile (node:internal/modules/cjs/loader:1275:14)
[8/25/2023, 10:55:48 AM] error: uncaughtException: Unexpected token 'for'
D:\NodeJs-JitendraProject\routes\userRoute.js:21
router.get('/forget-password',for async (req, res) => {
                              ^^^

SyntaxError: Unexpected token 'for'
    at internalCompileFunction (node:internal/vm:73:18)
    at wrapSafe (node:internal/modules/cjs/loader:1195:20)
    at Module._compile (node:internal/modules/cjs/loader:1239:27)
    at Module._extensions..js (node:internal/modules/cjs/loader:1329:10)
    at Module.load (node:internal/modules/cjs/loader:1133:32)
    at Module._load (node:internal/modules/cjs/loader:972:12)
    at Module.require (node:internal/modules/cjs/loader:1157:19)
    at require (node:internal/modules/helpers:119:18)
    at Object.<anonymous> (D:\NodeJs-JitendraProject\app.js:56:39)
    at Module._compile (node:internal/modules/cjs/loader:1275:14)
[8/25/2023, 10:55:53 AM] error: uncaughtException: body(...).isPassword is not a function
TypeError: body(...).isPassword is not a function
    at loginValidation (D:\NodeJs-JitendraProject\helpers\validator\userValidation.js:5:22)
    at Object.<anonymous> (D:\NodeJs-JitendraProject\routes\userRoute.js:14:22)
    at Module._compile (node:internal/modules/cjs/loader:1275:14)
    at Module._extensions..js (node:internal/modules/cjs/loader:1329:10)
    at Module.load (node:internal/modules/cjs/loader:1133:32)
    at Module._load (node:internal/modules/cjs/loader:972:12)
    at Module.require (node:internal/modules/cjs/loader:1157:19)
    at require (node:internal/modules/helpers:119:18)
    at Object.<anonymous> (D:\NodeJs-JitendraProject\app.js:56:39)
    at Module._compile (node:internal/modules/cjs/loader:1275:14)
[8/25/2023, 10:56:20 AM] error: uncaughtException: body(...).isPassword is not a function
TypeError: body(...).isPassword is not a function
    at loginValidation (D:\NodeJs-JitendraProject\helpers\validator\userValidation.js:5:22)
    at Object.<anonymous> (D:\NodeJs-JitendraProject\routes\userRoute.js:14:22)
    at Module._compile (node:internal/modules/cjs/loader:1275:14)
    at Module._extensions..js (node:internal/modules/cjs/loader:1329:10)
    at Module.load (node:internal/modules/cjs/loader:1133:32)
    at Module._load (node:internal/modules/cjs/loader:972:12)
    at Module.require (node:internal/modules/cjs/loader:1157:19)
    at require (node:internal/modules/helpers:119:18)
    at Object.<anonymous> (D:\NodeJs-JitendraProject\app.js:56:39)
    at Module._compile (node:internal/modules/cjs/loader:1275:14)
[8/25/2023, 10:56:27 AM] error: uncaughtException: body(...).isPassword is not a function
TypeError: body(...).isPassword is not a function
    at loginValidation (D:\NodeJs-JitendraProject\helpers\validator\userValidation.js:5:22)
    at Object.<anonymous> (D:\NodeJs-JitendraProject\routes\userRoute.js:14:22)
    at Module._compile (node:internal/modules/cjs/loader:1275:14)
    at Module._extensions..js (node:internal/modules/cjs/loader:1329:10)
    at Module.load (node:internal/modules/cjs/loader:1133:32)
    at Module._load (node:internal/modules/cjs/loader:972:12)
    at Module.require (node:internal/modules/cjs/loader:1157:19)
    at require (node:internal/modules/helpers:119:18)
    at Object.<anonymous> (D:\NodeJs-JitendraProject\app.js:56:39)
    at Module._compile (node:internal/modules/cjs/loader:1275:14)
[8/25/2023, 10:56:31 AM] error: uncaughtException: body(...).isPassword is not a function
TypeError: body(...).isPassword is not a function
    at loginValidation (D:\NodeJs-JitendraProject\helpers\validator\userValidation.js:5:22)
    at Object.<anonymous> (D:\NodeJs-JitendraProject\routes\userRoute.js:14:22)
    at Module._compile (node:internal/modules/cjs/loader:1275:14)
    at Module._extensions..js (node:internal/modules/cjs/loader:1329:10)
    at Module.load (node:internal/modules/cjs/loader:1133:32)
    at Module._load (node:internal/modules/cjs/loader:972:12)
    at Module.require (node:internal/modules/cjs/loader:1157:19)
    at require (node:internal/modules/helpers:119:18)
    at Object.<anonymous> (D:\NodeJs-JitendraProject\app.js:56:39)
    at Module._compile (node:internal/modules/cjs/loader:1275:14)
[8/25/2023, 10:56:33 AM] error: uncaughtException: body(...).isPassword is not a function
TypeError: body(...).isPassword is not a function
    at loginValidation (D:\NodeJs-JitendraProject\helpers\validator\userValidation.js:5:22)
    at Object.<anonymous> (D:\NodeJs-JitendraProject\routes\userRoute.js:14:22)
    at Module._compile (node:internal/modules/cjs/loader:1275:14)
    at Module._extensions..js (node:internal/modules/cjs/loader:1329:10)
    at Module.load (node:internal/modules/cjs/loader:1133:32)
    at Module._load (node:internal/modules/cjs/loader:972:12)
    at Module.require (node:internal/modules/cjs/loader:1157:19)
    at require (node:internal/modules/helpers:119:18)
    at Object.<anonymous> (D:\NodeJs-JitendraProject\app.js:56:39)
    at Module._compile (node:internal/modules/cjs/loader:1275:14)
[8/25/2023, 10:57:00 AM] error: uncaughtException: Cannot set properties of undefined (setting 'message')
TypeError: Cannot set properties of undefined (setting 'message')
    at ValidatorsImpl.withMessage (D:\NodeJs-JitendraProject\node_modules\express-validator\src\chain\validators-impl.js:25:36)
    at loginValidation (D:\NodeJs-JitendraProject\helpers\validator\userValidation.js:5:22)
    at Object.<anonymous> (D:\NodeJs-JitendraProject\routes\userRoute.js:14:22)
    at Module._compile (node:internal/modules/cjs/loader:1275:14)
    at Module._extensions..js (node:internal/modules/cjs/loader:1329:10)
    at Module.load (node:internal/modules/cjs/loader:1133:32)
    at Module._load (node:internal/modules/cjs/loader:972:12)
    at Module.require (node:internal/modules/cjs/loader:1157:19)
    at require (node:internal/modules/helpers:119:18)
    at Object.<anonymous> (D:\NodeJs-JitendraProject\app.js:56:39)
[8/25/2023, 10:57:15 AM] error: uncaughtException: body(...).isPassword is not a function
TypeError: body(...).isPassword is not a function
    at loginValidation (D:\NodeJs-JitendraProject\helpers\validator\userValidation.js:5:22)
    at Object.<anonymous> (D:\NodeJs-JitendraProject\routes\userRoute.js:14:22)
    at Module._compile (node:internal/modules/cjs/loader:1275:14)
    at Module._extensions..js (node:internal/modules/cjs/loader:1329:10)
    at Module.load (node:internal/modules/cjs/loader:1133:32)
    at Module._load (node:internal/modules/cjs/loader:972:12)
    at Module.require (node:internal/modules/cjs/loader:1157:19)
    at require (node:internal/modules/helpers:119:18)
    at Object.<anonymous> (D:\NodeJs-JitendraProject\app.js:56:39)
    at Module._compile (node:internal/modules/cjs/loader:1275:14)
[8/25/2023, 10:58:16 AM] error: uncaughtException: Cannot set properties of undefined (setting 'message')
TypeError: Cannot set properties of undefined (setting 'message')
    at ValidatorsImpl.withMessage (D:\NodeJs-JitendraProject\node_modules\express-validator\src\chain\validators-impl.js:25:36)
    at registerValidation (D:\NodeJs-JitendraProject\helpers\validator\userValidation.js:9:10)
    at Object.<anonymous> (D:\NodeJs-JitendraProject\routes\userRoute.js:17:25)
    at Module._compile (node:internal/modules/cjs/loader:1275:14)
    at Module._extensions..js (node:internal/modules/cjs/loader:1329:10)
    at Module.load (node:internal/modules/cjs/loader:1133:32)
    at Module._load (node:internal/modules/cjs/loader:972:12)
    at Module.require (node:internal/modules/cjs/loader:1157:19)
    at require (node:internal/modules/helpers:119:18)
    at Object.<anonymous> (D:\NodeJs-JitendraProject\app.js:56:39)
[8/25/2023, 10:59:06 AM] error: uncaughtException: Unexpected identifier 'body'
D:\NodeJs-JitendraProject\helpers\validator\userValidation.js:16
    body('confirmPassword')
    ^^^^

SyntaxError: Unexpected identifier 'body'
    at internalCompileFunction (node:internal/vm:73:18)
    at wrapSafe (node:internal/modules/cjs/loader:1195:20)
    at Module._compile (node:internal/modules/cjs/loader:1239:27)
    at Module._extensions..js (node:internal/modules/cjs/loader:1329:10)
    at Module.load (node:internal/modules/cjs/loader:1133:32)
    at Module._load (node:internal/modules/cjs/loader:972:12)
    at Module.require (node:internal/modules/cjs/loader:1157:19)
    at require (node:internal/modules/helpers:119:18)
    at Object.<anonymous> (D:\NodeJs-JitendraProject\routes\userRoute.js:8:5)
    at Module._compile (node:internal/modules/cjs/loader:1275:14)
[8/25/2023, 10:59:12 AM] error: uncaughtException: Unexpected identifier 'body'
D:\NodeJs-JitendraProject\helpers\validator\userValidation.js:16
    body('password')
    ^^^^

SyntaxError: Unexpected identifier 'body'
    at internalCompileFunction (node:internal/vm:73:18)
    at wrapSafe (node:internal/modules/cjs/loader:1195:20)
    at Module._compile (node:internal/modules/cjs/loader:1239:27)
    at Module._extensions..js (node:internal/modules/cjs/loader:1329:10)
    at Module.load (node:internal/modules/cjs/loader:1133:32)
    at Module._load (node:internal/modules/cjs/loader:972:12)
    at Module.require (node:internal/modules/cjs/loader:1157:19)
    at require (node:internal/modules/helpers:119:18)
    at Object.<anonymous> (D:\NodeJs-JitendraProject\routes\userRoute.js:8:5)
    at Module._compile (node:internal/modules/cjs/loader:1275:14)
[8/25/2023, 10:59:19 AM] error: uncaughtException: Cannot set properties of undefined (setting 'message')
TypeError: Cannot set properties of undefined (setting 'message')
    at ValidatorsImpl.withMessage (D:\NodeJs-JitendraProject\node_modules\express-validator\src\chain\validators-impl.js:25:36)
    at registerValidation (D:\NodeJs-JitendraProject\helpers\validator\userValidation.js:9:10)
    at Object.<anonymous> (D:\NodeJs-JitendraProject\routes\userRoute.js:17:25)
    at Module._compile (node:internal/modules/cjs/loader:1275:14)
    at Module._extensions..js (node:internal/modules/cjs/loader:1329:10)
    at Module.load (node:internal/modules/cjs/loader:1133:32)
    at Module._load (node:internal/modules/cjs/loader:972:12)
    at Module.require (node:internal/modules/cjs/loader:1157:19)
    at require (node:internal/modules/helpers:119:18)
    at Object.<anonymous> (D:\NodeJs-JitendraProject\app.js:56:39)
[8/25/2023, 10:59:27 AM] error: uncaughtException: Cannot set properties of undefined (setting 'message')
TypeError: Cannot set properties of undefined (setting 'message')
    at ValidatorsImpl.withMessage (D:\NodeJs-JitendraProject\node_modules\express-validator\src\chain\validators-impl.js:25:36)
    at registerValidation (D:\NodeJs-JitendraProject\helpers\validator\userValidation.js:9:10)
    at Object.<anonymous> (D:\NodeJs-JitendraProject\routes\userRoute.js:17:25)
    at Module._compile (node:internal/modules/cjs/loader:1275:14)
    at Module._extensions..js (node:internal/modules/cjs/loader:1329:10)
    at Module.load (node:internal/modules/cjs/loader:1133:32)
    at Module._load (node:internal/modules/cjs/loader:972:12)
    at Module.require (node:internal/modules/cjs/loader:1157:19)
    at require (node:internal/modules/helpers:119:18)
    at Object.<anonymous> (D:\NodeJs-JitendraProject\app.js:56:39)
[8/25/2023, 10:59:44 AM] error: uncaughtException: Cannot set properties of undefined (setting 'message')
TypeError: Cannot set properties of undefined (setting 'message')
    at ValidatorsImpl.withMessage (D:\NodeJs-JitendraProject\node_modules\express-validator\src\chain\validators-impl.js:25:36)
    at registerValidation (D:\NodeJs-JitendraProject\helpers\validator\userValidation.js:9:10)
    at Object.<anonymous> (D:\NodeJs-JitendraProject\routes\userRoute.js:17:25)
    at Module._compile (node:internal/modules/cjs/loader:1275:14)
    at Module._extensions..js (node:internal/modules/cjs/loader:1329:10)
    at Module.load (node:internal/modules/cjs/loader:1133:32)
    at Module._load (node:internal/modules/cjs/loader:972:12)
    at Module.require (node:internal/modules/cjs/loader:1157:19)
    at require (node:internal/modules/helpers:119:18)
    at Object.<anonymous> (D:\NodeJs-JitendraProject\app.js:56:39)
[8/25/2023, 11:00:08 AM] error: uncaughtException: Cannot set properties of undefined (setting 'message')
TypeError: Cannot set properties of undefined (setting 'message')
    at ValidatorsImpl.withMessage (D:\NodeJs-JitendraProject\node_modules\express-validator\src\chain\validators-impl.js:25:36)
    at registerValidation (D:\NodeJs-JitendraProject\helpers\validator\userValidation.js:9:10)
    at Object.<anonymous> (D:\NodeJs-JitendraProject\routes\userRoute.js:17:25)
    at Module._compile (node:internal/modules/cjs/loader:1275:14)
    at Module._extensions..js (node:internal/modules/cjs/loader:1329:10)
    at Module.load (node:internal/modules/cjs/loader:1133:32)
    at Module._load (node:internal/modules/cjs/loader:972:12)
    at Module.require (node:internal/modules/cjs/loader:1157:19)
    at require (node:internal/modules/helpers:119:18)
    at Object.<anonymous> (D:\NodeJs-JitendraProject\app.js:56:39)
[8/25/2023, 11:00:15 AM] error: uncaughtException: Cannot set properties of undefined (setting 'message')
TypeError: Cannot set properties of undefined (setting 'message')
    at ValidatorsImpl.withMessage (D:\NodeJs-JitendraProject\node_modules\express-validator\src\chain\validators-impl.js:25:36)
    at registerValidation (D:\NodeJs-JitendraProject\helpers\validator\userValidation.js:9:10)
    at Object.<anonymous> (D:\NodeJs-JitendraProject\routes\userRoute.js:17:25)
    at Module._compile (node:internal/modules/cjs/loader:1275:14)
    at Module._extensions..js (node:internal/modules/cjs/loader:1329:10)
    at Module.load (node:internal/modules/cjs/loader:1133:32)
    at Module._load (node:internal/modules/cjs/loader:972:12)
    at Module.require (node:internal/modules/cjs/loader:1157:19)
    at require (node:internal/modules/helpers:119:18)
    at Object.<anonymous> (D:\NodeJs-JitendraProject\app.js:56:39)
[8/25/2023, 11:03:27 AM] error: uncaughtException: loginValidation is not a function
TypeError: loginValidation is not a function
    at Object.<anonymous> (D:\NodeJs-JitendraProject\routes\userRoute.js:14:22)
    at Module._compile (node:internal/modules/cjs/loader:1275:14)
    at Module._extensions..js (node:internal/modules/cjs/loader:1329:10)
    at Module.load (node:internal/modules/cjs/loader:1133:32)
    at Module._load (node:internal/modules/cjs/loader:972:12)
    at Module.require (node:internal/modules/cjs/loader:1157:19)
    at require (node:internal/modules/helpers:119:18)
    at Object.<anonymous> (D:\NodeJs-JitendraProject\app.js:56:39)
    at Module._compile (node:internal/modules/cjs/loader:1275:14)
    at Module._extensions..js (node:internal/modules/cjs/loader:1329:10)
[8/25/2023, 11:03:50 AM] error: uncaughtException: loginValidation is not a function
TypeError: loginValidation is not a function
    at Object.<anonymous> (D:\NodeJs-JitendraProject\routes\userRoute.js:14:22)
    at Module._compile (node:internal/modules/cjs/loader:1275:14)
    at Module._extensions..js (node:internal/modules/cjs/loader:1329:10)
    at Module.load (node:internal/modules/cjs/loader:1133:32)
    at Module._load (node:internal/modules/cjs/loader:972:12)
    at Module.require (node:internal/modules/cjs/loader:1157:19)
    at require (node:internal/modules/helpers:119:18)
    at Object.<anonymous> (D:\NodeJs-JitendraProject\app.js:56:39)
    at Module._compile (node:internal/modules/cjs/loader:1275:14)
    at Module._extensions..js (node:internal/modules/cjs/loader:1329:10)
[8/25/2023, 11:04:12 AM] error: uncaughtException: registerValidation is not a function
TypeError: registerValidation is not a function
    at Object.<anonymous> (D:\NodeJs-JitendraProject\routes\userRoute.js:17:25)
    at Module._compile (node:internal/modules/cjs/loader:1275:14)
    at Module._extensions..js (node:internal/modules/cjs/loader:1329:10)
    at Module.load (node:internal/modules/cjs/loader:1133:32)
    at Module._load (node:internal/modules/cjs/loader:972:12)
    at Module.require (node:internal/modules/cjs/loader:1157:19)
    at require (node:internal/modules/helpers:119:18)
    at Object.<anonymous> (D:\NodeJs-JitendraProject\app.js:56:39)
    at Module._compile (node:internal/modules/cjs/loader:1275:14)
    at Module._extensions..js (node:internal/modules/cjs/loader:1329:10)
[8/25/2023, 11:04:18 AM] error: uncaughtException: forgetPassValidation is not a function
TypeError: forgetPassValidation is not a function
    at Object.<anonymous> (D:\NodeJs-JitendraProject\routes\userRoute.js:23:5)
    at Module._compile (node:internal/modules/cjs/loader:1275:14)
    at Module._extensions..js (node:internal/modules/cjs/loader:1329:10)
    at Module.load (node:internal/modules/cjs/loader:1133:32)
    at Module._load (node:internal/modules/cjs/loader:972:12)
    at Module.require (node:internal/modules/cjs/loader:1157:19)
    at require (node:internal/modules/helpers:119:18)
    at Object.<anonymous> (D:\NodeJs-JitendraProject\app.js:56:39)
    at Module._compile (node:internal/modules/cjs/loader:1275:14)
    at Module._extensions..js (node:internal/modules/cjs/loader:1329:10)
[8/25/2023, 11:04:22 AM] info: Connection to DB established successfully.
[8/25/2023, 11:05:21 AM] error: uncaughtException: Unexpected token '}'
D:\NodeJs-JitendraProject\routes\userRoute.js:27
    }
    ^

SyntaxError: Unexpected token '}'
    at internalCompileFunction (node:internal/vm:73:18)
    at wrapSafe (node:internal/modules/cjs/loader:1195:20)
    at Module._compile (node:internal/modules/cjs/loader:1239:27)
    at Module._extensions..js (node:internal/modules/cjs/loader:1329:10)
    at Module.load (node:internal/modules/cjs/loader:1133:32)
    at Module._load (node:internal/modules/cjs/loader:972:12)
    at Module.require (node:internal/modules/cjs/loader:1157:19)
    at require (node:internal/modules/helpers:119:18)
    at Object.<anonymous> (D:\NodeJs-JitendraProject\app.js:56:39)
    at Module._compile (node:internal/modules/cjs/loader:1275:14)
[8/25/2023, 11:05:28 AM] info: Connection to DB established successfully.
[8/25/2023, 11:05:34 AM] error: uncaughtException: Unexpected token '}'
D:\NodeJs-JitendraProject\routes\userRoute.js:31
});
^

SyntaxError: Unexpected token '}'
    at internalCompileFunction (node:internal/vm:73:18)
    at wrapSafe (node:internal/modules/cjs/loader:1195:20)
    at Module._compile (node:internal/modules/cjs/loader:1239:27)
    at Module._extensions..js (node:internal/modules/cjs/loader:1329:10)
    at Module.load (node:internal/modules/cjs/loader:1133:32)
    at Module._load (node:internal/modules/cjs/loader:972:12)
    at Module.require (node:internal/modules/cjs/loader:1157:19)
    at require (node:internal/modules/helpers:119:18)
    at Object.<anonymous> (D:\NodeJs-JitendraProject\app.js:56:39)
    at Module._compile (node:internal/modules/cjs/loader:1275:14)
[8/25/2023, 11:05:37 AM] error: uncaughtException: Unexpected token '}'
D:\NodeJs-JitendraProject\routes\userRoute.js:31
});
^

SyntaxError: Unexpected token '}'
    at internalCompileFunction (node:internal/vm:73:18)
    at wrapSafe (node:internal/modules/cjs/loader:1195:20)
    at Module._compile (node:internal/modules/cjs/loader:1239:27)
    at Module._extensions..js (node:internal/modules/cjs/loader:1329:10)
    at Module.load (node:internal/modules/cjs/loader:1133:32)
    at Module._load (node:internal/modules/cjs/loader:972:12)
    at Module.require (node:internal/modules/cjs/loader:1157:19)
    at require (node:internal/modules/helpers:119:18)
    at Object.<anonymous> (D:\NodeJs-JitendraProject\app.js:56:39)
    at Module._compile (node:internal/modules/cjs/loader:1275:14)
[8/25/2023, 11:06:06 AM] info: Connection to DB established successfully.
[8/25/2023, 11:06:32 AM] info: Connection to DB established successfully.
[8/25/2023, 11:06:35 AM] info: Connection to DB established successfully.
[8/25/2023, 11:06:42 AM] info: Connection to DB established successfully.
[8/25/2023, 11:06:44 AM] info: Connection to DB established successfully.
[8/25/2023, 11:06:50 AM] info: Connection to DB established successfully.
[8/25/2023, 11:06:55 AM] info: Connection to DB established successfully.
[8/25/2023, 11:07:00 AM] info: Connection to DB established successfully.
[8/25/2023, 11:07:18 AM] error: uncaughtException: Unexpected token '('
D:\NodeJs-JitendraProject\routes\userRoute.js:35
    await userController.(req, res);
                         ^

SyntaxError: Unexpected token '('
    at internalCompileFunction (node:internal/vm:73:18)
    at wrapSafe (node:internal/modules/cjs/loader:1195:20)
    at Module._compile (node:internal/modules/cjs/loader:1239:27)
    at Module._extensions..js (node:internal/modules/cjs/loader:1329:10)
    at Module.load (node:internal/modules/cjs/loader:1133:32)
    at Module._load (node:internal/modules/cjs/loader:972:12)
    at Module.require (node:internal/modules/cjs/loader:1157:19)
    at require (node:internal/modules/helpers:119:18)
    at Object.<anonymous> (D:\NodeJs-JitendraProject\app.js:56:39)
    at Module._compile (node:internal/modules/cjs/loader:1275:14)
[8/25/2023, 11:07:39 AM] info: Connection to DB established successfully.
[8/25/2023, 11:07:43 AM] error: uncaughtException: Unexpected token '('
D:\NodeJs-JitendraProject\routes\userRoute.js:35
    await userController.(req, res);
                         ^

SyntaxError: Unexpected token '('
    at internalCompileFunction (node:internal/vm:73:18)
    at wrapSafe (node:internal/modules/cjs/loader:1195:20)
    at Module._compile (node:internal/modules/cjs/loader:1239:27)
    at Module._extensions..js (node:internal/modules/cjs/loader:1329:10)
    at Module.load (node:internal/modules/cjs/loader:1133:32)
    at Module._load (node:internal/modules/cjs/loader:972:12)
    at Module.require (node:internal/modules/cjs/loader:1157:19)
    at require (node:internal/modules/helpers:119:18)
    at Object.<anonymous> (D:\NodeJs-JitendraProject\app.js:56:39)
    at Module._compile (node:internal/modules/cjs/loader:1275:14)
[8/25/2023, 11:07:45 AM] error: uncaughtException: Unexpected token '('
D:\NodeJs-JitendraProject\routes\userRoute.js:35
    await userController.(req, res);
                         ^

SyntaxError: Unexpected token '('
    at internalCompileFunction (node:internal/vm:73:18)
    at wrapSafe (node:internal/modules/cjs/loader:1195:20)
    at Module._compile (node:internal/modules/cjs/loader:1239:27)
    at Module._extensions..js (node:internal/modules/cjs/loader:1329:10)
    at Module.load (node:internal/modules/cjs/loader:1133:32)
    at Module._load (node:internal/modules/cjs/loader:972:12)
    at Module.require (node:internal/modules/cjs/loader:1157:19)
    at require (node:internal/modules/helpers:119:18)
    at Object.<anonymous> (D:\NodeJs-JitendraProject\app.js:56:39)
    at Module._compile (node:internal/modules/cjs/loader:1275:14)
[8/25/2023, 11:08:34 AM] error: uncaughtException: ensureNotAuthenticated is not defined
ReferenceError: ensureNotAuthenticated is not defined
    at Object.<anonymous> (D:\NodeJs-JitendraProject\routes\userRoute.js:24:5)
    at Module._compile (node:internal/modules/cjs/loader:1275:14)
    at Module._extensions..js (node:internal/modules/cjs/loader:1329:10)
    at Module.load (node:internal/modules/cjs/loader:1133:32)
    at Module._load (node:internal/modules/cjs/loader:972:12)
    at Module.require (node:internal/modules/cjs/loader:1157:19)
    at require (node:internal/modules/helpers:119:18)
    at Object.<anonymous> (D:\NodeJs-JitendraProject\app.js:56:39)
    at Module._compile (node:internal/modules/cjs/loader:1275:14)
    at Module._extensions..js (node:internal/modules/cjs/loader:1329:10)
[8/25/2023, 11:09:02 AM] error: uncaughtException: Cannot find module '../helpers/auth-helper'
Require stack:
- D:\NodeJs-JitendraProject\routes\userRoute.js
- D:\NodeJs-JitendraProject\app.js
Error: Cannot find module '../helpers/auth-helper'
Require stack:
- D:\NodeJs-JitendraProject\routes\userRoute.js
- D:\NodeJs-JitendraProject\app.js
    at Module._resolveFilename (node:internal/modules/cjs/loader:1090:15)
    at Module._load (node:internal/modules/cjs/loader:934:27)
    at Module.require (node:internal/modules/cjs/loader:1157:19)
    at require (node:internal/modules/helpers:119:18)
    at Object.<anonymous> (D:\NodeJs-JitendraProject\routes\userRoute.js:14:5)
    at Module._compile (node:internal/modules/cjs/loader:1275:14)
    at Module._extensions..js (node:internal/modules/cjs/loader:1329:10)
    at Module.load (node:internal/modules/cjs/loader:1133:32)
    at Module._load (node:internal/modules/cjs/loader:972:12)
    at Module.require (node:internal/modules/cjs/loader:1157:19)
[8/25/2023, 11:09:12 AM] error: uncaughtException: Cannot find module '../helpers/validator/'
Require stack:
- D:\NodeJs-JitendraProject\routes\userRoute.js
- D:\NodeJs-JitendraProject\app.js
Error: Cannot find module '../helpers/validator/'
Require stack:
- D:\NodeJs-JitendraProject\routes\userRoute.js
- D:\NodeJs-JitendraProject\app.js
    at Module._resolveFilename (node:internal/modules/cjs/loader:1090:15)
    at Module._load (node:internal/modules/cjs/loader:934:27)
    at Module.require (node:internal/modules/cjs/loader:1157:19)
    at require (node:internal/modules/helpers:119:18)
    at Object.<anonymous> (D:\NodeJs-JitendraProject\routes\userRoute.js:14:5)
    at Module._compile (node:internal/modules/cjs/loader:1275:14)
    at Module._extensions..js (node:internal/modules/cjs/loader:1329:10)
    at Module.load (node:internal/modules/cjs/loader:1133:32)
    at Module._load (node:internal/modules/cjs/loader:972:12)
    at Module.require (node:internal/modules/cjs/loader:1157:19)
[8/25/2023, 11:09:21 AM] error: uncaughtException: Cannot find module '../helpers/'
Require stack:
- D:\NodeJs-JitendraProject\routes\userRoute.js
- D:\NodeJs-JitendraProject\app.js
Error: Cannot find module '../helpers/'
Require stack:
- D:\NodeJs-JitendraProject\routes\userRoute.js
- D:\NodeJs-JitendraProject\app.js
    at Module._resolveFilename (node:internal/modules/cjs/loader:1090:15)
    at Module._load (node:internal/modules/cjs/loader:934:27)
    at Module.require (node:internal/modules/cjs/loader:1157:19)
    at require (node:internal/modules/helpers:119:18)
    at Object.<anonymous> (D:\NodeJs-JitendraProject\routes\userRoute.js:14:5)
    at Module._compile (node:internal/modules/cjs/loader:1275:14)
    at Module._extensions..js (node:internal/modules/cjs/loader:1329:10)
    at Module.load (node:internal/modules/cjs/loader:1133:32)
    at Module._load (node:internal/modules/cjs/loader:972:12)
    at Module.require (node:internal/modules/cjs/loader:1157:19)
[8/25/2023, 11:09:26 AM] error: uncaughtException: Cannot find module '../helpers/authentication/'
Require stack:
- D:\NodeJs-JitendraProject\routes\userRoute.js
- D:\NodeJs-JitendraProject\app.js
Error: Cannot find module '../helpers/authentication/'
Require stack:
- D:\NodeJs-JitendraProject\routes\userRoute.js
- D:\NodeJs-JitendraProject\app.js
    at Module._resolveFilename (node:internal/modules/cjs/loader:1090:15)
    at Module._load (node:internal/modules/cjs/loader:934:27)
    at Module.require (node:internal/modules/cjs/loader:1157:19)
    at require (node:internal/modules/helpers:119:18)
    at Object.<anonymous> (D:\NodeJs-JitendraProject\routes\userRoute.js:14:5)
    at Module._compile (node:internal/modules/cjs/loader:1275:14)
    at Module._extensions..js (node:internal/modules/cjs/loader:1329:10)
    at Module.load (node:internal/modules/cjs/loader:1133:32)
    at Module._load (node:internal/modules/cjs/loader:972:12)
    at Module.require (node:internal/modules/cjs/loader:1157:19)
[8/25/2023, 11:09:36 AM] error: uncaughtException: changePasswordRules is not defined
ReferenceError: changePasswordRules is not defined
    at Object.<anonymous> (D:\NodeJs-JitendraProject\routes\userRoute.js:35:8)
    at Module._compile (node:internal/modules/cjs/loader:1275:14)
    at Module._extensions..js (node:internal/modules/cjs/loader:1329:10)
    at Module.load (node:internal/modules/cjs/loader:1133:32)
    at Module._load (node:internal/modules/cjs/loader:972:12)
    at Module.require (node:internal/modules/cjs/loader:1157:19)
    at require (node:internal/modules/helpers:119:18)
    at Object.<anonymous> (D:\NodeJs-JitendraProject\app.js:56:39)
    at Module._compile (node:internal/modules/cjs/loader:1275:14)
    at Module._extensions..js (node:internal/modules/cjs/loader:1329:10)
[8/25/2023, 11:10:38 AM] error: uncaughtException: Route.get() requires a callback function but got a [object Undefined]
Error: Route.get() requires a callback function but got a [object Undefined]
    at Route.<computed> [as get] (D:\NodeJs-JitendraProject\node_modules\express\lib\router\route.js:211:15)
    at proto.<computed> [as get] (D:\NodeJs-JitendraProject\node_modules\express\lib\router\index.js:521:19)
    at Object.<anonymous> (D:\NodeJs-JitendraProject\routes\userRoute.js:18:8)
    at Module._compile (node:internal/modules/cjs/loader:1275:14)
    at Module._extensions..js (node:internal/modules/cjs/loader:1329:10)
    at Module.load (node:internal/modules/cjs/loader:1133:32)
    at Module._load (node:internal/modules/cjs/loader:972:12)
    at Module.require (node:internal/modules/cjs/loader:1157:19)
    at require (node:internal/modules/helpers:119:18)
    at Object.<anonymous> (D:\NodeJs-JitendraProject\app.js:56:39)
[8/25/2023, 11:11:39 AM] error: uncaughtException: Identifier 'validate' has already been declared
D:\NodeJs-JitendraProject\routes\userRoute.js:13
    validate,
    ^

SyntaxError: Identifier 'validate' has already been declared
    at internalCompileFunction (node:internal/vm:73:18)
    at wrapSafe (node:internal/modules/cjs/loader:1195:20)
    at Module._compile (node:internal/modules/cjs/loader:1239:27)
    at Module._extensions..js (node:internal/modules/cjs/loader:1329:10)
    at Module.load (node:internal/modules/cjs/loader:1133:32)
    at Module._load (node:internal/modules/cjs/loader:972:12)
    at Module.require (node:internal/modules/cjs/loader:1157:19)
    at require (node:internal/modules/helpers:119:18)
    at Object.<anonymous> (D:\NodeJs-JitendraProject\app.js:56:39)
    at Module._compile (node:internal/modules/cjs/loader:1275:14)
[8/25/2023, 11:11:53 AM] error: uncaughtException: Identifier 'validate' has already been declared
D:\NodeJs-JitendraProject\routes\userRoute.js:13
    validate,
    ^

SyntaxError: Identifier 'validate' has already been declared
    at internalCompileFunction (node:internal/vm:73:18)
    at wrapSafe (node:internal/modules/cjs/loader:1195:20)
    at Module._compile (node:internal/modules/cjs/loader:1239:27)
    at Module._extensions..js (node:internal/modules/cjs/loader:1329:10)
    at Module.load (node:internal/modules/cjs/loader:1133:32)
    at Module._load (node:internal/modules/cjs/loader:972:12)
    at Module.require (node:internal/modules/cjs/loader:1157:19)
    at require (node:internal/modules/helpers:119:18)
    at Object.<anonymous> (D:\NodeJs-JitendraProject\app.js:56:39)
    at Module._compile (node:internal/modules/cjs/loader:1275:14)
[8/25/2023, 11:11:58 AM] error: uncaughtException: loginValidation is not defined
ReferenceError: loginValidation is not defined
    at Object.<anonymous> (D:\NodeJs-JitendraProject\routes\userRoute.js:19:22)
    at Module._compile (node:internal/modules/cjs/loader:1275:14)
    at Module._extensions..js (node:internal/modules/cjs/loader:1329:10)
    at Module.load (node:internal/modules/cjs/loader:1133:32)
    at Module._load (node:internal/modules/cjs/loader:972:12)
    at Module.require (node:internal/modules/cjs/loader:1157:19)
    at require (node:internal/modules/helpers:119:18)
    at Object.<anonymous> (D:\NodeJs-JitendraProject\app.js:56:39)
    at Module._compile (node:internal/modules/cjs/loader:1275:14)
    at Module._extensions..js (node:internal/modules/cjs/loader:1329:10)
[8/25/2023, 11:12:35 AM] error: uncaughtException: loginValidation is not defined
ReferenceError: loginValidation is not defined
    at Object.<anonymous> (D:\NodeJs-JitendraProject\routes\userRoute.js:19:22)
    at Module._compile (node:internal/modules/cjs/loader:1275:14)
    at Module._extensions..js (node:internal/modules/cjs/loader:1329:10)
    at Module.load (node:internal/modules/cjs/loader:1133:32)
    at Module._load (node:internal/modules/cjs/loader:972:12)
    at Module.require (node:internal/modules/cjs/loader:1157:19)
    at require (node:internal/modules/helpers:119:18)
    at Object.<anonymous> (D:\NodeJs-JitendraProject\app.js:56:39)
    at Module._compile (node:internal/modules/cjs/loader:1275:14)
    at Module._extensions..js (node:internal/modules/cjs/loader:1329:10)
[8/25/2023, 11:12:41 AM] info: Connection to DB established successfully.
[8/25/2023, 11:13:22 AM] error: uncaughtException: Cannot find module '../helpers/validators/userValidator'
Require stack:
- D:\NodeJs-JitendraProject\routes\userRoute.js
- D:\NodeJs-JitendraProject\app.js
Error: Cannot find module '../helpers/validators/userValidator'
Require stack:
- D:\NodeJs-JitendraProject\routes\userRoute.js
- D:\NodeJs-JitendraProject\app.js
    at Module._resolveFilename (node:internal/modules/cjs/loader:1090:15)
    at Module._load (node:internal/modules/cjs/loader:934:27)
    at Module.require (node:internal/modules/cjs/loader:1157:19)
    at require (node:internal/modules/helpers:119:18)
    at Object.<anonymous> (D:\NodeJs-JitendraProject\routes\userRoute.js:9:5)
    at Module._compile (node:internal/modules/cjs/loader:1275:14)
    at Module._extensions..js (node:internal/modules/cjs/loader:1329:10)
    at Module.load (node:internal/modules/cjs/loader:1133:32)
    at Module._load (node:internal/modules/cjs/loader:972:12)
    at Module.require (node:internal/modules/cjs/loader:1157:19)
[8/25/2023, 11:13:35 AM] error: uncaughtException: Cannot find module '../controller/'
Require stack:
- D:\NodeJs-JitendraProject\routes\userRoute.js
- D:\NodeJs-JitendraProject\app.js
Error: Cannot find module '../controller/'
Require stack:
- D:\NodeJs-JitendraProject\routes\userRoute.js
- D:\NodeJs-JitendraProject\app.js
    at Module._resolveFilename (node:internal/modules/cjs/loader:1090:15)
    at Module._load (node:internal/modules/cjs/loader:934:27)
    at Module.require (node:internal/modules/cjs/loader:1157:19)
    at require (node:internal/modules/helpers:119:18)
    at Object.<anonymous> (D:\NodeJs-JitendraProject\routes\userRoute.js:3:24)
    at Module._compile (node:internal/modules/cjs/loader:1275:14)
    at Module._extensions..js (node:internal/modules/cjs/loader:1329:10)
    at Module.load (node:internal/modules/cjs/loader:1133:32)
    at Module._load (node:internal/modules/cjs/loader:972:12)
    at Module.require (node:internal/modules/cjs/loader:1157:19)
[8/25/2023, 11:13:37 AM] error: uncaughtException: Cannot find module '../helpers/validators/userValidator'
Require stack:
- D:\NodeJs-JitendraProject\routes\userRoute.js
- D:\NodeJs-JitendraProject\app.js
Error: Cannot find module '../helpers/validators/userValidator'
Require stack:
- D:\NodeJs-JitendraProject\routes\userRoute.js
- D:\NodeJs-JitendraProject\app.js
    at Module._resolveFilename (node:internal/modules/cjs/loader:1090:15)
    at Module._load (node:internal/modules/cjs/loader:934:27)
    at Module.require (node:internal/modules/cjs/loader:1157:19)
    at require (node:internal/modules/helpers:119:18)
    at Object.<anonymous> (D:\NodeJs-JitendraProject\routes\userRoute.js:9:5)
    at Module._compile (node:internal/modules/cjs/loader:1275:14)
    at Module._extensions..js (node:internal/modules/cjs/loader:1329:10)
    at Module.load (node:internal/modules/cjs/loader:1133:32)
    at Module._load (node:internal/modules/cjs/loader:972:12)
    at Module.require (node:internal/modules/cjs/loader:1157:19)
[8/25/2023, 11:13:47 AM] error: uncaughtException: Cannot find module '../helpers/validator/'
Require stack:
- D:\NodeJs-JitendraProject\routes\userRoute.js
- D:\NodeJs-JitendraProject\app.js
Error: Cannot find module '../helpers/validator/'
Require stack:
- D:\NodeJs-JitendraProject\routes\userRoute.js
- D:\NodeJs-JitendraProject\app.js
    at Module._resolveFilename (node:internal/modules/cjs/loader:1090:15)
    at Module._load (node:internal/modules/cjs/loader:934:27)
    at Module.require (node:internal/modules/cjs/loader:1157:19)
    at require (node:internal/modules/helpers:119:18)
    at Object.<anonymous> (D:\NodeJs-JitendraProject\routes\userRoute.js:9:5)
    at Module._compile (node:internal/modules/cjs/loader:1275:14)
    at Module._extensions..js (node:internal/modules/cjs/loader:1329:10)
    at Module.load (node:internal/modules/cjs/loader:1133:32)
    at Module._load (node:internal/modules/cjs/loader:972:12)
    at Module.require (node:internal/modules/cjs/loader:1157:19)
[8/25/2023, 11:13:51 AM] error: uncaughtException: Cannot find module '../helpers/auth-helper'
Require stack:
- D:\NodeJs-JitendraProject\routes\userRoute.js
- D:\NodeJs-JitendraProject\app.js
Error: Cannot find module '../helpers/auth-helper'
Require stack:
- D:\NodeJs-JitendraProject\routes\userRoute.js
- D:\NodeJs-JitendraProject\app.js
    at Module._resolveFilename (node:internal/modules/cjs/loader:1090:15)
    at Module._load (node:internal/modules/cjs/loader:934:27)
    at Module.require (node:internal/modules/cjs/loader:1157:19)
    at require (node:internal/modules/helpers:119:18)
    at Object.<anonymous> (D:\NodeJs-JitendraProject\routes\userRoute.js:13:5)
    at Module._compile (node:internal/modules/cjs/loader:1275:14)
    at Module._extensions..js (node:internal/modules/cjs/loader:1329:10)
    at Module.load (node:internal/modules/cjs/loader:1133:32)
    at Module._load (node:internal/modules/cjs/loader:972:12)
    at Module.require (node:internal/modules/cjs/loader:1157:19)
[8/25/2023, 11:14:01 AM] error: uncaughtException: Cannot find module '../helpers/rate-limiter'
Require stack:
- D:\NodeJs-JitendraProject\routes\userRoute.js
- D:\NodeJs-JitendraProject\app.js
Error: Cannot find module '../helpers/rate-limiter'
Require stack:
- D:\NodeJs-JitendraProject\routes\userRoute.js
- D:\NodeJs-JitendraProject\app.js
    at Module._resolveFilename (node:internal/modules/cjs/loader:1090:15)
    at Module._load (node:internal/modules/cjs/loader:934:27)
    at Module.require (node:internal/modules/cjs/loader:1157:19)
    at require (node:internal/modules/helpers:119:18)
    at Object.<anonymous> (D:\NodeJs-JitendraProject\routes\userRoute.js:14:21)
    at Module._compile (node:internal/modules/cjs/loader:1275:14)
    at Module._extensions..js (node:internal/modules/cjs/loader:1329:10)
    at Module.load (node:internal/modules/cjs/loader:1133:32)
    at Module._load (node:internal/modules/cjs/loader:972:12)
    at Module.require (node:internal/modules/cjs/loader:1157:19)
[8/25/2023, 11:14:10 AM] info: Connection to DB established successfully.
[8/25/2023, 11:14:21 AM] error: uncaughtException: Unexpected token ')'
D:\NodeJs-JitendraProject\routes\userRoute.js:22
});
 ^

SyntaxError: Unexpected token ')'
    at internalCompileFunction (node:internal/vm:73:18)
    at wrapSafe (node:internal/modules/cjs/loader:1195:20)
    at Module._compile (node:internal/modules/cjs/loader:1239:27)
    at Module._extensions..js (node:internal/modules/cjs/loader:1329:10)
    at Module.load (node:internal/modules/cjs/loader:1133:32)
    at Module._load (node:internal/modules/cjs/loader:972:12)
    at Module.require (node:internal/modules/cjs/loader:1157:19)
    at require (node:internal/modules/helpers:119:18)
    at Object.<anonymous> (D:\NodeJs-JitendraProject\app.js:56:39)
    at Module._compile (node:internal/modules/cjs/loader:1275:14)
[8/25/2023, 11:14:25 AM] info: Connection to DB established successfully.
[8/25/2023, 11:14:35 AM] info: Connection to DB established successfully.
[8/25/2023, 11:14:37 AM] info: Connection to DB established successfully.
[8/25/2023, 11:14:40 AM] error: uncaughtException: Unexpected token '('
D:\NodeJs-JitendraProject\routes\userRoute.js:26
    userController.(req, res, next);
                   ^

SyntaxError: Unexpected token '('
    at internalCompileFunction (node:internal/vm:73:18)
    at wrapSafe (node:internal/modules/cjs/loader:1195:20)
    at Module._compile (node:internal/modules/cjs/loader:1239:27)
    at Module._extensions..js (node:internal/modules/cjs/loader:1329:10)
    at Module.load (node:internal/modules/cjs/loader:1133:32)
    at Module._load (node:internal/modules/cjs/loader:972:12)
    at Module.require (node:internal/modules/cjs/loader:1157:19)
    at require (node:internal/modules/helpers:119:18)
    at Object.<anonymous> (D:\NodeJs-JitendraProject\app.js:56:39)
    at Module._compile (node:internal/modules/cjs/loader:1275:14)
[8/25/2023, 11:14:43 AM] info: Connection to DB established successfully.
[8/25/2023, 11:14:46 AM] info: Connection to DB established successfully.
[8/25/2023, 11:14:52 AM] info: Connection to DB established successfully.
[8/25/2023, 11:14:54 AM] info: Connection to DB established successfully.
[8/25/2023, 11:15:09 AM] info: Connection to DB established successfully.
[8/25/2023, 11:15:12 AM] info: Connection to DB established successfully.
[8/25/2023, 11:15:17 AM] info: Connection to DB established successfully.
[8/25/2023, 11:15:20 AM] info: Connection to DB established successfully.
[8/25/2023, 11:15:25 AM] info: Connection to DB established successfully.
[8/25/2023, 11:15:28 AM] info: Connection to DB established successfully.
[8/25/2023, 11:15:37 AM] info: Connection to DB established successfully.
[8/25/2023, 11:15:41 AM] info: Connection to DB established successfully.
[8/25/2023, 11:15:44 AM] info: Connection to DB established successfully.
[8/25/2023, 11:15:46 AM] info: Connection to DB established successfully.
[8/25/2023, 11:15:55 AM] info: Connection to DB established successfully.
[8/25/2023, 11:15:58 AM] info: Connection to DB established successfully.
[8/25/2023, 11:16:03 AM] info: Connection to DB established successfully.
[8/25/2023, 11:16:09 AM] info: Connection to DB established successfully.
[8/25/2023, 11:18:15 AM] info: Connection to DB established successfully.
[8/25/2023, 11:18:46 AM] error: uncaughtException: Table 'Jitendra_Database.registers' doesn't exist
Error
    at Query.run (D:\NodeJs-JitendraProject\node_modules\sequelize\lib\dialects\mysql\query.js:52:25)
    at D:\NodeJs-JitendraProject\node_modules\sequelize\lib\sequelize.js:315:28
    at process.processTicksAndRejections (node:internal/process/task_queues:95:5)
    at async MySQLQueryInterface.select (D:\NodeJs-JitendraProject\node_modules\sequelize\lib\dialects\abstract\query-interface.js:407:12)
    at async register.findAll (D:\NodeJs-JitendraProject\node_modules\sequelize\lib\model.js:1140:21)
    at async register.findOne (D:\NodeJs-JitendraProject\node_modules\sequelize\lib\model.js:1240:12)
    at async Strategy._verify (D:\NodeJs-JitendraProject\helpers\authentication\init-passport.js:13:34)
[8/25/2023, 11:19:23 AM] info: Connection to DB established successfully.
[8/25/2023, 11:20:22 AM] error: uncaughtException: Unknown column 'active' in 'field list'
Error
    at Query.run (D:\NodeJs-JitendraProject\node_modules\sequelize\lib\dialects\mysql\query.js:52:25)
    at D:\NodeJs-JitendraProject\node_modules\sequelize\lib\sequelize.js:315:28
    at process.processTicksAndRejections (node:internal/process/task_queues:95:5)
    at async MySQLQueryInterface.select (D:\NodeJs-JitendraProject\node_modules\sequelize\lib\dialects\abstract\query-interface.js:407:12)
    at async registers.findAll (D:\NodeJs-JitendraProject\node_modules\sequelize\lib\model.js:1140:21)
    at async registers.findOne (D:\NodeJs-JitendraProject\node_modules\sequelize\lib\model.js:1240:12)
    at async Strategy._verify (D:\NodeJs-JitendraProject\helpers\authentication\init-passport.js:13:34)
[8/25/2023, 11:22:24 AM] info: Connection to DB established successfully.
[8/25/2023, 11:22:42 AM] info: Connection to DB established successfully.
[8/25/2023, 11:23:10 AM] error: uncaughtException: Cannot find module '../controller/'
Require stack:
- D:\NodeJs-JitendraProject\routes\userRoleRoute.js
- D:\NodeJs-JitendraProject\app.js
Error: Cannot find module '../controller/'
Require stack:
- D:\NodeJs-JitendraProject\routes\userRoleRoute.js
- D:\NodeJs-JitendraProject\app.js
    at Module._resolveFilename (node:internal/modules/cjs/loader:1090:15)
    at Module._load (node:internal/modules/cjs/loader:934:27)
    at Module.require (node:internal/modules/cjs/loader:1157:19)
    at require (node:internal/modules/helpers:119:18)
    at Object.<anonymous> (D:\NodeJs-JitendraProject\routes\userRoleRoute.js:3:27)
    at Module._compile (node:internal/modules/cjs/loader:1275:14)
    at Module._extensions..js (node:internal/modules/cjs/loader:1329:10)
    at Module.load (node:internal/modules/cjs/loader:1133:32)
    at Module._load (node:internal/modules/cjs/loader:972:12)
    at Module.require (node:internal/modules/cjs/loader:1157:19)
[8/25/2023, 11:23:12 AM] info: Connection to DB established successfully.
[8/25/2023, 11:28:46 AM] info: Connection to DB established successfully.
[8/25/2023, 11:30:25 AM] info: Connection to DB established successfully.
[8/25/2023, 11:40:04 AM] info: Application  Email sent to: jituwebsolution7709@gmail.com
[8/25/2023, 11:40:13 AM] info: Message sent: %s
[8/25/2023, 11:40:15 AM] info: Message sent: %s
[8/25/2023, 11:43:52 AM] info: Connection to DB established successfully.
[8/25/2023, 11:45:09 AM] info: Connection to DB established successfully.
[8/25/2023, 11:45:27 AM] info: Connection to DB established successfully.
[8/25/2023, 11:46:05 AM] info: Connection to DB established successfully.
[8/25/2023, 11:46:16 AM] info: Connection to DB established successfully.
[8/25/2023, 11:46:21 AM] info: Connection to DB established successfully.
[8/25/2023, 11:46:26 AM] error: Field 'id' doesn't have a default value
[8/25/2023, 11:46:31 AM] error: Field 'id' doesn't have a default value
[8/25/2023, 11:50:26 AM] info: Connection to DB established successfully.
[8/25/2023, 11:50:50 AM] info: Connection to DB established successfully.
[8/25/2023, 11:52:31 AM] info: Connection to DB established successfully.
[8/25/2023, 11:52:49 AM] error: Field 'id' doesn't have a default value
[8/25/2023, 11:53:16 AM] info: Connection to DB established successfully.
[8/25/2023, 11:54:26 AM] info: Connection to DB established successfully.
[8/25/2023, 11:54:34 AM] info: Connection to DB established successfully.
[8/25/2023, 11:54:39 AM] info: Connection to DB established successfully.
[8/25/2023, 11:54:59 AM] info: Connection to DB established successfully.
[8/25/2023, 11:55:02 AM] info: Connection to DB established successfully.
[8/25/2023, 11:55:31 AM] error: Field 'id' doesn't have a default value
[8/25/2023, 11:58:04 AM] info: Connection to DB established successfully.
[8/25/2023, 11:58:08 AM] error: Data truncated for column 'id' at row 1
[8/25/2023, 11:58:41 AM] error: Incorrect integer value: '' for column 'id' at row 1
[8/25/2023, 11:59:24 AM] info: Connection to DB established successfully.
[8/25/2023, 11:59:49 AM] info: Connection to DB established successfully.
[8/25/2023, 11:59:57 AM] error: Field 'id' doesn't have a default value
[8/25/2023, 12:00:36 PM] error: Field 'id' doesn't have a default value
[8/25/2023, 12:05:10 PM] info: Connection to DB established successfully.
[8/25/2023, 12:05:14 PM] error: Data too long for column 'password' at row 1
[8/25/2023, 12:05:44 PM] error: Data too long for column 'password' at row 1
[8/25/2023, 12:07:56 PM] info: Connection to DB established successfully.
[8/25/2023, 12:07:58 PM] error: uncaughtException: Identifier 'newUser' has already been declared
D:\NodeJs-JitendraProject\controller\userController.js:81
        const newUser = new User({ name, email, role_id }); // Don't include the password yet
              ^

SyntaxError: Identifier 'newUser' has already been declared
    at internalCompileFunction (node:internal/vm:73:18)
    at wrapSafe (node:internal/modules/cjs/loader:1195:20)
    at Module._compile (node:internal/modules/cjs/loader:1239:27)
    at Module._extensions..js (node:internal/modules/cjs/loader:1329:10)
    at Module.load (node:internal/modules/cjs/loader:1133:32)
    at Module._load (node:internal/modules/cjs/loader:972:12)
    at Module.require (node:internal/modules/cjs/loader:1157:19)
    at require (node:internal/modules/helpers:119:18)
    at Object.<anonymous> (D:\NodeJs-JitendraProject\routes\userRoute.js:3:24)
    at Module._compile (node:internal/modules/cjs/loader:1275:14)
[8/25/2023, 12:08:28 PM] info: Connection to DB established successfully.
[8/25/2023, 12:08:32 PM] error: Data too long for column 'password' at row 1
[8/25/2023, 12:08:56 PM] error: Data too long for column 'password' at row 1
[8/25/2023, 12:09:35 PM] info: Connection to DB established successfully.
[8/25/2023, 12:09:39 PM] info: Connection to DB established successfully.
[8/25/2023, 12:09:50 PM] error: Data too long for column 'password' at row 1
[8/25/2023, 12:10:14 PM] error: Data too long for column 'password' at row 1
[8/25/2023, 12:12:52 PM] info: Connection to DB established successfully.
[8/25/2023, 12:12:59 PM] error: Data too long for column 'password' at row 1
[8/25/2023, 12:13:17 PM] error: Data too long for column 'password' at row 1
[8/25/2023, 12:14:04 PM] error: uncaughtException: Identifier 'salt' has already been declared
D:\NodeJs-JitendraProject\controller\userController.js:88
        const salt = await bcrypt.genSalt(10);
              ^

SyntaxError: Identifier 'salt' has already been declared
    at internalCompileFunction (node:internal/vm:73:18)
    at wrapSafe (node:internal/modules/cjs/loader:1195:20)
    at Module._compile (node:internal/modules/cjs/loader:1239:27)
    at Module._extensions..js (node:internal/modules/cjs/loader:1329:10)
    at Module.load (node:internal/modules/cjs/loader:1133:32)
    at Module._load (node:internal/modules/cjs/loader:972:12)
    at Module.require (node:internal/modules/cjs/loader:1157:19)
    at require (node:internal/modules/helpers:119:18)
    at Object.<anonymous> (D:\NodeJs-JitendraProject\routes\userRoute.js:3:24)
    at Module._compile (node:internal/modules/cjs/loader:1275:14)
[8/25/2023, 12:15:03 PM] info: Connection to DB established successfully.
[8/25/2023, 12:15:10 PM] info: Connection to DB established successfully.
[8/25/2023, 12:15:14 PM] error: Cannot access 'newUser' before initialization
[8/25/2023, 12:15:28 PM] info: Connection to DB established successfully.
[8/25/2023, 12:15:31 PM] info: Connection to DB established successfully.
[8/25/2023, 12:15:34 PM] info: Connection to DB established successfully.
[8/25/2023, 12:15:44 PM] info: Connection to DB established successfully.
[8/25/2023, 12:15:49 PM] error: userRegister is not defined
[8/25/2023, 12:16:09 PM] info: Connection to DB established successfully.
[8/25/2023, 12:16:12 PM] info: Connection to DB established successfully.
[8/25/2023, 12:16:13 PM] error: Data too long for column 'password' at row 1
[8/25/2023, 12:16:25 PM] info: Connection to DB established successfully.
[8/25/2023, 12:16:26 PM] error: Class constructor model cannot be invoked without 'new'
[8/25/2023, 12:16:38 PM] info: Connection to DB established successfully.
[8/25/2023, 12:16:38 PM] error: Data too long for column 'password' at row 1
[8/25/2023, 12:16:52 PM] info: Connection to DB established successfully.
[8/25/2023, 12:16:57 PM] info: Connection to DB established successfully.
[8/25/2023, 12:17:03 PM] info: Connection to DB established successfully.
[8/25/2023, 12:17:04 PM] error: Data too long for column 'password' at row 1
[8/25/2023, 12:18:39 PM] error: uncaughtException: Cannot find module 'bcrypt'
Require stack:
- D:\NodeJs-JitendraProject\controller\userController.js
- D:\NodeJs-JitendraProject\routes\userRoute.js
- D:\NodeJs-JitendraProject\app.js
Error: Cannot find module 'bcrypt'
Require stack:
- D:\NodeJs-JitendraProject\controller\userController.js
- D:\NodeJs-JitendraProject\routes\userRoute.js
- D:\NodeJs-JitendraProject\app.js
    at Module._resolveFilename (node:internal/modules/cjs/loader:1090:15)
    at Module._load (node:internal/modules/cjs/loader:934:27)
    at Module.require (node:internal/modules/cjs/loader:1157:19)
    at require (node:internal/modules/helpers:119:18)
    at Object.<anonymous> (D:\NodeJs-JitendraProject\controller\userController.js:3:16)
    at Module._compile (node:internal/modules/cjs/loader:1275:14)
    at Module._extensions..js (node:internal/modules/cjs/loader:1329:10)
    at Module.load (node:internal/modules/cjs/loader:1133:32)
    at Module._load (node:internal/modules/cjs/loader:972:12)
    at Module.require (node:internal/modules/cjs/loader:1157:19)
[8/25/2023, 12:19:54 PM] info: Connection to DB established successfully.
[8/25/2023, 12:20:00 PM] error: uncaughtException: Identifier 'newUser' has already been declared
D:\NodeJs-JitendraProject\controller\userController.js:82
        const newUser = new User({ name, email, role_id });
              ^

SyntaxError: Identifier 'newUser' has already been declared
    at internalCompileFunction (node:internal/vm:73:18)
    at wrapSafe (node:internal/modules/cjs/loader:1195:20)
    at Module._compile (node:internal/modules/cjs/loader:1239:27)
    at Module._extensions..js (node:internal/modules/cjs/loader:1329:10)
    at Module.load (node:internal/modules/cjs/loader:1133:32)
    at Module._load (node:internal/modules/cjs/loader:972:12)
    at Module.require (node:internal/modules/cjs/loader:1157:19)
    at require (node:internal/modules/helpers:119:18)
    at Object.<anonymous> (D:\NodeJs-JitendraProject\routes\userRoute.js:3:24)
    at Module._compile (node:internal/modules/cjs/loader:1275:14)
[8/25/2023, 12:20:13 PM] error: uncaughtException: Identifier 'newUser' has already been declared
D:\NodeJs-JitendraProject\controller\userController.js:81
        const newUser = new User({ name, email, role_id });
              ^

SyntaxError: Identifier 'newUser' has already been declared
    at internalCompileFunction (node:internal/vm:73:18)
    at wrapSafe (node:internal/modules/cjs/loader:1195:20)
    at Module._compile (node:internal/modules/cjs/loader:1239:27)
    at Module._extensions..js (node:internal/modules/cjs/loader:1329:10)
    at Module.load (node:internal/modules/cjs/loader:1133:32)
    at Module._load (node:internal/modules/cjs/loader:972:12)
    at Module.require (node:internal/modules/cjs/loader:1157:19)
    at require (node:internal/modules/helpers:119:18)
    at Object.<anonymous> (D:\NodeJs-JitendraProject\routes\userRoute.js:3:24)
    at Module._compile (node:internal/modules/cjs/loader:1275:14)
[8/25/2023, 12:20:25 PM] info: Connection to DB established successfully.
[8/25/2023, 12:20:55 PM] error: Data too long for column 'password' at row 1
[8/25/2023, 12:23:01 PM] error: Cannot add or update a child row: a foreign key constraint fails (`Jitendra_Database`.`registers`, CONSTRAINT `idfkrole` FOREIGN KEY (`role_id`) REFERENCES `user_roles` (`id`))
[8/25/2023, 12:23:21 PM] error: Cannot add or update a child row: a foreign key constraint fails (`Jitendra_Database`.`registers`, CONSTRAINT `idfkrole` FOREIGN KEY (`role_id`) REFERENCES `user_roles` (`id`))
[8/25/2023, 12:23:49 PM] info: Connection to DB established successfully.
[8/25/2023, 12:23:53 PM] info: Connection to DB established successfully.
[8/25/2023, 12:24:08 PM] info: Connection to DB established successfully.
[8/25/2023, 12:24:09 PM] error: Cannot add or update a child row: a foreign key constraint fails (`Jitendra_Database`.`registers`, CONSTRAINT `idfkrole` FOREIGN KEY (`role_id`) REFERENCES `user_roles` (`id`))
[8/25/2023, 12:25:31 PM] info: Connection to DB established successfully.
[8/25/2023, 12:25:43 PM] info: Connection to DB established successfully.
[8/25/2023, 12:26:27 PM] info: Connection to DB established successfully.
[8/25/2023, 12:27:09 PM] error: Cannot add or update a child row: a foreign key constraint fails (`Jitendra_Database`.`registers`, CONSTRAINT `idfkrole` FOREIGN KEY (`role_id`) REFERENCES `user_roles` (`id`))
[8/25/2023, 12:33:37 PM] error: Cannot add or update a child row: a foreign key constraint fails (`Jitendra_Database`.`registers`, CONSTRAINT `idfk_role` FOREIGN KEY (`role_id`) REFERENCES `user_roles` (`id`))
[8/25/2023, 12:34:34 PM] info: Connection to DB established successfully.
[8/25/2023, 12:35:30 PM] error: Cannot add or update a child row: a foreign key constraint fails (`Jitendra_Database`.`registers`, CONSTRAINT `idfk_role` FOREIGN KEY (`role_id`) REFERENCES `user_roles` (`id`))
[8/25/2023, 12:40:29 PM] info: Connection to DB established successfully.
[8/25/2023, 12:41:07 PM] error: Cannot add or update a child row: a foreign key constraint fails (`Jitendra_Database`.`registers`, CONSTRAINT `idfk_role` FOREIGN KEY (`role_id`) REFERENCES `user_roles` (`id`))
[8/25/2023, 12:41:48 PM] info: Connection to DB established successfully.
[8/25/2023, 12:41:52 PM] info: Connection to DB established successfully.
[8/25/2023, 12:50:30 PM] info: Connection to DB established successfully.
[8/25/2023, 12:51:16 PM] error: Cannot add or update a child row: a foreign key constraint fails (`Jitendra_Database`.`registers`, CONSTRAINT `idfk_role` FOREIGN KEY (`role_id`) REFERENCES `user_roles` (`id`))
[8/25/2023, 12:51:49 PM] info: Connection to DB established successfully.
[8/25/2023, 12:53:04 PM] error: uncaughtException: Unexpected token '.'
D:\NodeJs-JitendraProject\controller\userController.js:33
        userRoles.role,
                 ^

SyntaxError: Unexpected token '.'
    at internalCompileFunction (node:internal/vm:73:18)
    at wrapSafe (node:internal/modules/cjs/loader:1195:20)
    at Module._compile (node:internal/modules/cjs/loader:1239:27)
    at Module._extensions..js (node:internal/modules/cjs/loader:1329:10)
    at Module.load (node:internal/modules/cjs/loader:1133:32)
    at Module._load (node:internal/modules/cjs/loader:972:12)
    at Module.require (node:internal/modules/cjs/loader:1157:19)
    at require (node:internal/modules/helpers:119:18)
    at Object.<anonymous> (D:\NodeJs-JitendraProject\routes\userRoute.js:3:24)
    at Module._compile (node:internal/modules/cjs/loader:1275:14)
[8/25/2023, 12:53:09 PM] error: uncaughtException: Unexpected token '.'
D:\NodeJs-JitendraProject\controller\userController.js:33
        userRoles.role_ne,
                 ^

SyntaxError: Unexpected token '.'
    at internalCompileFunction (node:internal/vm:73:18)
    at wrapSafe (node:internal/modules/cjs/loader:1195:20)
    at Module._compile (node:internal/modules/cjs/loader:1239:27)
    at Module._extensions..js (node:internal/modules/cjs/loader:1329:10)
    at Module.load (node:internal/modules/cjs/loader:1133:32)
    at Module._load (node:internal/modules/cjs/loader:972:12)
    at Module.require (node:internal/modules/cjs/loader:1157:19)
    at require (node:internal/modules/helpers:119:18)
    at Object.<anonymous> (D:\NodeJs-JitendraProject\routes\userRoute.js:3:24)
    at Module._compile (node:internal/modules/cjs/loader:1275:14)
[8/25/2023, 12:53:15 PM] info: Connection to DB established successfully.
[8/25/2023, 12:57:44 PM] error: host is not defined
[8/25/2023, 12:57:44 PM] error: uncaughtException: host is not defined
ReferenceError: host is not defined
    at sendActivationLink (D:\NodeJs-JitendraProject\helpers\authentication\sendEmailActivation.js:29:38)
    at process.processTicksAndRejections (node:internal/process/task_queues:95:5)
[8/25/2023, 1:02:41 PM] error: uncaughtException: Cannot find module '../config/host-config'
Require stack:
- D:\NodeJs-JitendraProject\helpers\authentication\sendEmailActivation.js
- D:\NodeJs-JitendraProject\controller\userController.js
- D:\NodeJs-JitendraProject\routes\userRoute.js
- D:\NodeJs-JitendraProject\app.js
Error: Cannot find module '../config/host-config'
Require stack:
- D:\NodeJs-JitendraProject\helpers\authentication\sendEmailActivation.js
- D:\NodeJs-JitendraProject\controller\userController.js
- D:\NodeJs-JitendraProject\routes\userRoute.js
- D:\NodeJs-JitendraProject\app.js
    at Module._resolveFilename (node:internal/modules/cjs/loader:1090:15)
    at Module._load (node:internal/modules/cjs/loader:934:27)
    at Module.require (node:internal/modules/cjs/loader:1157:19)
    at require (node:internal/modules/helpers:119:18)
    at Object.<anonymous> (D:\NodeJs-JitendraProject\helpers\authentication\sendEmailActivation.js:5:14)
    at Module._compile (node:internal/modules/cjs/loader:1275:14)
    at Module._extensions..js (node:internal/modules/cjs/loader:1329:10)
    at Module.load (node:internal/modules/cjs/loader:1133:32)
    at Module._load (node:internal/modules/cjs/loader:972:12)
    at Module.require (node:internal/modules/cjs/loader:1157:19)
[8/25/2023, 1:02:51 PM] info: Connection to DB established successfully.
[8/25/2023, 1:02:56 PM] info: Connection to DB established successfully.
[8/25/2023, 1:05:37 PM] error: Data too long for column 'activation_key' at row 1
[8/25/2023, 1:05:37 PM] error: uncaughtException: Data too long for column 'activation_key' at row 1
Error
    at Query.run (D:\NodeJs-JitendraProject\node_modules\sequelize\lib\dialects\mysql\query.js:52:25)
    at D:\NodeJs-JitendraProject\node_modules\sequelize\lib\sequelize.js:315:28
    at process.processTicksAndRejections (node:internal/process/task_queues:95:5)
    at async MySQLQueryInterface.update (D:\NodeJs-JitendraProject\node_modules\sequelize\lib\dialects\abstract\query-interface.js:355:12)
    at async model.save (D:\NodeJs-JitendraProject\node_modules\sequelize\lib\model.js:2490:35)
    at async sendActivationLink (D:\NodeJs-JitendraProject\helpers\authentication\sendEmailActivation.js:57:35)
[8/25/2023, 1:07:05 PM] info: Connection to DB established successfully.
[8/25/2023, 1:07:39 PM] info: Connection to DB established successfully.
[8/25/2023, 1:08:01 PM] info: Connection to DB established successfully.
[8/25/2023, 1:08:59 PM] error: Data too long for column 'activation_key' at row 1
[8/25/2023, 1:08:59 PM] error: Data too long for column 'activation_key' at row 1
[8/25/2023, 1:09:07 PM] info: Message sent: %s
[8/25/2023, 1:10:13 PM] error: Data too long for column 'activation_key' at row 1
[8/25/2023, 1:10:13 PM] error: Data too long for column 'activation_key' at row 1
[8/25/2023, 1:10:15 PM] info: Message sent: %s
[8/25/2023, 1:10:16 PM] error: Data too long for column 'activation_key' at row 1
[8/25/2023, 1:10:16 PM] error: Data too long for column 'activation_key' at row 1
[8/25/2023, 1:10:18 PM] info: Message sent: %s
[8/25/2023, 1:10:34 PM] info: Connection to DB established successfully.
[8/25/2023, 1:10:40 PM] info: Connection to DB established successfully.
[8/25/2023, 1:10:41 PM] error: Data too long for column 'activation_key' at row 1
[8/25/2023, 1:10:41 PM] error: Data too long for column 'activation_key' at row 1
[8/25/2023, 1:10:44 PM] info: Message sent: %s
[8/25/2023, 1:11:01 PM] error: Data too long for column 'activation_key' at row 1
[8/25/2023, 1:11:01 PM] error: Data too long for column 'activation_key' at row 1
[8/25/2023, 1:11:04 PM] info: Message sent: %s
[8/25/2023, 1:12:58 PM] info: Connection to DB established successfully.
[8/25/2023, 1:13:03 PM] info: Connection to DB established successfully.
[8/25/2023, 1:13:07 PM] info: Connection to DB established successfully.
[8/25/2023, 1:13:15 PM] info: Application  Email sent to: pardhijitu7694@gmail.com
[8/25/2023, 1:13:20 PM] info: Message sent: %s
[8/25/2023, 1:13:39 PM] error: uncaughtException: userController is not defined
ReferenceError: userController is not defined
    at D:\NodeJs-JitendraProject\routes\dashboardRoute.js:5:5
    at Layer.handle [as handle_request] (D:\NodeJs-JitendraProject\node_modules\express\lib\router\layer.js:95:5)
    at next (D:\NodeJs-JitendraProject\node_modules\express\lib\router\route.js:144:13)
    at Route.dispatch (D:\NodeJs-JitendraProject\node_modules\express\lib\router\route.js:114:3)
    at Layer.handle [as handle_request] (D:\NodeJs-JitendraProject\node_modules\express\lib\router\layer.js:95:5)
    at D:\NodeJs-JitendraProject\node_modules\express\lib\router\index.js:284:15
    at Function.process_params (D:\NodeJs-JitendraProject\node_modules\express\lib\router\index.js:346:12)
    at next (D:\NodeJs-JitendraProject\node_modules\express\lib\router\index.js:280:10)
    at Function.handle (D:\NodeJs-JitendraProject\node_modules\express\lib\router\index.js:175:3)
    at router (D:\NodeJs-JitendraProject\node_modules\express\lib\router\index.js:47:12)
[8/25/2023, 1:14:09 PM] error: uncaughtException: Missing initializer in const declaration
D:\NodeJs-JitendraProject\routes\dashboardRoute.js:3
const das
      ^^^

SyntaxError: Missing initializer in const declaration
    at internalCompileFunction (node:internal/vm:73:18)
    at wrapSafe (node:internal/modules/cjs/loader:1195:20)
    at Module._compile (node:internal/modules/cjs/loader:1239:27)
    at Module._extensions..js (node:internal/modules/cjs/loader:1329:10)
    at Module.load (node:internal/modules/cjs/loader:1133:32)
    at Module._load (node:internal/modules/cjs/loader:972:12)
    at Module.require (node:internal/modules/cjs/loader:1157:19)
    at require (node:internal/modules/helpers:119:18)
    at Object.<anonymous> (D:\NodeJs-JitendraProject\app.js:55:44)
    at Module._compile (node:internal/modules/cjs/loader:1275:14)
[8/25/2023, 1:14:13 PM] error: uncaughtException: Missing initializer in const declaration
D:\NodeJs-JitendraProject\routes\dashboardRoute.js:3
const dashboardControll
      ^^^^^^^^^^^^^^^^^

SyntaxError: Missing initializer in const declaration
    at internalCompileFunction (node:internal/vm:73:18)
    at wrapSafe (node:internal/modules/cjs/loader:1195:20)
    at Module._compile (node:internal/modules/cjs/loader:1239:27)
    at Module._extensions..js (node:internal/modules/cjs/loader:1329:10)
    at Module.load (node:internal/modules/cjs/loader:1133:32)
    at Module._load (node:internal/modules/cjs/loader:972:12)
    at Module.require (node:internal/modules/cjs/loader:1157:19)
    at require (node:internal/modules/helpers:119:18)
    at Object.<anonymous> (D:\NodeJs-JitendraProject\app.js:55:44)
    at Module._compile (node:internal/modules/cjs/loader:1275:14)
[8/25/2023, 1:14:20 PM] error: uncaughtException: req is not defined
ReferenceError: req is not defined
    at Object.<anonymous> (D:\NodeJs-JitendraProject\routes\dashboardRoute.js:3:29)
    at Module._compile (node:internal/modules/cjs/loader:1275:14)
    at Module._extensions..js (node:internal/modules/cjs/loader:1329:10)
    at Module.load (node:internal/modules/cjs/loader:1133:32)
    at Module._load (node:internal/modules/cjs/loader:972:12)
    at Module.require (node:internal/modules/cjs/loader:1157:19)
    at require (node:internal/modules/helpers:119:18)
    at Object.<anonymous> (D:\NodeJs-JitendraProject\app.js:55:44)
    at Module._compile (node:internal/modules/cjs/loader:1275:14)
    at Module._extensions..js (node:internal/modules/cjs/loader:1329:10)
[8/25/2023, 1:14:27 PM] error: uncaughtException: Cannot find module '../c'
Require stack:
- D:\NodeJs-JitendraProject\routes\dashboardRoute.js
- D:\NodeJs-JitendraProject\app.js
Error: Cannot find module '../c'
Require stack:
- D:\NodeJs-JitendraProject\routes\dashboardRoute.js
- D:\NodeJs-JitendraProject\app.js
    at Module._resolveFilename (node:internal/modules/cjs/loader:1090:15)
    at Module._load (node:internal/modules/cjs/loader:934:27)
    at Module.require (node:internal/modules/cjs/loader:1157:19)
    at require (node:internal/modules/helpers:119:18)
    at Object.<anonymous> (D:\NodeJs-JitendraProject\routes\dashboardRoute.js:3:29)
    at Module._compile (node:internal/modules/cjs/loader:1275:14)
    at Module._extensions..js (node:internal/modules/cjs/loader:1329:10)
    at Module.load (node:internal/modules/cjs/loader:1133:32)
    at Module._load (node:internal/modules/cjs/loader:972:12)
    at Module.require (node:internal/modules/cjs/loader:1157:19)
[8/25/2023, 1:14:30 PM] info: Connection to DB established successfully.
[8/25/2023, 1:14:35 PM] info: Connection to DB established successfully.
[8/25/2023, 1:14:37 PM] error: uncaughtException: Unexpected token '('
D:\NodeJs-JitendraProject\routes\dashboardRoute.js:5
    await dashboardController.(req, res);
                              ^

SyntaxError: Unexpected token '('
    at internalCompileFunction (node:internal/vm:73:18)
    at wrapSafe (node:internal/modules/cjs/loader:1195:20)
    at Module._compile (node:internal/modules/cjs/loader:1239:27)
    at Module._extensions..js (node:internal/modules/cjs/loader:1329:10)
    at Module.load (node:internal/modules/cjs/loader:1133:32)
    at Module._load (node:internal/modules/cjs/loader:972:12)
    at Module.require (node:internal/modules/cjs/loader:1157:19)
    at require (node:internal/modules/helpers:119:18)
    at Object.<anonymous> (D:\NodeJs-JitendraProject\app.js:55:44)
    at Module._compile (node:internal/modules/cjs/loader:1275:14)
[8/25/2023, 1:14:49 PM] error: uncaughtException: Unexpected token '('
D:\NodeJs-JitendraProject\routes\dashboardRoute.js:5
    await dashboardController.(req, res);
                              ^

SyntaxError: Unexpected token '('
    at internalCompileFunction (node:internal/vm:73:18)
    at wrapSafe (node:internal/modules/cjs/loader:1195:20)
    at Module._compile (node:internal/modules/cjs/loader:1239:27)
    at Module._extensions..js (node:internal/modules/cjs/loader:1329:10)
    at Module.load (node:internal/modules/cjs/loader:1133:32)
    at Module._load (node:internal/modules/cjs/loader:972:12)
    at Module.require (node:internal/modules/cjs/loader:1157:19)
    at require (node:internal/modules/helpers:119:18)
    at Object.<anonymous> (D:\NodeJs-JitendraProject\app.js:55:44)
    at Module._compile (node:internal/modules/cjs/loader:1275:14)
[8/25/2023, 1:14:55 PM] info: Connection to DB established successfully.
[8/25/2023, 1:14:55 PM] error: uncaughtException: dashboardController.getDashboard is not a function
TypeError: dashboardController.getDashboard is not a function
    at D:\NodeJs-JitendraProject\routes\dashboardRoute.js:5:31
    at Layer.handle [as handle_request] (D:\NodeJs-JitendraProject\node_modules\express\lib\router\layer.js:95:5)
    at next (D:\NodeJs-JitendraProject\node_modules\express\lib\router\route.js:144:13)
    at Route.dispatch (D:\NodeJs-JitendraProject\node_modules\express\lib\router\route.js:114:3)
    at Layer.handle [as handle_request] (D:\NodeJs-JitendraProject\node_modules\express\lib\router\layer.js:95:5)
    at D:\NodeJs-JitendraProject\node_modules\express\lib\router\index.js:284:15
    at Function.process_params (D:\NodeJs-JitendraProject\node_modules\express\lib\router\index.js:346:12)
    at next (D:\NodeJs-JitendraProject\node_modules\express\lib\router\index.js:280:10)
    at Function.handle (D:\NodeJs-JitendraProject\node_modules\express\lib\router\index.js:175:3)
    at router (D:\NodeJs-JitendraProject\node_modules\express\lib\router\index.js:47:12)
[8/25/2023, 1:15:16 PM] info: Connection to DB established successfully.
[8/25/2023, 1:15:17 PM] error: uncaughtException: dashboardController.getDashboard is not a function
TypeError: dashboardController.getDashboard is not a function
    at D:\NodeJs-JitendraProject\routes\dashboardRoute.js:5:31
    at Layer.handle [as handle_request] (D:\NodeJs-JitendraProject\node_modules\express\lib\router\layer.js:95:5)
    at next (D:\NodeJs-JitendraProject\node_modules\express\lib\router\route.js:144:13)
    at Route.dispatch (D:\NodeJs-JitendraProject\node_modules\express\lib\router\route.js:114:3)
    at Layer.handle [as handle_request] (D:\NodeJs-JitendraProject\node_modules\express\lib\router\layer.js:95:5)
    at D:\NodeJs-JitendraProject\node_modules\express\lib\router\index.js:284:15
    at Function.process_params (D:\NodeJs-JitendraProject\node_modules\express\lib\router\index.js:346:12)
    at next (D:\NodeJs-JitendraProject\node_modules\express\lib\router\index.js:280:10)
    at Function.handle (D:\NodeJs-JitendraProject\node_modules\express\lib\router\index.js:175:3)
    at router (D:\NodeJs-JitendraProject\node_modules\express\lib\router\index.js:47:12)
[8/25/2023, 1:15:23 PM] info: Connection to DB established successfully.
[8/25/2023, 1:15:23 PM] error: uncaughtException: dashboardController.getDashboard is not a function
TypeError: dashboardController.getDashboard is not a function
    at D:\NodeJs-JitendraProject\routes\dashboardRoute.js:6:31
    at Layer.handle [as handle_request] (D:\NodeJs-JitendraProject\node_modules\express\lib\router\layer.js:95:5)
    at next (D:\NodeJs-JitendraProject\node_modules\express\lib\router\route.js:144:13)
    at Route.dispatch (D:\NodeJs-JitendraProject\node_modules\express\lib\router\route.js:114:3)
    at Layer.handle [as handle_request] (D:\NodeJs-JitendraProject\node_modules\express\lib\router\layer.js:95:5)
    at D:\NodeJs-JitendraProject\node_modules\express\lib\router\index.js:284:15
    at Function.process_params (D:\NodeJs-JitendraProject\node_modules\express\lib\router\index.js:346:12)
    at next (D:\NodeJs-JitendraProject\node_modules\express\lib\router\index.js:280:10)
    at Function.handle (D:\NodeJs-JitendraProject\node_modules\express\lib\router\index.js:175:3)
    at router (D:\NodeJs-JitendraProject\node_modules\express\lib\router\index.js:47:12)
[8/25/2023, 1:59:05 PM] info: Connection to DB established successfully.
[8/25/2023, 1:59:12 PM] info: Connection to DB established successfully.
[8/25/2023, 2:06:09 PM] info: Connection to DB established successfully.
[8/25/2023, 2:06:19 PM] info: Connection to DB established successfully.
[8/25/2023, 2:07:19 PM] info: Connection to DB established successfully.
[8/25/2023, 2:07:20 PM] info: MySQL-DB connection closed.
